#
# There is insufficient memory for the Java Runtime Environment to continue.
# Native memory allocation (malloc) failed to allocate 2408736 bytes for Chunk::new
# Possible reasons:
#   The system is out of physical RAM or swap space
#   The process is running with CompressedOops enabled, and the Java Heap may be blocking the growth of the native heap
# Possible solutions:
#   Reduce memory load on the system
#   Increase physical memory or swap space
#   Check if swap backing store is full
#   Decrease Java heap size (-Xmx/-Xms)
#   Decrease number of Java threads
#   Decrease Java thread stack sizes (-Xss)
#   Set larger code cache with -XX:ReservedCodeCacheSize=
#   JVM is running with Unscaled Compressed Oops mode in which the Java heap is
#     placed in the first 4GB address space. The Java Heap base address is the
#     maximum limit for the native heap growth. Please use -XX:HeapBaseMinAddress
#     to set the Java Heap base and to place the Java Heap above 4GB virtual address.
# This output file may be truncated or incomplete.
#
#  Out of Memory Error (allocation.cpp:389), pid=39516, tid=0x0000000000008544
#
# JRE version: OpenJDK Runtime Environment (8.0_212-b04) (build 1.8.0_212-release-1586-b04)
# Java VM: OpenJDK 64-Bit Server VM (25.212-b04 mixed mode windows-amd64 compressed oops)
# Failed to write core dump. Minidumps are not enabled by default on client versions of Windows
#

---------------  T H R E A D  ---------------

Current thread (0x0000000015e0d000):  JavaThread "C2 CompilerThread0" daemon [_thread_in_native, id=34116, stack(0x0000000017460000,0x0000000017560000)]

Stack: [0x0000000017460000,0x0000000017560000]
[error occurred during error reporting (printing stack bounds), id 0xc0000005]

Native frames: (J=compiled Java code, j=interpreted, Vv=VM code, C=native code)


Current CompileTask:
C2: 141999 15129       4       com.android.tools.r8.ir.regalloc.LinearScanRegisterAllocator::a (3993 bytes)


---------------  P R O C E S S  ---------------

Java Threads: ( => current thread )
  0x000000001c72c000 JavaThread "Cache worker for Java compile cache (C:\Users\Cecy\StudioProjects\FinalMtenant\.gradle\5.6.4\javaCompile)" [_thread_blocked, id=25040, stack(0x0000000028b20000,0x0000000028c20000)]
  0x000000001c72a000 JavaThread "Cache worker for Java compile cache (C:\Users\Cecy\.gradle\caches\5.6.4\javaCompile)" [_thread_blocked, id=37384, stack(0x0000000028a20000,0x0000000028b20000)]
  0x000000001c72d800 JavaThread "stdout" [_thread_in_native, id=40572, stack(0x00000000245e0000,0x00000000246e0000)]
  0x000000001c72b800 JavaThread "stderr" [_thread_in_native, id=33068, stack(0x00000000244e0000,0x00000000245e0000)]
  0x000000001c72a800 JavaThread "stdout" [_thread_in_native, id=37832, stack(0x00000000243e0000,0x00000000244e0000)]
  0x000000001c72d000 JavaThread "stderr" [_thread_in_native, id=38116, stack(0x00000000242e0000,0x00000000243e0000)]
  0x000000001c72e800 JavaThread "stdout" [_thread_in_native, id=29916, stack(0x00000000241e0000,0x00000000242e0000)]
  0x000000001c723000 JavaThread "stderr" [_thread_in_native, id=1964, stack(0x00000000240e0000,0x00000000241e0000)]
  0x000000001c727800 JavaThread "stdout" [_thread_in_native, id=16324, stack(0x0000000023fe0000,0x00000000240e0000)]
  0x000000001c722800 JavaThread "stderr" [_thread_in_native, id=40388, stack(0x0000000023d70000,0x0000000023e70000)]
  0x000000001c727000 JavaThread "pool-3-thread-1" [_thread_blocked, id=26400, stack(0x0000000023ee0000,0x0000000023fe0000)]
  0x000000001c726000 JavaThread "WorkerExecutor Queue Thread 4" [_thread_blocked, id=31020, stack(0x0000000023c70000,0x0000000023d70000)]
  0x000000001c729000 JavaThread "WorkerExecutor Queue Thread 3" [_thread_blocked, id=32500, stack(0x0000000023b70000,0x0000000023c70000)]
  0x000000001c725800 JavaThread "WorkerExecutor Queue Thread 2" [_thread_blocked, id=39392, stack(0x0000000023a70000,0x0000000023b70000)]
  0x000000001c721000 JavaThread "WorkerExecutor Queue" [_thread_blocked, id=37144, stack(0x0000000000700000,0x0000000000800000)]
  0x000000001c724000 JavaThread "Cache worker for execution history cache (C:\Users\Cecy\StudioProjects\FinalMtenant\.gradle\5.6.4\executionHistory)" [_thread_blocked, id=33324, stack(0x0000000023970000,0x0000000023a70000)]
  0x0000000018360800 JavaThread "Execution worker for ':' Thread 3" [_thread_in_Java, id=39888, stack(0x0000000023670000,0x0000000023770000)]
  0x0000000017934800 JavaThread "Execution worker for ':' Thread 2" [_thread_in_Java, id=14092, stack(0x0000000023570000,0x0000000023670000)]
  0x0000000017933800 JavaThread "Execution worker for ':'" [_thread_in_Java, id=17632, stack(0x0000000023470000,0x0000000023570000)]
  0x0000000017936800 JavaThread "Cache worker for file content cache (C:\Users\Cecy\StudioProjects\FinalMtenant\.gradle\5.6.4\fileContent)" [_thread_blocked, id=30456, stack(0x0000000021eb0000,0x0000000021fb0000)]
  0x0000000017933000 JavaThread "Cache worker for file content cache (C:\Users\Cecy\.gradle\caches\5.6.4\fileContent)" [_thread_blocked, id=26504, stack(0x0000000021db0000,0x0000000021eb0000)]
  0x0000000017936000 JavaThread "Memory manager" [_thread_blocked, id=28612, stack(0x0000000021cb0000,0x0000000021db0000)]
  0x0000000017935000 JavaThread "Cache worker for Build Output Cleanup Cache (C:\Users\Cecy\StudioProjects\FinalMtenant\.gradle\buildOutputCleanup)" [_thread_blocked, id=16916, stack(0x0000000021ab0000,0x0000000021bb0000)]
  0x000000001792b800 JavaThread "Build operations Thread 4" [_thread_blocked, id=37372, stack(0x00000000219b0000,0x0000000021ab0000)]
  0x0000000017932000 JavaThread "Build operations Thread 3" [_thread_blocked, id=14540, stack(0x0000000020b80000,0x0000000020c80000)]
  0x0000000017930000 JavaThread "Build operations Thread 2" [_thread_blocked, id=6856, stack(0x0000000020480000,0x0000000020580000)]
  0x0000000017931800 JavaThread "Build operations" [_thread_blocked, id=40232, stack(0x0000000020380000,0x0000000020480000)]
  0x000000001792c000 JavaThread "Cache worker for cache directory md-rule (C:\Users\Cecy\.gradle\caches\5.6.4\md-rule)" [_thread_blocked, id=34908, stack(0x0000000020280000,0x0000000020380000)]
  0x000000001792d000 JavaThread "Cache worker for cache directory md-supplier (C:\Users\Cecy\.gradle\caches\5.6.4\md-supplier)" [_thread_blocked, id=33668, stack(0x0000000020180000,0x0000000020280000)]
  0x0000000017928800 JavaThread "Cache worker for file hash cache (C:\Users\Cecy\StudioProjects\FinalMtenant\.gradle\5.6.4\fileHashes)" [_thread_blocked, id=6784, stack(0x000000001f970000,0x000000001fa70000)]
  0x000000001792a800 JavaThread "Thread-29" [_thread_blocked, id=33180, stack(0x000000001f870000,0x000000001f970000)]
  0x000000001792a000 JavaThread "Asynchronous log dispatcher for DefaultDaemonConnection: socket connection from /127.0.0.1:51222 to /127.0.0.1:51229" [_thread_blocked, id=36760, stack(0x000000001b680000,0x000000001b780000)]
  0x000000001792e800 JavaThread "Cancel handler" [_thread_blocked, id=16804, stack(0x000000001b280000,0x000000001b380000)]
  0x0000000017929000 JavaThread "Handler for socket connection from /127.0.0.1:51222 to /127.0.0.1:51229" [_thread_in_native, id=17348, stack(0x000000001af80000,0x000000001b080000)]
  0x000000001792f000 JavaThread "Cache worker for execution history cache (C:\Users\Cecy\.gradle\caches\5.6.4\executionHistory)" [_thread_blocked, id=31668, stack(0x000000001fe80000,0x000000001ff80000)]
  0x0000000018365800 JavaThread "Cache worker for journal cache (C:\Users\Cecy\.gradle\caches\journal-1)" [_thread_blocked, id=30256, stack(0x000000001bb80000,0x000000001bc80000)]
  0x0000000018363800 JavaThread "File lock request listener" [_thread_in_native, id=20552, stack(0x000000001ba80000,0x000000001bb80000)]
  0x0000000018362800 JavaThread "Cache worker for file hash cache (C:\Users\Cecy\.gradle\caches\5.6.4\fileHashes)" [_thread_blocked, id=35980, stack(0x000000001b780000,0x000000001b880000)]
  0x0000000018f95800 JavaThread "Daemon worker" [_thread_in_Java, id=27540, stack(0x000000001b380000,0x000000001b480000)]
  0x00000000185c3000 JavaThread "Daemon" [_thread_blocked, id=15952, stack(0x000000001ae80000,0x000000001af80000)]
  0x000000001859a000 JavaThread "Daemon periodic checks" [_thread_blocked, id=30652, stack(0x000000001ad80000,0x000000001ae80000)]
  0x0000000018598800 JavaThread "Incoming local TCP Connector on port 51222" [_thread_in_native, id=40280, stack(0x000000001ab40000,0x000000001ac40000)]
  0x00000000196a7000 JavaThread "Daemon health stats" [_thread_blocked, id=33824, stack(0x000000001a500000,0x000000001a600000)]
  0x0000000015e6e000 JavaThread "Service Thread" daemon [_thread_blocked, id=31348, stack(0x0000000017b60000,0x0000000017c60000)]
  0x0000000015e1b800 JavaThread "C1 CompilerThread2" daemon [_thread_blocked, id=10280, stack(0x0000000017660000,0x0000000017760000)]
  0x0000000015e15000 JavaThread "C2 CompilerThread1" daemon [_thread_in_native, id=3808, stack(0x0000000017560000,0x0000000017660000)]
=>0x0000000015e0d000 JavaThread "C2 CompilerThread0" daemon [_thread_in_native, id=34116, stack(0x0000000017460000,0x0000000017560000)]
  0x0000000015e0b800 JavaThread "Attach Listener" daemon [_thread_blocked, id=27068, stack(0x0000000017360000,0x0000000017460000)]
  0x0000000015e0a000 JavaThread "Signal Dispatcher" daemon [_thread_blocked, id=21476, stack(0x0000000017260000,0x0000000017360000)]
  0x0000000002496000 JavaThread "Finalizer" daemon [_thread_blocked, id=7036, stack(0x0000000017060000,0x0000000017160000)]
  0x0000000015df9000 JavaThread "Reference Handler" daemon [_thread_blocked, id=22664, stack(0x0000000016f60000,0x0000000017060000)]
  0x00000000022de800 JavaThread "main" [_thread_blocked, id=8392, stack(0x00000000021a0000,0x00000000022a0000)]

Other Threads:
  0x0000000015dd6000 VMThread [stack: 0x0000000016e60000,0x0000000016f60000] [id=22764]
  0x000000001778b000 WatcherThread [stack: 0x0000000017c60000,0x0000000017d60000] [id=36508]

VM state:not at safepoint (normal execution)

VM Mutex/Monitor currently owned by a thread: None

heap address: 0x00000000a0000000, size: 1536 MB, Compressed Oops mode: 32-bit
Narrow klass base: 0x0000000000000000, Narrow klass shift: 3
Compressed class space size: 1073741824 Address: 0x0000000100000000

Heap:
 PSYoungGen      total 351744K, used 175795K [0x00000000e0000000, 0x00000000f7f00000, 0x0000000100000000)
  eden space 309760K, 46% used [0x00000000e0000000,0x00000000e8b4d838,0x00000000f2e80000)
  from space 41984K, 78% used [0x00000000f5600000,0x00000000f765f618,0x00000000f7f00000)
  to   space 40448K, 0% used [0x00000000f2e80000,0x00000000f2e80000,0x00000000f5600000)
 ParOldGen       total 153600K, used 113631K [0x00000000a0000000, 0x00000000a9600000, 0x00000000e0000000)
  object space 153600K, 73% used [0x00000000a0000000,0x00000000a6ef7fd0,0x00000000a9600000)
 Metaspace       used 86545K, capacity 90254K, committed 90368K, reserved 1128448K
  class space    used 11238K, capacity 11967K, committed 12032K, reserved 1048576K

Card table byte_map: [0x0000000011860000,0x0000000011b70000] byte_map_base: 0x0000000011360000

Marking Bits: (ParMarkBitMap*) 0x0000000077f79f30
 Begin Bits: [0x0000000012170000, 0x0000000013970000)
 End Bits:   [0x0000000013970000, 0x0000000015170000)

Polling page: 0x00000000005f0000

CodeCache: size=245760Kb used=49249Kb max_used=49260Kb free=196510Kb
 bounds [0x00000000024a0000, 0x0000000005500000, 0x00000000114a0000]
 total_blobs=14841 nmethods=13979 adapters=772
 compilation: enabled

Compilation events (10 events):
Event: 140.880 Thread 0x0000000015e1b800 16869       2       com.android.tools.r8.u.b.i::a (4 bytes)
Event: 140.880 Thread 0x0000000015e1b800 nmethod 16869 0x0000000004956590 code [0x00000000049566e0, 0x0000000004956830]
Event: 140.880 Thread 0x0000000015e1b800 16870       2       com.android.tools.r8.u.b.u::a (8 bytes)
Event: 140.881 Thread 0x0000000015e1b800 nmethod 16870 0x0000000004956110 code [0x0000000004956280, 0x0000000004956438]
Event: 140.932 Thread 0x0000000015e1b800 16872 %     3       com.android.tools.r8.ir.regalloc.LinearScanRegisterAllocator::a @ 281 (930 bytes)
Event: 140.948 Thread 0x0000000015e1b800 nmethod 16872% 0x00000000054d3650 code [0x00000000054d4160, 0x00000000054dcd18]
Event: 140.948 Thread 0x0000000015e1b800 16873 %     3       com.android.tools.r8.ir.regalloc.a::b @ 8 (44 bytes)
Event: 140.949 Thread 0x0000000015e1b800 nmethod 16873% 0x0000000004a70050 code [0x0000000004a70220, 0x0000000004a70938]
Event: 140.980 Thread 0x0000000015e1b800 16874       2       com.android.tools.r8.graph.V$$Lambda$639/1445011698::apply (15 bytes)
Event: 140.982 Thread 0x0000000015e1b800 nmethod 16874 0x0000000004a6fc50 code [0x0000000004a6fda0, 0x0000000004a6ff70]

GC Heap History (10 events):
Event: 116.653 GC heap before
{Heap before GC invocations=23 (full 3):
 PSYoungGen      total 266240K, used 227552K [0x00000000e0000000, 0x00000000f5880000, 0x0000000100000000)
  eden space 219648K, 100% used [0x00000000e0000000,0x00000000ed680000,0x00000000ed680000)
  from space 46592K, 16% used [0x00000000ed680000,0x00000000ede38010,0x00000000f0400000)
  to   space 45056K, 0% used [0x00000000f2c80000,0x00000000f2c80000,0x00000000f5880000)
 ParOldGen       total 153600K, used 111632K [0x00000000a0000000, 0x00000000a9600000, 0x00000000e0000000)
  object space 153600K, 72% used [0x00000000a0000000,0x00000000a6d041e8,0x00000000a9600000)
 Metaspace       used 84680K, capacity 88006K, committed 88320K, reserved 1126400K
  class space    used 11027K, capacity 11703K, committed 11776K, reserved 1048576K
Event: 116.682 GC heap after
Heap after GC invocations=23 (full 3):
 PSYoungGen      total 302592K, used 3189K [0x00000000e0000000, 0x00000000f5580000, 0x0000000100000000)
  eden space 260608K, 0% used [0x00000000e0000000,0x00000000e0000000,0x00000000efe80000)
  from space 41984K, 7% used [0x00000000f2c80000,0x00000000f2f9d6b8,0x00000000f5580000)
  to   space 44544K, 0% used [0x00000000efe80000,0x00000000efe80000,0x00000000f2a00000)
 ParOldGen       total 153600K, used 112965K [0x00000000a0000000, 0x00000000a9600000, 0x00000000e0000000)
  object space 153600K, 73% used [0x00000000a0000000,0x00000000a6e51508,0x00000000a9600000)
 Metaspace       used 84680K, capacity 88006K, committed 88320K, reserved 1126400K
  class space    used 11027K, capacity 11703K, committed 11776K, reserved 1048576K
}
Event: 119.430 GC heap before
{Heap before GC invocations=24 (full 3):
 PSYoungGen      total 302592K, used 263797K [0x00000000e0000000, 0x00000000f5580000, 0x0000000100000000)
  eden space 260608K, 100% used [0x00000000e0000000,0x00000000efe80000,0x00000000efe80000)
  from space 41984K, 7% used [0x00000000f2c80000,0x00000000f2f9d6b8,0x00000000f5580000)
  to   space 44544K, 0% used [0x00000000efe80000,0x00000000efe80000,0x00000000f2a00000)
 ParOldGen       total 153600K, used 112965K [0x00000000a0000000, 0x00000000a9600000, 0x00000000e0000000)
  object space 153600K, 73% used [0x00000000a0000000,0x00000000a6e51508,0x00000000a9600000)
 Metaspace       used 84756K, capacity 88078K, committed 88320K, reserved 1126400K
  class space    used 11028K, capacity 11705K, committed 11776K, reserved 1048576K
Event: 119.471 GC heap after
Heap after GC invocations=24 (full 3):
 PSYoungGen      total 305152K, used 9593K [0x00000000e0000000, 0x00000000f7f80000, 0x0000000100000000)
  eden space 260608K, 0% used [0x00000000e0000000,0x00000000e0000000,0x00000000efe80000)
  from space 44544K, 21% used [0x00000000efe80000,0x00000000f07de4d0,0x00000000f2a00000)
  to   space 42496K, 0% used [0x00000000f5600000,0x00000000f5600000,0x00000000f7f80000)
 ParOldGen       total 153600K, used 112965K [0x00000000a0000000, 0x00000000a9600000, 0x00000000e0000000)
  object space 153600K, 73% used [0x00000000a0000000,0x00000000a6e51508,0x00000000a9600000)
 Metaspace       used 84756K, capacity 88078K, committed 88320K, reserved 1126400K
  class space    used 11028K, capacity 11705K, committed 11776K, reserved 1048576K
}
Event: 122.638 GC heap before
{Heap before GC invocations=25 (full 3):
 PSYoungGen      total 305152K, used 270201K [0x00000000e0000000, 0x00000000f7f80000, 0x0000000100000000)
  eden space 260608K, 100% used [0x00000000e0000000,0x00000000efe80000,0x00000000efe80000)
  from space 44544K, 21% used [0x00000000efe80000,0x00000000f07de4d0,0x00000000f2a00000)
  to   space 42496K, 0% used [0x00000000f5600000,0x00000000f5600000,0x00000000f7f80000)
 ParOldGen       total 153600K, used 112965K [0x00000000a0000000, 0x00000000a9600000, 0x00000000e0000000)
  object space 153600K, 73% used [0x00000000a0000000,0x00000000a6e51508,0x00000000a9600000)
 Metaspace       used 85631K, capacity 89094K, committed 89216K, reserved 1126400K
  class space    used 11143K, capacity 11839K, committed 11904K, reserved 1048576K
Event: 122.727 GC heap after
Heap after GC invocations=25 (full 3):
 PSYoungGen      total 351744K, used 11620K [0x00000000e0000000, 0x00000000f7f00000, 0x0000000100000000)
  eden space 309760K, 0% used [0x00000000e0000000,0x00000000e0000000,0x00000000f2e80000)
  from space 41984K, 27% used [0x00000000f5600000,0x00000000f6159118,0x00000000f7f00000)
  to   space 40448K, 0% used [0x00000000f2e80000,0x00000000f2e80000,0x00000000f5600000)
 ParOldGen       total 153600K, used 112973K [0x00000000a0000000, 0x00000000a9600000, 0x00000000e0000000)
  object space 153600K, 73% used [0x00000000a0000000,0x00000000a6e53508,0x00000000a9600000)
 Metaspace       used 85631K, capacity 89094K, committed 89216K, reserved 1126400K
  class space    used 11143K, capacity 11839K, committed 11904K, reserved 1048576K
}
Event: 131.616 GC heap before
{Heap before GC invocations=26 (full 3):
 PSYoungGen      total 351744K, used 321380K [0x00000000e0000000, 0x00000000f7f00000, 0x0000000100000000)
  eden space 309760K, 100% used [0x00000000e0000000,0x00000000f2e80000,0x00000000f2e80000)
  from space 41984K, 27% used [0x00000000f5600000,0x00000000f6159118,0x00000000f7f00000)
  to   space 40448K, 0% used [0x00000000f2e80000,0x00000000f2e80000,0x00000000f5600000)
 ParOldGen       total 153600K, used 112973K [0x00000000a0000000, 0x00000000a9600000, 0x00000000e0000000)
  object space 153600K, 73% used [0x00000000a0000000,0x00000000a6e53508,0x00000000a9600000)
 Metaspace       used 86385K, capacity 90012K, committed 90112K, reserved 1128448K
  class space    used 11230K, capacity 11964K, committed 12032K, reserved 1048576K
Event: 131.745 GC heap after
Heap after GC invocations=26 (full 3):
 PSYoungGen      total 350208K, used 9397K [0x00000000e0000000, 0x00000000f7f00000, 0x0000000100000000)
  eden space 309760K, 0% used [0x00000000e0000000,0x00000000e0000000,0x00000000f2e80000)
  from space 40448K, 23% used [0x00000000f2e80000,0x00000000f37ad4d8,0x00000000f5600000)
  to   space 41984K, 0% used [0x00000000f5600000,0x00000000f5600000,0x00000000f7f00000)
 ParOldGen       total 153600K, used 113623K [0x00000000a0000000, 0x00000000a9600000, 0x00000000e0000000)
  object space 153600K, 73% used [0x00000000a0000000,0x00000000a6ef5fd0,0x00000000a9600000)
 Metaspace       used 86385K, capacity 90012K, committed 90112K, reserved 1128448K
  class space    used 11230K, capacity 11964K, committed 12032K, reserved 1048576K
}
Event: 138.845 GC heap before
{Heap before GC invocations=27 (full 3):
 PSYoungGen      total 350208K, used 319157K [0x00000000e0000000, 0x00000000f7f00000, 0x0000000100000000)
  eden space 309760K, 100% used [0x00000000e0000000,0x00000000f2e80000,0x00000000f2e80000)
  from space 40448K, 23% used [0x00000000f2e80000,0x00000000f37ad4d8,0x00000000f5600000)
  to   space 41984K, 0% used [0x00000000f5600000,0x00000000f5600000,0x00000000f7f00000)
 ParOldGen       total 153600K, used 113623K [0x00000000a0000000, 0x00000000a9600000, 0x00000000e0000000)
  object space 153600K, 73% used [0x00000000a0000000,0x00000000a6ef5fd0,0x00000000a9600000)
 Metaspace       used 86497K, capacity 90186K, committed 90368K, reserved 1128448K
  class space    used 11232K, capacity 11967K, committed 12032K, reserved 1048576K
Event: 138.980 GC heap after
Heap after GC invocations=27 (full 3):
 PSYoungGen      total 351744K, used 33149K [0x00000000e0000000, 0x00000000f7f00000, 0x0000000100000000)
  eden space 309760K, 0% used [0x00000000e0000000,0x00000000e0000000,0x00000000f2e80000)
  from space 41984K, 78% used [0x00000000f5600000,0x00000000f765f618,0x00000000f7f00000)
  to   space 40448K, 0% used [0x00000000f2e80000,0x00000000f2e80000,0x00000000f5600000)
 ParOldGen       total 153600K, used 113631K [0x00000000a0000000, 0x00000000a9600000, 0x00000000e0000000)
  object space 153600K, 73% used [0x00000000a0000000,0x00000000a6ef7fd0,0x00000000a9600000)
 Metaspace       used 86497K, capacity 90186K, committed 90368K, reserved 1128448K
  class space    used 11232K, capacity 11967K, committed 12032K, reserved 1048576K
}

Deoptimization events (10 events):
Event: 137.993 Thread 0x0000000018f95800 Uncommon trap: reason=unloaded action=reinterpret pc=0x0000000005436354 method=com.android.tools.r8.ir.optimize.Z.a(Lcom/android/tools/r8/u/b/T;Lcom/android/tools/r8/ir/regalloc/d;I)V @ 777
Event: 138.327 Thread 0x0000000017933800 Uncommon trap: reason=unstable_if action=reinterpret pc=0x0000000004fd4c18 method=com.android.tools.r8.u.b.d0.a(Lcom/android/tools/r8/u/b/d0;Lcom/android/tools/r8/ir/regalloc/d;)Z @ 321
Event: 138.827 Thread 0x0000000017933800 Uncommon trap: reason=class_check action=maybe_recompile pc=0x0000000003735cb8 method=com.android.tools.r8.v.a.a.a.f.Z.equals(Ljava/lang/Object;)Z @ 1
Event: 139.020 Thread 0x0000000018f95800 Uncommon trap: reason=unstable_if action=reinterpret pc=0x0000000004e22e18 method=com.android.tools.r8.u.b.g1.s()Lcom/android/tools/r8/u/b/g1; @ 6
Event: 139.220 Thread 0x0000000017934800 Uncommon trap: reason=unstable_if action=reinterpret pc=0x0000000004fbb23c method=com.android.tools.r8.u.b.d0.y0()Ljava/util/Set; @ 6
Event: 139.305 Thread 0x0000000017934800 Uncommon trap: reason=class_check action=maybe_recompile pc=0x0000000003735cb8 method=com.android.tools.r8.v.a.a.a.f.Z.equals(Ljava/lang/Object;)Z @ 1
Event: 139.305 Thread 0x0000000017934800 Uncommon trap: reason=class_check action=maybe_recompile pc=0x0000000003735cb8 method=com.android.tools.r8.v.a.a.a.f.Z.equals(Ljava/lang/Object;)Z @ 1
Event: 139.306 Thread 0x0000000017934800 Uncommon trap: reason=class_check action=maybe_recompile pc=0x0000000003735cb8 method=com.android.tools.r8.v.a.a.a.f.Z.equals(Ljava/lang/Object;)Z @ 1
Event: 140.163 Thread 0x0000000018f95800 Uncommon trap: reason=unstable_if action=reinterpret pc=0x00000000050479d8 method=com.android.tools.r8.ir.optimize.c.a(Lcom/android/tools/r8/u/b/l;Lcom/android/tools/r8/u/b/l;)Z @ 104
Event: 140.164 Thread 0x0000000018f95800 Uncommon trap: reason=unstable_if action=reinterpret pc=0x000000000502fa50 method=com.android.tools.r8.ir.optimize.c.a(Lcom/android/tools/r8/u/b/l;Lcom/android/tools/r8/u/b/l;)Z @ 104

Classes redefined (0 events):
No events

Internal exceptions (10 events):
Event: 134.213 Thread 0x0000000017933800 Implicit null exception at 0x00000000045f341d to 0x00000000045f3501
Event: 134.274 Thread 0x0000000018360800 Exception <a 'sun/nio/fs/WindowsException'> (0x00000000e5e3ad90) thrown at [D:\src\AOSP-openjdk-cygwin\jdk8u\hotspot\src\share\vm\prims\jni.cpp, line 710]
Event: 134.342 Thread 0x0000000018f95800 Exception <a 'sun/nio/fs/WindowsException'> (0x00000000e50a8f80) thrown at [D:\src\AOSP-openjdk-cygwin\jdk8u\hotspot\src\share\vm\prims\jni.cpp, line 710]
Event: 134.581 Thread 0x0000000017934800 Exception <a 'sun/nio/fs/WindowsException'> (0x00000000e3363b90) thrown at [D:\src\AOSP-openjdk-cygwin\jdk8u\hotspot\src\share\vm\prims\jni.cpp, line 710]
Event: 135.762 Thread 0x0000000017934800 Exception <a 'sun/nio/fs/WindowsException'> (0x00000000e714aea8) thrown at [D:\src\AOSP-openjdk-cygwin\jdk8u\hotspot\src\share\vm\prims\jni.cpp, line 710]
Event: 136.146 Thread 0x0000000017933800 Exception <a 'sun/nio/fs/WindowsException'> (0x00000000e812d7f8) thrown at [D:\src\AOSP-openjdk-cygwin\jdk8u\hotspot\src\share\vm\prims\jni.cpp, line 710]
Event: 136.538 Thread 0x0000000018360800 Exception <a 'sun/nio/fs/WindowsException'> (0x00000000e9c2bfc0) thrown at [D:\src\AOSP-openjdk-cygwin\jdk8u\hotspot\src\share\vm\prims\jni.cpp, line 710]
Event: 136.696 Thread 0x0000000018f95800 Exception <a 'sun/nio/fs/WindowsException'> (0x00000000e94e5230) thrown at [D:\src\AOSP-openjdk-cygwin\jdk8u\hotspot\src\share\vm\prims\jni.cpp, line 710]
Event: 137.045 Thread 0x0000000017934800 Exception <a 'sun/nio/fs/WindowsException'> (0x00000000e7169d20) thrown at [D:\src\AOSP-openjdk-cygwin\jdk8u\hotspot\src\share\vm\prims\jni.cpp, line 710]
Event: 138.640 Thread 0x0000000017934800 Exception <a 'sun/nio/fs/WindowsException'> (0x00000000f2540c80) thrown at [D:\src\AOSP-openjdk-cygwin\jdk8u\hotspot\src\share\vm\prims\jni.cpp, line 710]

Events (10 events):
Event: 140.164 Thread 0x0000000018f95800 DEOPT UNPACKING pc=0x00000000024e557b sp=0x000000001b477aa8 mode 2
Event: 140.164 Thread 0x0000000018f95800 Uncommon trap: trap_request=0xffffff65 fr.pc=0x000000000502fa50
Event: 140.164 Thread 0x0000000018f95800 DEOPT PACKING pc=0x000000000502fa50 sp=0x000000001b477b10
Event: 140.164 Thread 0x0000000018f95800 DEOPT UNPACKING pc=0x00000000024e557b sp=0x000000001b477b78 mode 2
Event: 140.359 Thread 0x0000000017933800 DEOPT PACKING pc=0x000000000541d2b1 sp=0x000000002356a730
Event: 140.359 Thread 0x0000000017933800 DEOPT UNPACKING pc=0x00000000024e75d0 sp=0x000000002356a578 mode 0
Event: 140.924 Thread 0x0000000017934800 DEOPT PACKING pc=0x00000000048d4356 sp=0x000000002366a3c0
Event: 140.924 Thread 0x0000000017934800 DEOPT UNPACKING pc=0x00000000024e75d0 sp=0x000000002366a2a8 mode 0
Event: 140.994 Thread 0x0000000017933800 DEOPT PACKING pc=0x000000000541d270 sp=0x000000002356a730
Event: 140.994 Thread 0x0000000017933800 DEOPT UNPACKING pc=0x00000000024e75d0 sp=0x000000002356a578 mode 0


Dynamic libraries:
0x00007ff605d60000 - 0x00007ff605d91000 	C:\Program Files\Android\Android Studio\jre\bin\java.exe
0x00007ffe02140000 - 0x00007ffe02330000 	C:\WINDOWS\SYSTEM32\ntdll.dll
0x00007ffe00620000 - 0x00007ffe006d2000 	C:\WINDOWS\System32\KERNEL32.DLL
0x00007ffdfff40000 - 0x00007ffe001e4000 	C:\WINDOWS\System32\KERNELBASE.dll
0x00007ffe014b0000 - 0x00007ffe01553000 	C:\WINDOWS\System32\ADVAPI32.dll
0x00007ffe002c0000 - 0x00007ffe0035e000 	C:\WINDOWS\System32\msvcrt.dll
0x00007ffe00890000 - 0x00007ffe00927000 	C:\WINDOWS\System32\sechost.dll
0x00007ffe00930000 - 0x00007ffe00a50000 	C:\WINDOWS\System32\RPCRT4.dll
0x00007ffe00cf0000 - 0x00007ffe00e84000 	C:\WINDOWS\System32\USER32.dll
0x00007ffdff0c0000 - 0x00007ffdff0e1000 	C:\WINDOWS\System32\win32u.dll
0x00007ffe00ab0000 - 0x00007ffe00ad6000 	C:\WINDOWS\System32\GDI32.dll
0x00007ffdffc00000 - 0x00007ffdffd96000 	C:\WINDOWS\System32\gdi32full.dll
0x00007ffdffda0000 - 0x00007ffdffe3e000 	C:\WINDOWS\System32\msvcp_win.dll
0x00007ffdff260000 - 0x00007ffdff35a000 	C:\WINDOWS\System32\ucrtbase.dll
0x00007ffde7ed0000 - 0x00007ffde8154000 	C:\WINDOWS\WinSxS\amd64_microsoft.windows.common-controls_6595b64144ccf1df_6.0.18362.959_none_e6c7bbbf130c62bb\COMCTL32.dll
0x00007ffe01d50000 - 0x00007ffe02085000 	C:\WINDOWS\System32\combase.dll
0x00007ffdffb20000 - 0x00007ffdffba0000 	C:\WINDOWS\System32\bcryptPrimitives.dll
0x00007ffe00b60000 - 0x00007ffe00b8e000 	C:\WINDOWS\System32\IMM32.DLL
0x00000000776d0000 - 0x00000000777a2000 	C:\Program Files\Android\Android Studio\jre\jre\bin\msvcr100.dll
0x00000000777b0000 - 0x0000000077ff6000 	C:\Program Files\Android\Android Studio\jre\jre\bin\server\jvm.dll
0x00007ffe01d40000 - 0x00007ffe01d48000 	C:\WINDOWS\System32\PSAPI.DLL
0x00007ffdfb310000 - 0x00007ffdfb319000 	C:\WINDOWS\SYSTEM32\WSOCK32.dll
0x00007ffe00e90000 - 0x00007ffe00eff000 	C:\WINDOWS\System32\WS2_32.dll
0x00007ffdfb8b0000 - 0x00007ffdfb8d4000 	C:\WINDOWS\SYSTEM32\WINMM.dll
0x00007ffdecd10000 - 0x00007ffdecd1a000 	C:\WINDOWS\SYSTEM32\VERSION.dll
0x00007ffdfb750000 - 0x00007ffdfb77d000 	C:\WINDOWS\SYSTEM32\WINMMBASE.dll
0x00007ffdffef0000 - 0x00007ffdfff3a000 	C:\WINDOWS\System32\cfgmgr32.dll
0x00007ffdfa720000 - 0x00007ffdfa72f000 	C:\Program Files\Android\Android Studio\jre\jre\bin\verify.dll
0x00007ffdea680000 - 0x00007ffdea6a9000 	C:\Program Files\Android\Android Studio\jre\jre\bin\java.dll
0x00007ffdf6350000 - 0x00007ffdf6366000 	C:\Program Files\Android\Android Studio\jre\jre\bin\zip.dll
0x00007ffe01650000 - 0x00007ffe01d36000 	C:\WINDOWS\System32\SHELL32.dll
0x00007ffe00570000 - 0x00007ffe00619000 	C:\WINDOWS\System32\shcore.dll
0x00007ffdff360000 - 0x00007ffdffae2000 	C:\WINDOWS\System32\windows.storage.dll
0x00007ffdff000000 - 0x00007ffdff023000 	C:\WINDOWS\System32\profapi.dll
0x00007ffdff030000 - 0x00007ffdff07a000 	C:\WINDOWS\System32\powrprof.dll
0x00007ffdfeff0000 - 0x00007ffdff000000 	C:\WINDOWS\System32\UMPDC.dll
0x00007ffe015e0000 - 0x00007ffe01632000 	C:\WINDOWS\System32\shlwapi.dll
0x00007ffdff0a0000 - 0x00007ffdff0b1000 	C:\WINDOWS\System32\kernel.appcore.dll
0x00007ffdff240000 - 0x00007ffdff257000 	C:\WINDOWS\System32\cryptsp.dll
0x00007ffdf6320000 - 0x00007ffdf633a000 	C:\Program Files\Android\Android Studio\jre\jre\bin\net.dll
0x00007ffdf77b0000 - 0x00007ffdf7986000 	C:\WINDOWS\SYSTEM32\urlmon.dll
0x00007ffdf4510000 - 0x00007ffdf47b6000 	C:\WINDOWS\SYSTEM32\iertutil.dll
0x00007ffdfe9d0000 - 0x00007ffdfe9dc000 	C:\WINDOWS\SYSTEM32\CRYPTBASE.DLL
0x00007ffdfe800000 - 0x00007ffdfe867000 	C:\WINDOWS\system32\mswsock.dll
0x00007ffded8d0000 - 0x00007ffded8e3000 	C:\Program Files\Android\Android Studio\jre\jre\bin\nio.dll
0x00007ffde4a50000 - 0x00007ffde4a76000 	C:\Users\Cecy\.gradle\native\30\windows-amd64\native-platform.dll
0x00007ffdf92a0000 - 0x00007ffdf92ad000 	C:\Program Files\Android\Android Studio\jre\jre\bin\management.dll
0x00007ffdfe370000 - 0x00007ffdfe3a3000 	C:\WINDOWS\system32\rsaenh.dll
0x00007ffdffaf0000 - 0x00007ffdffb16000 	C:\WINDOWS\System32\bcrypt.dll
0x00007ffdfef10000 - 0x00007ffdfef35000 	C:\WINDOWS\SYSTEM32\USERENV.dll
0x00007ffdfe510000 - 0x00007ffdfe54a000 	C:\WINDOWS\SYSTEM32\IPHLPAPI.DLL
0x00007ffe01640000 - 0x00007ffe01648000 	C:\WINDOWS\System32\NSI.dll
0x00007ffdf7770000 - 0x00007ffdf7786000 	C:\WINDOWS\SYSTEM32\dhcpcsvc6.DLL
0x00007ffdf81e0000 - 0x00007ffdf81fc000 	C:\WINDOWS\SYSTEM32\dhcpcsvc.DLL
0x00007ffdfe5b0000 - 0x00007ffdfe67b000 	C:\WINDOWS\SYSTEM32\DNSAPI.dll

VM Arguments:
jvm_args: -Xmx1536m -Dfile.encoding=windows-1252 -Duser.country=US -Duser.language=en -Duser.variant 
java_command: org.gradle.launcher.daemon.bootstrap.GradleDaemon 5.6.4
java_class_path (initial): C:\Users\Cecy\.gradle\wrapper\dists\gradle-5.6.4-all\ankdp27end7byghfw1q2sw75f\gradle-5.6.4\lib\gradle-launcher-5.6.4.jar
Launcher Type: SUN_STANDARD

Environment Variables:
PATH=C:\Program Files (x86)\Common Files\Oracle\Java\javapath;C:\Program Files (x86)\Intel\Intel(R) Management Engine Components\iCLS\;C:\Program Files\Intel\Intel(R) Management Engine Components\iCLS\;C:\WINDOWS\system32;C:\WINDOWS;C:\WINDOWS\System32\Wbem;C:\WINDOWS\System32\WindowsPowerShell\v1.0\;C:\WINDOWS\System32\OpenSSH\;C:\Program Files (x86)\Intel\Intel(R) Management Engine Components\DAL;C:\Program Files\Intel\Intel(R) Management Engine Components\DAL;C:\Program Files (x86)\Intel\Intel(R) Management Engine Components\IPT;C:\Program Files\Intel\Intel(R) Management Engine Components\IPT;C:\Program Files(x86)\Common Files\Oracle\Javax\mail.jar;C:\Program Files(x86)\Common Files\Oracle\Javax\activation.jar;C:\cygwin64\bin;C:\Program Files\Java\jdk1.8.0_192\bin;C:\Users\Cecy\AppData\Roaming\Microsoft\Windows\Start Menu\Programs;C:\Users\Cecy\AppData\Roaming\Microsoft\Windows\Start Menu\Programs\Python 3.7;C:\Users\Cecy\Downloads\python-3.7.3;C:\xampp\php;C:\composer;C:\Program Files\nodejs\;C:\Users\Cecy\AppData\Roaming\Microsoft\Windows\Start Menu\Programs\Python 3.8\Scripts\;C:\Users\Cecy\AppData\Roaming\Microsoft\Windows\Start Menu\Programs\Python 3.8;C:\Users\Cecy\AppData\Roaming\Microsoft\Windows\Start Menu\Programs\Python 3.8\Scripts\virtualenv.exe;C:\Users\Cecy\AppData\Local\Packages\PythonSoftwareFoundation.Python.3.8_qbz5n2kfra8p0\LocalCache\local-packages\Python38\Scripts;'C:\\Users\\Cecy\\AppData\\Local\\Packages\\PythonSoftwareFoundation.Python.3.8_qbz5n2kfra8p0\\LocalCache\\local-packages\\Python38\\site-packages\\twilio\\rest\\api\\v2010\\account\\sip\\domain\\auth_types\\auth_calls_mapping\\__pycache__\\auth_calls_credent;C:\Program Files\Git\cmd;C:\Ruby26-x64\bin;C:\Users\Cecy\AppData\Local\Microsoft\WindowsApps;C:\Program Files\Java\jdk1.8.0_192\bin;C:\Users\Cecy\AppData\Roaming\Composer\vendor\bin;C:\Users\Cecy\AppData\Roaming\npm;C:\Users\Cecy\AppData\Local\Programs\Microsoft VS Code\bin;C:\Program Files\heroku\bin;C:\MinGW\bin;
USERNAME=Cecy
OS=Windows_NT
PROCESSOR_IDENTIFIER=Intel64 Family 6 Model 142 Stepping 10, GenuineIntel



---------------  S Y S T E M  ---------------

OS: Windows 10.0 , 64 bit Build 18362 (10.0.18362.959)

CPU:total 4 (initial active 4) (2 cores per cpu, 2 threads per core) family 6 model 142 stepping 10, cmov, cx8, fxsr, mmx, sse, sse2, sse3, ssse3, sse4.1, sse4.2, popcnt, avx, avx2, aes, clmul, erms, 3dnowpref, lzcnt, ht, tsc, tscinvbit, bmi1, bmi2, adx

Memory: 4k page, physical 8251788k(620844k free), swap 10200460k(7408k free)

vm_info: OpenJDK 64-Bit Server VM (25.212-b04) for windows-amd64 JRE (1.8.0_212-release-1586-b04), built by "builder" with MS VC++ 10.0 (VS2010)

time: Thu Aug 13 11:09:15 2020
timezone: E. Africa Standard Time
elapsed time: 142 seconds (0d 0h 2m 22s)

