#
# There is insufficient memory for the Java Runtime Environment to continue.
# Native memory allocation (malloc) failed to allocate 1000896 bytes for Chunk::new
# Possible reasons:
#   The system is out of physical RAM or swap space
#   The process is running with CompressedOops enabled, and the Java Heap may be blocking the growth of the native heap
# Possible solutions:
#   Reduce memory load on the system
#   Increase physical memory or swap space
#   Check if swap backing store is full
#   Decrease Java heap size (-Xmx/-Xms)
#   Decrease number of Java threads
#   Decrease Java thread stack sizes (-Xss)
#   Set larger code cache with -XX:ReservedCodeCacheSize=
#   JVM is running with Unscaled Compressed Oops mode in which the Java heap is
#     placed in the first 4GB address space. The Java Heap base address is the
#     maximum limit for the native heap growth. Please use -XX:HeapBaseMinAddress
#     to set the Java Heap base and to place the Java Heap above 4GB virtual address.
# This output file may be truncated or incomplete.
#
#  Out of Memory Error (allocation.cpp:389), pid=14972, tid=0x0000000000009a48
#
# JRE version: OpenJDK Runtime Environment (8.0_212-b04) (build 1.8.0_212-release-1586-b04)
# Java VM: OpenJDK 64-Bit Server VM (25.212-b04 mixed mode windows-amd64 compressed oops)
# Failed to write core dump. Minidumps are not enabled by default on client versions of Windows
#

---------------  T H R E A D  ---------------

Current thread (0x00000000163fb000):  JavaThread "C2 CompilerThread0" daemon [_thread_in_native, id=39496, stack(0x0000000017a40000,0x0000000017b40000)]

Stack: [0x0000000017a40000,0x0000000017b40000]
[error occurred during error reporting (printing stack bounds), id 0xc0000005]

Native frames: (J=compiled Java code, j=interpreted, Vv=VM code, C=native code)


Current CompileTask:
C2:  31386 7421       4       org.objectweb.asm.signature.SignatureReader::parseType (411 bytes)


---------------  P R O C E S S  ---------------

Java Threads: ( => current thread )
  0x000000001a6e3800 JavaThread "Memory manager" [_thread_blocked, id=16572, stack(0x0000000022d70000,0x0000000022e70000)]
  0x000000001a6e8800 JavaThread "Cache worker for Build Output Cleanup Cache (C:\Users\Cecy\StudioProjects\FinalMtenant\.gradle\buildOutputCleanup)" [_thread_blocked, id=33280, stack(0x0000000022470000,0x0000000022570000)]
  0x000000001a6e5000 JavaThread "Build operations Thread 4" [_thread_blocked, id=9052, stack(0x0000000021d70000,0x0000000021e70000)]
  0x000000001a6e1000 JavaThread "Build operations Thread 3" [_thread_in_native, id=11304, stack(0x0000000021c70000,0x0000000021d70000)]
  0x000000001a6e8000 JavaThread "Build operations Thread 2" [_thread_in_native, id=37824, stack(0x0000000021b70000,0x0000000021c70000)]
  0x000000001a6e0800 JavaThread "Build operations" [_thread_in_native, id=708, stack(0x00000000215f0000,0x00000000216f0000)]
  0x000000001a6e6800 JavaThread "Cache worker for execution history cache (C:\Users\Cecy\.gradle\caches\5.6.4\executionHistory)" [_thread_blocked, id=26704, stack(0x0000000020120000,0x0000000020220000)]
  0x0000000018b9a000 JavaThread "Cache worker for cache directory md-rule (C:\Users\Cecy\.gradle\caches\5.6.4\md-rule)" [_thread_blocked, id=34084, stack(0x0000000020020000,0x0000000020120000)]
  0x0000000018b99000 JavaThread "Cache worker for cache directory md-supplier (C:\Users\Cecy\.gradle\caches\5.6.4\md-supplier)" [_thread_blocked, id=39944, stack(0x000000001ec80000,0x000000001ed80000)]
  0x0000000018b9b800 JavaThread "Cache worker for file hash cache (C:\Users\Cecy\StudioProjects\FinalMtenant\.gradle\5.6.4\fileHashes)" [_thread_blocked, id=38888, stack(0x000000001e300000,0x000000001e400000)]
  0x0000000018b9d000 JavaThread "Cache worker for journal cache (C:\Users\Cecy\.gradle\caches\journal-1)" [_thread_blocked, id=40796, stack(0x000000001c160000,0x000000001c260000)]
  0x0000000018b9e800 JavaThread "File lock request listener" [_thread_in_native, id=10868, stack(0x000000001c060000,0x000000001c160000)]
  0x0000000018b9c000 JavaThread "Cache worker for file hash cache (C:\Users\Cecy\.gradle\caches\5.6.4\fileHashes)" [_thread_blocked, id=35952, stack(0x000000001bf60000,0x000000001c060000)]
  0x0000000019e61800 JavaThread "Thread-9" [_thread_blocked, id=9536, stack(0x000000001bc60000,0x000000001bd60000)]
  0x0000000019e63800 JavaThread "Stdin handler" [_thread_blocked, id=24632, stack(0x000000001bb60000,0x000000001bc60000)]
  0x0000000019e63000 JavaThread "Asynchronous log dispatcher for DefaultDaemonConnection: socket connection from /127.0.0.1:50962 to /127.0.0.1:50963" [_thread_blocked, id=39084, stack(0x000000001ba60000,0x000000001bb60000)]
  0x0000000019db8800 JavaThread "Daemon worker" [_thread_in_native, id=10772, stack(0x000000001b960000,0x000000001ba60000)]
  0x0000000019db6800 JavaThread "Cancel handler" [_thread_blocked, id=32284, stack(0x000000001b860000,0x000000001b960000)]
  0x0000000019b0e000 JavaThread "Handler for socket connection from /127.0.0.1:50962 to /127.0.0.1:50963" [_thread_in_native, id=10276, stack(0x000000001b560000,0x000000001b660000)]
  0x0000000019d88000 JavaThread "Daemon" [_thread_blocked, id=19716, stack(0x000000001b460000,0x000000001b560000)]
  0x0000000019d76800 JavaThread "Daemon periodic checks" [_thread_blocked, id=30316, stack(0x000000001b360000,0x000000001b460000)]
  0x0000000019d10800 JavaThread "Incoming local TCP Connector on port 50962" [_thread_in_native, id=38816, stack(0x000000001b120000,0x000000001b220000)]
  0x0000000019cd6000 JavaThread "Daemon health stats" [_thread_blocked, id=11888, stack(0x000000001aae0000,0x000000001abe0000)]
  0x0000000017d6b800 JavaThread "Service Thread" daemon [_thread_blocked, id=12612, stack(0x0000000018140000,0x0000000018240000)]
  0x00000000163fd800 JavaThread "C1 CompilerThread2" daemon [_thread_blocked, id=22168, stack(0x0000000017c40000,0x0000000017d40000)]
  0x00000000163f2800 JavaThread "C2 CompilerThread1" daemon [_thread_in_native, id=40568, stack(0x0000000017b40000,0x0000000017c40000)]
=>0x00000000163fb000 JavaThread "C2 CompilerThread0" daemon [_thread_in_native, id=39496, stack(0x0000000017a40000,0x0000000017b40000)]
  0x00000000163f9800 JavaThread "Attach Listener" daemon [_thread_blocked, id=37352, stack(0x0000000017940000,0x0000000017a40000)]
  0x00000000163f8000 JavaThread "Signal Dispatcher" daemon [_thread_blocked, id=30204, stack(0x0000000017840000,0x0000000017940000)]
  0x0000000002a7c800 JavaThread "Finalizer" daemon [_thread_blocked, id=39852, stack(0x0000000017640000,0x0000000017740000)]
  0x00000000163d9000 JavaThread "Reference Handler" daemon [_thread_blocked, id=16660, stack(0x0000000017540000,0x0000000017640000)]
  0x000000000283e800 JavaThread "main" [_thread_blocked, id=37472, stack(0x0000000002880000,0x0000000002980000)]

Other Threads:
  0x00000000163b6000 VMThread [stack: 0x0000000017440000,0x0000000017540000] [id=30788]
  0x0000000016435000 WatcherThread [stack: 0x0000000018240000,0x0000000018340000] [id=40220]

VM state:not at safepoint (normal execution)

VM Mutex/Monitor currently owned by a thread: None

heap address: 0x00000000a0000000, size: 1536 MB, Compressed Oops mode: 32-bit
Narrow klass base: 0x0000000000000000, Narrow klass shift: 3
Compressed class space size: 1073741824 Address: 0x0000000100000000

Heap:
 PSYoungGen      total 160768K, used 112247K [0x00000000e0000000, 0x00000000ec900000, 0x0000000100000000)
  eden space 144384K, 67% used [0x00000000e0000000,0x00000000e5fb4540,0x00000000e8d00000)
  from space 16384K, 86% used [0x00000000e8d00000,0x00000000e9ae96e8,0x00000000e9d00000)
  to   space 17920K, 0% used [0x00000000eb780000,0x00000000eb780000,0x00000000ec900000)
 ParOldGen       total 121344K, used 37644K [0x00000000a0000000, 0x00000000a7680000, 0x00000000e0000000)
  object space 121344K, 31% used [0x00000000a0000000,0x00000000a24c31d0,0x00000000a7680000)
 Metaspace       used 67357K, capacity 69936K, committed 70016K, reserved 1110016K
  class space    used 9292K, capacity 9838K, committed 9856K, reserved 1048576K

Card table byte_map: [0x0000000011e40000,0x0000000012150000] byte_map_base: 0x0000000011940000

Marking Bits: (ParMarkBitMap*) 0x0000000077f79f30
 Begin Bits: [0x0000000012750000, 0x0000000013f50000)
 End Bits:   [0x0000000013f50000, 0x0000000015750000)

Polling page: 0x0000000001010000

CodeCache: size=245760Kb used=21808Kb max_used=21815Kb free=223951Kb
 bounds [0x0000000002a80000, 0x0000000004000000, 0x0000000011a80000]
 total_blobs=7282 nmethods=6460 adapters=735
 compilation: enabled

Compilation events (10 events):
Event: 31.185 Thread 0x00000000163fd800 7476       2       com.sun.org.apache.xerces.internal.utils.SecuritySupport$4::run (8 bytes)
Event: 31.187 Thread 0x00000000163fd800 nmethod 7476 0x00000000035136d0 code [0x0000000003513880, 0x0000000003513b78]
Event: 31.188 Thread 0x00000000163fd800 7475       2       com.sun.org.apache.xerces.internal.util.XMLStringBuffer::<init> (12 bytes)
Event: 31.188 Thread 0x00000000163fd800 nmethod 7475 0x00000000035132d0 code [0x0000000003513420, 0x0000000003513610]
Event: 31.188 Thread 0x00000000163fd800 7477       1       java.util.regex.Matcher::groupCount (10 bytes)
Event: 31.188 Thread 0x00000000163fd800 nmethod 7477 0x0000000003512fd0 code [0x0000000003513120, 0x0000000003513230]
Event: 31.208 Thread 0x00000000163fd800 7480       1       com.android.tools.build.jetifier.processor.archive.ArchiveFile::getWasChanged (5 bytes)
Event: 31.208 Thread 0x00000000163fd800 nmethod 7480 0x0000000003512d10 code [0x0000000003512e60, 0x0000000003512f70]
Event: 31.233 Thread 0x00000000163fd800 7481       2       java.util.Collections::singletonMap (10 bytes)
Event: 31.233 Thread 0x00000000163fd800 nmethod 7481 0x0000000003512990 code [0x0000000003512ae0, 0x0000000003512c90]

GC Heap History (10 events):
Event: 15.734 GC heap before
{Heap before GC invocations=14 (full 2):
 PSYoungGen      total 100864K, used 89600K [0x00000000e0000000, 0x00000000e9a80000, 0x0000000100000000)
  eden space 89600K, 100% used [0x00000000e0000000,0x00000000e5780000,0x00000000e5780000)
  from space 11264K, 0% used [0x00000000e5780000,0x00000000e5780000,0x00000000e6280000)
  to   space 11264K, 0% used [0x00000000e8f80000,0x00000000e8f80000,0x00000000e9a80000)
 ParOldGen       total 75776K, used 17481K [0x00000000a0000000, 0x00000000a4a00000, 0x00000000e0000000)
  object space 75776K, 23% used [0x00000000a0000000,0x00000000a1112690,0x00000000a4a00000)
 Metaspace       used 43077K, capacity 44348K, committed 44672K, reserved 1087488K
  class space    used 5849K, capacity 6147K, committed 6272K, reserved 1048576K
Event: 15.773 GC heap after
Heap after GC invocations=14 (full 2):
 PSYoungGen      total 126464K, used 10895K [0x00000000e0000000, 0x00000000e9a80000, 0x0000000100000000)
  eden space 115200K, 0% used [0x00000000e0000000,0x00000000e0000000,0x00000000e7080000)
  from space 11264K, 96% used [0x00000000e8f80000,0x00000000e9a23ca0,0x00000000e9a80000)
  to   space 12800K, 0% used [0x00000000e8180000,0x00000000e8180000,0x00000000e8e00000)
 ParOldGen       total 75776K, used 17489K [0x00000000a0000000, 0x00000000a4a00000, 0x00000000e0000000)
  object space 75776K, 23% used [0x00000000a0000000,0x00000000a1114690,0x00000000a4a00000)
 Metaspace       used 43077K, capacity 44348K, committed 44672K, reserved 1087488K
  class space    used 5849K, capacity 6147K, committed 6272K, reserved 1048576K
}
Event: 18.647 GC heap before
{Heap before GC invocations=15 (full 2):
 PSYoungGen      total 126464K, used 126095K [0x00000000e0000000, 0x00000000e9a80000, 0x0000000100000000)
  eden space 115200K, 100% used [0x00000000e0000000,0x00000000e7080000,0x00000000e7080000)
  from space 11264K, 96% used [0x00000000e8f80000,0x00000000e9a23ca0,0x00000000e9a80000)
  to   space 12800K, 0% used [0x00000000e8180000,0x00000000e8180000,0x00000000e8e00000)
 ParOldGen       total 75776K, used 17489K [0x00000000a0000000, 0x00000000a4a00000, 0x00000000e0000000)
  object space 75776K, 23% used [0x00000000a0000000,0x00000000a1114690,0x00000000a4a00000)
 Metaspace       used 52186K, capacity 53960K, committed 54272K, reserved 1095680K
  class space    used 7118K, capacity 7560K, committed 7680K, reserved 1048576K
Event: 18.677 GC heap after
Heap after GC invocations=15 (full 2):
 PSYoungGen      total 145408K, used 12796K [0x00000000e0000000, 0x00000000ead00000, 0x0000000100000000)
  eden space 132608K, 0% used [0x00000000e0000000,0x00000000e0000000,0x00000000e8180000)
  from space 12800K, 99% used [0x00000000e8180000,0x00000000e8dff310,0x00000000e8e00000)
  to   space 16384K, 0% used [0x00000000e9d00000,0x00000000e9d00000,0x00000000ead00000)
 ParOldGen       total 75776K, used 23641K [0x00000000a0000000, 0x00000000a4a00000, 0x00000000e0000000)
  object space 75776K, 31% used [0x00000000a0000000,0x00000000a17164e8,0x00000000a4a00000)
 Metaspace       used 52186K, capacity 53960K, committed 54272K, reserved 1095680K
  class space    used 7118K, capacity 7560K, committed 7680K, reserved 1048576K
}
Event: 22.190 GC heap before
{Heap before GC invocations=16 (full 2):
 PSYoungGen      total 145408K, used 131718K [0x00000000e0000000, 0x00000000ead00000, 0x0000000100000000)
  eden space 132608K, 89% used [0x00000000e0000000,0x00000000e74225a0,0x00000000e8180000)
  from space 12800K, 99% used [0x00000000e8180000,0x00000000e8dff310,0x00000000e8e00000)
  to   space 16384K, 0% used [0x00000000e9d00000,0x00000000e9d00000,0x00000000ead00000)
 ParOldGen       total 75776K, used 23641K [0x00000000a0000000, 0x00000000a4a00000, 0x00000000e0000000)
  object space 75776K, 31% used [0x00000000a0000000,0x00000000a17164e8,0x00000000a4a00000)
 Metaspace       used 57092K, capacity 59080K, committed 59136K, reserved 1099776K
  class space    used 7940K, capacity 8399K, committed 8448K, reserved 1048576K
Event: 22.237 GC heap after
Heap after GC invocations=16 (full 2):
 PSYoungGen      total 160768K, used 9375K [0x00000000e0000000, 0x00000000ebf80000, 0x0000000100000000)
  eden space 144384K, 0% used [0x00000000e0000000,0x00000000e0000000,0x00000000e8d00000)
  from space 16384K, 57% used [0x00000000e9d00000,0x00000000ea627c70,0x00000000ead00000)
  to   space 16384K, 0% used [0x00000000e8d00000,0x00000000e8d00000,0x00000000e9d00000)
 ParOldGen       total 75776K, used 36091K [0x00000000a0000000, 0x00000000a4a00000, 0x00000000e0000000)
  object space 75776K, 47% used [0x00000000a0000000,0x00000000a233ee10,0x00000000a4a00000)
 Metaspace       used 57092K, capacity 59080K, committed 59136K, reserved 1099776K
  class space    used 7940K, capacity 8399K, committed 8448K, reserved 1048576K
}
Event: 22.238 GC heap before
{Heap before GC invocations=17 (full 3):
 PSYoungGen      total 160768K, used 9375K [0x00000000e0000000, 0x00000000ebf80000, 0x0000000100000000)
  eden space 144384K, 0% used [0x00000000e0000000,0x00000000e0000000,0x00000000e8d00000)
  from space 16384K, 57% used [0x00000000e9d00000,0x00000000ea627c70,0x00000000ead00000)
  to   space 16384K, 0% used [0x00000000e8d00000,0x00000000e8d00000,0x00000000e9d00000)
 ParOldGen       total 75776K, used 36091K [0x00000000a0000000, 0x00000000a4a00000, 0x00000000e0000000)
  object space 75776K, 47% used [0x00000000a0000000,0x00000000a233ee10,0x00000000a4a00000)
 Metaspace       used 57092K, capacity 59080K, committed 59136K, reserved 1099776K
  class space    used 7940K, capacity 8399K, committed 8448K, reserved 1048576K
Event: 22.855 GC heap after
Heap after GC invocations=17 (full 3):
 PSYoungGen      total 160768K, used 0K [0x00000000e0000000, 0x00000000ebf80000, 0x0000000100000000)
  eden space 144384K, 0% used [0x00000000e0000000,0x00000000e0000000,0x00000000e8d00000)
  from space 16384K, 0% used [0x00000000e9d00000,0x00000000e9d00000,0x00000000ead00000)
  to   space 16384K, 0% used [0x00000000e8d00000,0x00000000e8d00000,0x00000000e9d00000)
 ParOldGen       total 121344K, used 37636K [0x00000000a0000000, 0x00000000a7680000, 0x00000000e0000000)
  object space 121344K, 31% used [0x00000000a0000000,0x00000000a24c11d0,0x00000000a7680000)
 Metaspace       used 57084K, capacity 59056K, committed 59136K, reserved 1099776K
  class space    used 7938K, capacity 8395K, committed 8448K, reserved 1048576K
}
Event: 29.231 GC heap before
{Heap before GC invocations=18 (full 3):
 PSYoungGen      total 160768K, used 144384K [0x00000000e0000000, 0x00000000ebf80000, 0x0000000100000000)
  eden space 144384K, 100% used [0x00000000e0000000,0x00000000e8d00000,0x00000000e8d00000)
  from space 16384K, 0% used [0x00000000e9d00000,0x00000000e9d00000,0x00000000ead00000)
  to   space 16384K, 0% used [0x00000000e8d00000,0x00000000e8d00000,0x00000000e9d00000)
 ParOldGen       total 121344K, used 37636K [0x00000000a0000000, 0x00000000a7680000, 0x00000000e0000000)
  object space 121344K, 31% used [0x00000000a0000000,0x00000000a24c11d0,0x00000000a7680000)
 Metaspace       used 65608K, capacity 68054K, committed 68352K, reserved 1107968K
  class space    used 9105K, capacity 9629K, committed 9728K, reserved 1048576K
Event: 29.252 GC heap after
Heap after GC invocations=18 (full 3):
 PSYoungGen      total 160768K, used 14245K [0x00000000e0000000, 0x00000000ec900000, 0x0000000100000000)
  eden space 144384K, 0% used [0x00000000e0000000,0x00000000e0000000,0x00000000e8d00000)
  from space 16384K, 86% used [0x00000000e8d00000,0x00000000e9ae96e8,0x00000000e9d00000)
  to   space 17920K, 0% used [0x00000000eb780000,0x00000000eb780000,0x00000000ec900000)
 ParOldGen       total 121344K, used 37644K [0x00000000a0000000, 0x00000000a7680000, 0x00000000e0000000)
  object space 121344K, 31% used [0x00000000a0000000,0x00000000a24c31d0,0x00000000a7680000)
 Metaspace       used 65608K, capacity 68054K, committed 68352K, reserved 1107968K
  class space    used 9105K, capacity 9629K, committed 9728K, reserved 1048576K
}

Deoptimization events (10 events):
Event: 29.204 Thread 0x000000001a6e0800 Uncommon trap: reason=unstable_if action=reinterpret pc=0x0000000003f8c57c method=java.util.concurrent.ConcurrentHashMap.putVal(Ljava/lang/Object;Ljava/lang/Object;Z)Ljava/lang/Object; @ 113
Event: 29.225 Thread 0x000000001a6e1000 Uncommon trap: reason=unstable_if action=reinterpret pc=0x000000000393dbd0 method=java.util.concurrent.ConcurrentHashMap.addCount(JI)V @ 97
Event: 29.434 Thread 0x000000001a6e1000 Uncommon trap: reason=unstable_if action=reinterpret pc=0x0000000003715c7c method=com.google.gson.stream.JsonReader.nextNonWhitespace(Z)I @ 277
Event: 29.530 Thread 0x000000001a6e1000 Uncommon trap: reason=class_check action=maybe_recompile pc=0x0000000003031878 method=java.util.zip.InflaterInputStream.read([BII)I @ 100
Event: 29.531 Thread 0x000000001a6e1000 Uncommon trap: reason=class_check action=maybe_recompile pc=0x0000000003031878 method=java.util.zip.InflaterInputStream.read([BII)I @ 100
Event: 29.531 Thread 0x000000001a6e1000 Uncommon trap: reason=class_check action=maybe_recompile pc=0x0000000003031878 method=java.util.zip.InflaterInputStream.read([BII)I @ 100
Event: 29.531 Thread 0x000000001a6e1000 Uncommon trap: reason=class_check action=maybe_recompile pc=0x0000000003031878 method=java.util.zip.InflaterInputStream.read([BII)I @ 100
Event: 29.534 Thread 0x000000001a6e6800 Uncommon trap: reason=unstable_if action=reinterpret pc=0x0000000003e20178 method=com.esotericsoftware.kryo.io.Input.readString()Ljava/lang/String; @ 38
Event: 29.562 Thread 0x000000001a6e1000 Uncommon trap: reason=unstable_if action=reinterpret pc=0x0000000003f44260 method=com.sun.org.apache.xerces.internal.utils.XMLSecurityManager.isOverLimit(ILcom/sun/org/apache/xerces/internal/utils/XMLLimitAnalyzer;)Z @ 28
Event: 29.640 Thread 0x000000001a6e1000 Uncommon trap: reason=unstable_if action=reinterpret pc=0x000000000300c5ac method=kotlin.text.StringsKt__StringsKt.contains(Ljava/lang/CharSequence;CZ)Z @ 16

Classes redefined (0 events):
No events

Internal exceptions (10 events):
Event: 26.666 Thread 0x0000000019db8800 Implicit null exception at 0x00000000031fd82f to 0x0000000003200f31
Event: 27.727 Thread 0x0000000019db8800 Implicit null exception at 0x0000000003f11218 to 0x0000000003f1134d
Event: 28.964 Thread 0x000000001a6e0800 Exception <a 'java/lang/NoSuchMethodError': java.lang.Object.lambda$flatMap$1(Ljava/util/function/Function;Lorg/gradle/internal/Try;)Lorg/gradle/api/internal/artifacts/transform/CacheableInvocation;> (0x00000000e8b22848) thrown at [D:\src\AOSP-openjdk-cyg
Event: 28.964 Thread 0x000000001a6e0800 Exception <a 'java/lang/NoSuchMethodError': java.lang.Object.lambda$flatMap$4(Ljava/util/function/Function;)Lorg/gradle/api/internal/artifacts/transform/CacheableInvocation;> (0x00000000e8b26c78) thrown at [D:\src\AOSP-openjdk-cygwin\jdk8u\hotspot\src\sha
Event: 28.965 Thread 0x000000001a6e0800 Exception <a 'java/lang/NoSuchMethodError': java.lang.Object.lambda$flatMap$3(Ljava/util/function/Function;)Lorg/gradle/internal/Try;> (0x00000000e8b2bb38) thrown at [D:\src\AOSP-openjdk-cygwin\jdk8u\hotspot\src\share\vm\interpreter\linkResolver.cpp, line
Event: 28.964 Thread 0x000000001a6e8000 Exception <a 'java/lang/NoSuchMethodError': java.lang.Object.lambda$flatMap$1(Ljava/util/function/Function;Lorg/gradle/internal/Try;)Lorg/gradle/api/internal/artifacts/transform/CacheableInvocation;> (0x00000000e8af69d0) thrown at [D:\src\AOSP-openjdk-cyg
Event: 29.506 Thread 0x0000000019db8800 Exception <a 'java/lang/NoSuchMethodError': java.lang.Object.lambda$flatMap$2(Ljava/util/function/Function;Ljava/lang/Object;)Lorg/gradle/internal/Try;> (0x00000000e04d2c80) thrown at [D:\src\AOSP-openjdk-cygwin\jdk8u\hotspot\src\share\vm\interpreter\link
Event: 29.654 Thread 0x000000001a6e1000 Exception <a 'sun/nio/fs/WindowsException'> (0x00000000e189abc0) thrown at [D:\src\AOSP-openjdk-cygwin\jdk8u\hotspot\src\share\vm\prims\jni.cpp, line 710]
Event: 31.189 Thread 0x000000001a6e8000 Exception <a 'sun/nio/fs/WindowsException'> (0x00000000e59ee270) thrown at [D:\src\AOSP-openjdk-cygwin\jdk8u\hotspot\src\share\vm\prims\jni.cpp, line 710]
Event: 31.208 Thread 0x0000000019db8800 Exception <a 'sun/nio/fs/WindowsException'> (0x00000000e5f235f8) thrown at [D:\src\AOSP-openjdk-cygwin\jdk8u\hotspot\src\share\vm\prims\jni.cpp, line 710]

Events (10 events):
Event: 31.141 loading class org/gradle/work/ChangeType
Event: 31.141 loading class org/gradle/work/ChangeType done
Event: 31.141 loading class org/gradle/internal/execution/history/changes/DefaultExecutionStateChangeDetector$NonIncrementalDetectedExecutionStateChanges
Event: 31.141 loading class org/gradle/internal/execution/history/changes/DefaultExecutionStateChangeDetector$NonIncrementalDetectedExecutionStateChanges done
Event: 31.223 loading class com/google/wireless/android/sdk/stats/GradleTransformExecution$1
Event: 31.223 loading class com/google/wireless/android/sdk/stats/GradleTransformExecution$1 done
Event: 31.224 loading class com/google/wireless/android/sdk/stats/GradleTransformExecution$Builder
Event: 31.224 loading class com/google/wireless/android/sdk/stats/GradleTransformExecution$Builder done
Event: 31.227 loading class java/time/Instant$1
Event: 31.227 loading class java/time/Instant$1 done


Dynamic libraries:
0x00007ff605d60000 - 0x00007ff605d91000 	C:\Program Files\Android\Android Studio\jre\bin\java.exe
0x00007ffe02140000 - 0x00007ffe02330000 	C:\WINDOWS\SYSTEM32\ntdll.dll
0x00007ffe00620000 - 0x00007ffe006d2000 	C:\WINDOWS\System32\KERNEL32.DLL
0x00007ffdfff40000 - 0x00007ffe001e4000 	C:\WINDOWS\System32\KERNELBASE.dll
0x00007ffe014b0000 - 0x00007ffe01553000 	C:\WINDOWS\System32\ADVAPI32.dll
0x00007ffe002c0000 - 0x00007ffe0035e000 	C:\WINDOWS\System32\msvcrt.dll
0x00007ffe00890000 - 0x00007ffe00927000 	C:\WINDOWS\System32\sechost.dll
0x00007ffe00930000 - 0x00007ffe00a50000 	C:\WINDOWS\System32\RPCRT4.dll
0x00007ffe00cf0000 - 0x00007ffe00e84000 	C:\WINDOWS\System32\USER32.dll
0x00007ffdff0c0000 - 0x00007ffdff0e1000 	C:\WINDOWS\System32\win32u.dll
0x00007ffe00ab0000 - 0x00007ffe00ad6000 	C:\WINDOWS\System32\GDI32.dll
0x00007ffdffc00000 - 0x00007ffdffd96000 	C:\WINDOWS\System32\gdi32full.dll
0x00007ffdffda0000 - 0x00007ffdffe3e000 	C:\WINDOWS\System32\msvcp_win.dll
0x00007ffdff260000 - 0x00007ffdff35a000 	C:\WINDOWS\System32\ucrtbase.dll
0x00007ffde7ed0000 - 0x00007ffde8154000 	C:\WINDOWS\WinSxS\amd64_microsoft.windows.common-controls_6595b64144ccf1df_6.0.18362.959_none_e6c7bbbf130c62bb\COMCTL32.dll
0x00007ffe01d50000 - 0x00007ffe02085000 	C:\WINDOWS\System32\combase.dll
0x00007ffdffb20000 - 0x00007ffdffba0000 	C:\WINDOWS\System32\bcryptPrimitives.dll
0x00007ffe00b60000 - 0x00007ffe00b8e000 	C:\WINDOWS\System32\IMM32.DLL
0x00000000776d0000 - 0x00000000777a2000 	C:\Program Files\Android\Android Studio\jre\jre\bin\msvcr100.dll
0x00000000777b0000 - 0x0000000077ff6000 	C:\Program Files\Android\Android Studio\jre\jre\bin\server\jvm.dll
0x00007ffe01d40000 - 0x00007ffe01d48000 	C:\WINDOWS\System32\PSAPI.DLL
0x00007ffdfb310000 - 0x00007ffdfb319000 	C:\WINDOWS\SYSTEM32\WSOCK32.dll
0x00007ffdfb8b0000 - 0x00007ffdfb8d4000 	C:\WINDOWS\SYSTEM32\WINMM.dll
0x00007ffe00e90000 - 0x00007ffe00eff000 	C:\WINDOWS\System32\WS2_32.dll
0x00007ffdecd10000 - 0x00007ffdecd1a000 	C:\WINDOWS\SYSTEM32\VERSION.dll
0x00007ffdfb750000 - 0x00007ffdfb77d000 	C:\WINDOWS\SYSTEM32\winmmbase.dll
0x00007ffdffef0000 - 0x00007ffdfff3a000 	C:\WINDOWS\System32\cfgmgr32.dll
0x00007ffdf92a0000 - 0x00007ffdf92af000 	C:\Program Files\Android\Android Studio\jre\jre\bin\verify.dll
0x00007ffde8b20000 - 0x00007ffde8b49000 	C:\Program Files\Android\Android Studio\jre\jre\bin\java.dll
0x00007ffdf6350000 - 0x00007ffdf6366000 	C:\Program Files\Android\Android Studio\jre\jre\bin\zip.dll
0x00007ffe01650000 - 0x00007ffe01d36000 	C:\WINDOWS\System32\SHELL32.dll
0x00007ffe00570000 - 0x00007ffe00619000 	C:\WINDOWS\System32\shcore.dll
0x00007ffdff360000 - 0x00007ffdffae2000 	C:\WINDOWS\System32\windows.storage.dll
0x00007ffdff000000 - 0x00007ffdff023000 	C:\WINDOWS\System32\profapi.dll
0x00007ffdff030000 - 0x00007ffdff07a000 	C:\WINDOWS\System32\powrprof.dll
0x00007ffdfeff0000 - 0x00007ffdff000000 	C:\WINDOWS\System32\UMPDC.dll
0x00007ffe015e0000 - 0x00007ffe01632000 	C:\WINDOWS\System32\shlwapi.dll
0x00007ffdff0a0000 - 0x00007ffdff0b1000 	C:\WINDOWS\System32\kernel.appcore.dll
0x00007ffdff240000 - 0x00007ffdff257000 	C:\WINDOWS\System32\cryptsp.dll
0x00007ffdf6320000 - 0x00007ffdf633a000 	C:\Program Files\Android\Android Studio\jre\jre\bin\net.dll
0x00007ffdf77b0000 - 0x00007ffdf7986000 	C:\WINDOWS\SYSTEM32\urlmon.dll
0x00007ffdf4510000 - 0x00007ffdf47b6000 	C:\WINDOWS\SYSTEM32\iertutil.dll
0x00007ffdfe9d0000 - 0x00007ffdfe9dc000 	C:\WINDOWS\SYSTEM32\CRYPTBASE.DLL
0x00007ffdfe800000 - 0x00007ffdfe867000 	C:\WINDOWS\system32\mswsock.dll
0x00007ffded8d0000 - 0x00007ffded8e3000 	C:\Program Files\Android\Android Studio\jre\jre\bin\nio.dll
0x00007ffde3970000 - 0x00007ffde3996000 	C:\Users\Cecy\.gradle\native\30\windows-amd64\native-platform.dll
0x00007ffdf9140000 - 0x00007ffdf914d000 	C:\Program Files\Android\Android Studio\jre\jre\bin\management.dll
0x00007ffdfe370000 - 0x00007ffdfe3a3000 	C:\WINDOWS\system32\rsaenh.dll
0x00007ffdffaf0000 - 0x00007ffdffb16000 	C:\WINDOWS\System32\bcrypt.dll
0x00007ffdfef10000 - 0x00007ffdfef35000 	C:\WINDOWS\SYSTEM32\USERENV.dll
0x00007ffdfe510000 - 0x00007ffdfe54a000 	C:\WINDOWS\SYSTEM32\IPHLPAPI.DLL
0x00007ffe01640000 - 0x00007ffe01648000 	C:\WINDOWS\System32\NSI.dll
0x00007ffdf7770000 - 0x00007ffdf7786000 	C:\WINDOWS\SYSTEM32\dhcpcsvc6.DLL
0x00007ffdf81e0000 - 0x00007ffdf81fc000 	C:\WINDOWS\SYSTEM32\dhcpcsvc.DLL
0x00007ffdfe5b0000 - 0x00007ffdfe67b000 	C:\WINDOWS\SYSTEM32\DNSAPI.dll
0x00007ffde9100000 - 0x00007ffde9124000 	C:\Program Files\Android\Android Studio\jre\jre\bin\sunec.dll
0x00007ffdf90d0000 - 0x00007ffdf90da000 	C:\Windows\System32\rasadhlp.dll
0x00007ffdf65d0000 - 0x00007ffdf6647000 	C:\WINDOWS\System32\fwpuclnt.dll
0x00007ffdf8e00000 - 0x00007ffdf8e0b000 	C:\Program Files\Android\Android Studio\jre\jre\bin\sunmscapi.dll
0x00007ffdff0f0000 - 0x00007ffdff239000 	C:\WINDOWS\System32\CRYPT32.dll
0x00007ffdff080000 - 0x00007ffdff092000 	C:\WINDOWS\System32\MSASN1.dll
0x00007ffdfdf90000 - 0x00007ffdfdfc1000 	C:\WINDOWS\SYSTEM32\ntmarta.dll

VM Arguments:
jvm_args: -Xmx1536m -Dfile.encoding=windows-1252 -Duser.country=US -Duser.language=en -Duser.variant 
java_command: org.gradle.launcher.daemon.bootstrap.GradleDaemon 5.6.4
java_class_path (initial): C:\Users\Cecy\.gradle\wrapper\dists\gradle-5.6.4-all\ankdp27end7byghfw1q2sw75f\gradle-5.6.4\lib\gradle-launcher-5.6.4.jar
Launcher Type: SUN_STANDARD

Environment Variables:
PATH=C:\Program Files (x86)\Common Files\Oracle\Java\javapath;C:\Program Files (x86)\Intel\Intel(R) Management Engine Components\iCLS\;C:\Program Files\Intel\Intel(R) Management Engine Components\iCLS\;C:\WINDOWS\system32;C:\WINDOWS;C:\WINDOWS\System32\Wbem;C:\WINDOWS\System32\WindowsPowerShell\v1.0\;C:\WINDOWS\System32\OpenSSH\;C:\Program Files (x86)\Intel\Intel(R) Management Engine Components\DAL;C:\Program Files\Intel\Intel(R) Management Engine Components\DAL;C:\Program Files (x86)\Intel\Intel(R) Management Engine Components\IPT;C:\Program Files\Intel\Intel(R) Management Engine Components\IPT;C:\Program Files(x86)\Common Files\Oracle\Javax\mail.jar;C:\Program Files(x86)\Common Files\Oracle\Javax\activation.jar;C:\cygwin64\bin;C:\Program Files\Java\jdk1.8.0_192\bin;C:\Users\Cecy\AppData\Roaming\Microsoft\Windows\Start Menu\Programs;C:\Users\Cecy\AppData\Roaming\Microsoft\Windows\Start Menu\Programs\Python 3.7;C:\Users\Cecy\Downloads\python-3.7.3;C:\xampp\php;C:\composer;C:\Program Files\nodejs\;C:\Users\Cecy\AppData\Roaming\Microsoft\Windows\Start Menu\Programs\Python 3.8\Scripts\;C:\Users\Cecy\AppData\Roaming\Microsoft\Windows\Start Menu\Programs\Python 3.8;C:\Users\Cecy\AppData\Roaming\Microsoft\Windows\Start Menu\Programs\Python 3.8\Scripts\virtualenv.exe;C:\Users\Cecy\AppData\Local\Packages\PythonSoftwareFoundation.Python.3.8_qbz5n2kfra8p0\LocalCache\local-packages\Python38\Scripts;'C:\\Users\\Cecy\\AppData\\Local\\Packages\\PythonSoftwareFoundation.Python.3.8_qbz5n2kfra8p0\\LocalCache\\local-packages\\Python38\\site-packages\\twilio\\rest\\api\\v2010\\account\\sip\\domain\\auth_types\\auth_calls_mapping\\__pycache__\\auth_calls_credent;C:\Program Files\Git\cmd;C:\Ruby26-x64\bin;C:\Users\Cecy\AppData\Local\Microsoft\WindowsApps;C:\Program Files\Java\jdk1.8.0_192\bin;C:\Users\Cecy\AppData\Roaming\Composer\vendor\bin;C:\Users\Cecy\AppData\Roaming\npm;C:\Users\Cecy\AppData\Local\Programs\Microsoft VS Code\bin;C:\Program Files\heroku\bin;C:\MinGW\bin;
USERNAME=Cecy
OS=Windows_NT
PROCESSOR_IDENTIFIER=Intel64 Family 6 Model 142 Stepping 10, GenuineIntel



---------------  S Y S T E M  ---------------

OS: Windows 10.0 , 64 bit Build 18362 (10.0.18362.959)

CPU:total 4 (initial active 4) (2 cores per cpu, 2 threads per core) family 6 model 142 stepping 10, cmov, cx8, fxsr, mmx, sse, sse2, sse3, ssse3, sse4.1, sse4.2, popcnt, avx, avx2, aes, clmul, erms, 3dnowpref, lzcnt, ht, tsc, tscinvbit, bmi1, bmi2, adx

Memory: 4k page, physical 8251788k(907164k free), swap 10200460k(5144k free)

vm_info: OpenJDK 64-Bit Server VM (25.212-b04) for windows-amd64 JRE (1.8.0_212-release-1586-b04), built by "builder" with MS VC++ 10.0 (VS2010)

time: Thu Aug 13 10:51:48 2020
timezone: E. Africa Standard Time
elapsed time: 31 seconds (0d 0h 0m 31s)

