#
# There is insufficient memory for the Java Runtime Environment to continue.
# Native memory allocation (malloc) failed to allocate 1788336 bytes for Chunk::new
# Possible reasons:
#   The system is out of physical RAM or swap space
#   The process is running with CompressedOops enabled, and the Java Heap may be blocking the growth of the native heap
# Possible solutions:
#   Reduce memory load on the system
#   Increase physical memory or swap space
#   Check if swap backing store is full
#   Decrease Java heap size (-Xmx/-Xms)
#   Decrease number of Java threads
#   Decrease Java thread stack sizes (-Xss)
#   Set larger code cache with -XX:ReservedCodeCacheSize=
#   JVM is running with Unscaled Compressed Oops mode in which the Java heap is
#     placed in the first 4GB address space. The Java Heap base address is the
#     maximum limit for the native heap growth. Please use -XX:HeapBaseMinAddress
#     to set the Java Heap base and to place the Java Heap above 4GB virtual address.
# This output file may be truncated or incomplete.
#
#  Out of Memory Error (allocation.cpp:389), pid=39544, tid=0x0000000000007de4
#
# JRE version: OpenJDK Runtime Environment (8.0_212-b04) (build 1.8.0_212-release-1586-b04)
# Java VM: OpenJDK 64-Bit Server VM (25.212-b04 mixed mode windows-amd64 compressed oops)
# Failed to write core dump. Minidumps are not enabled by default on client versions of Windows
#

---------------  T H R E A D  ---------------

Current thread (0x000000001605e000):  JavaThread "C2 CompilerThread1" daemon [_thread_in_native, id=32228, stack(0x00000000177c0000,0x00000000178c0000)]

Stack: [0x00000000177c0000,0x00000000178c0000]
[error occurred during error reporting (printing stack bounds), id 0xc0000005]

Native frames: (J=compiled Java code, j=interpreted, Vv=VM code, C=native code)


Current CompileTask:
C2:  23976 5196   !   4       com.sun.beans.TypeResolver::resolve (274 bytes)


---------------  P R O C E S S  ---------------

Java Threads: ( => current thread )
  0x000000001c087800 JavaThread "Cache worker for Build Output Cleanup Cache (C:\Users\Cecy\StudioProjects\FinalMtenant\.gradle\buildOutputCleanup)" [_thread_blocked, id=38184, stack(0x0000000022180000,0x0000000022280000)]
  0x000000001c080800 JavaThread "Build operations Thread 4" [_thread_blocked, id=3860, stack(0x0000000021a80000,0x0000000021b80000)]
  0x000000001c087000 JavaThread "Build operations Thread 3" [_thread_blocked, id=36560, stack(0x0000000021980000,0x0000000021a80000)]
  0x000000001c07f000 JavaThread "Build operations Thread 2" [_thread_blocked, id=34140, stack(0x0000000020800000,0x0000000020900000)]
  0x000000001c080000 JavaThread "Build operations" [_thread_blocked, id=40520, stack(0x0000000020700000,0x0000000020800000)]
  0x000000001c086000 JavaThread "Cache worker for execution history cache (C:\Users\Cecy\.gradle\caches\5.6.4\executionHistory)" [_thread_blocked, id=40864, stack(0x000000001fe00000,0x000000001ff00000)]
  0x000000001c084800 JavaThread "Cache worker for cache directory md-rule (C:\Users\Cecy\.gradle\caches\5.6.4\md-rule)" [_thread_blocked, id=31796, stack(0x000000001ea60000,0x000000001eb60000)]
  0x000000001c083800 JavaThread "Cache worker for cache directory md-supplier (C:\Users\Cecy\.gradle\caches\5.6.4\md-supplier)" [_thread_blocked, id=39692, stack(0x000000001e380000,0x000000001e480000)]
  0x000000001897c000 JavaThread "Cache worker for file hash cache (C:\Users\Cecy\StudioProjects\FinalMtenant\.gradle\5.6.4\fileHashes)" [_thread_blocked, id=19216, stack(0x000000001e560000,0x000000001e660000)]
  0x000000001897b000 JavaThread "Cache worker for journal cache (C:\Users\Cecy\.gradle\caches\journal-1)" [_thread_blocked, id=28016, stack(0x000000001bde0000,0x000000001bee0000)]
  0x0000000018980800 JavaThread "File lock request listener" [_thread_in_native, id=20752, stack(0x000000001bce0000,0x000000001bde0000)]
  0x000000001897e000 JavaThread "Cache worker for file hash cache (C:\Users\Cecy\.gradle\caches\5.6.4\fileHashes)" [_thread_blocked, id=38664, stack(0x000000001bbe0000,0x000000001bce0000)]
  0x0000000018736000 JavaThread "Thread-9" [_thread_blocked, id=30492, stack(0x000000001b8e0000,0x000000001b9e0000)]
  0x000000001858c000 JavaThread "Stdin handler" [_thread_blocked, id=6448, stack(0x000000001b7e0000,0x000000001b8e0000)]
  0x000000001858e000 JavaThread "Asynchronous log dispatcher for DefaultDaemonConnection: socket connection from /127.0.0.1:50945 to /127.0.0.1:50946" [_thread_blocked, id=14732, stack(0x000000001b6e0000,0x000000001b7e0000)]
  0x000000001873c800 JavaThread "Daemon worker" [_thread_in_vm, id=36052, stack(0x000000001b5e0000,0x000000001b6e0000)]
  0x000000001873c000 JavaThread "Cancel handler" [_thread_blocked, id=14868, stack(0x000000001b4e0000,0x000000001b5e0000)]
  0x00000000185d4000 JavaThread "Handler for socket connection from /127.0.0.1:50945 to /127.0.0.1:50946" [_thread_in_native, id=24976, stack(0x000000001b1e0000,0x000000001b2e0000)]
  0x0000000018f73800 JavaThread "Daemon" [_thread_blocked, id=6068, stack(0x000000001b0e0000,0x000000001b1e0000)]
  0x0000000017aec000 JavaThread "Daemon periodic checks" [_thread_blocked, id=16064, stack(0x000000001afe0000,0x000000001b0e0000)]
  0x00000000185e2800 JavaThread "Incoming local TCP Connector on port 50945" [_thread_in_native, id=8536, stack(0x000000001ada0000,0x000000001aea0000)]
  0x0000000017d7d000 JavaThread "Daemon health stats" [_thread_blocked, id=28076, stack(0x000000001a760000,0x000000001a860000)]
  0x00000000179f0800 JavaThread "Service Thread" daemon [_thread_blocked, id=39536, stack(0x0000000017dc0000,0x0000000017ec0000)]
  0x0000000016064000 JavaThread "C1 CompilerThread2" daemon [_thread_blocked, id=39920, stack(0x00000000178c0000,0x00000000179c0000)]
=>0x000000001605e000 JavaThread "C2 CompilerThread1" daemon [_thread_in_native, id=32228, stack(0x00000000177c0000,0x00000000178c0000)]
  0x000000001606a800 JavaThread "C2 CompilerThread0" daemon [_thread_in_native, id=9616, stack(0x00000000176c0000,0x00000000177c0000)]
  0x0000000016069800 JavaThread "Attach Listener" daemon [_thread_blocked, id=21932, stack(0x00000000175c0000,0x00000000176c0000)]
  0x0000000016068000 JavaThread "Signal Dispatcher" daemon [_thread_blocked, id=37232, stack(0x00000000174c0000,0x00000000175c0000)]
  0x00000000026ee000 JavaThread "Finalizer" daemon [_thread_blocked, id=28052, stack(0x00000000172c0000,0x00000000173c0000)]
  0x0000000016049000 JavaThread "Reference Handler" daemon [_thread_blocked, id=10508, stack(0x00000000171c0000,0x00000000172c0000)]
  0x00000000024ee800 JavaThread "main" [_thread_blocked, id=14056, stack(0x00000000024f0000,0x00000000025f0000)]

Other Threads:
  0x0000000016027000 VMThread [stack: 0x00000000170c0000,0x00000000171c0000] [id=33264]
  0x00000000179f5000 WatcherThread [stack: 0x0000000017ec0000,0x0000000017fc0000] [id=10176]

VM state:not at safepoint (normal execution)

VM Mutex/Monitor currently owned by a thread:  ([mutex/lock_event])
[0x00000000025f0dd0] Compile_lock - owner thread: 0x000000001873c800

heap address: 0x00000000a0000000, size: 1536 MB, Compressed Oops mode: 32-bit
Narrow klass base: 0x0000000000000000, Narrow klass shift: 3
Compressed class space size: 1073741824 Address: 0x0000000100000000

Heap:
 PSYoungGen      total 245760K, used 39957K [0x00000000e0000000, 0x00000000eff80000, 0x0000000100000000)
  eden space 229888K, 10% used [0x00000000e0000000,0x00000000e1785ec0,0x00000000ee080000)
  from space 15872K, 99% used [0x00000000ee080000,0x00000000eefff598,0x00000000ef000000)
  to   space 12800K, 0% used [0x00000000ef300000,0x00000000ef300000,0x00000000eff80000)
 ParOldGen       total 76800K, used 31075K [0x00000000a0000000, 0x00000000a4b00000, 0x00000000e0000000)
  object space 76800K, 40% used [0x00000000a0000000,0x00000000a1e58f48,0x00000000a4b00000)
 Metaspace       used 55468K, capacity 57372K, committed 57600K, reserved 1099776K
  class space    used 7483K, capacity 7917K, committed 7936K, reserved 1048576K

Card table byte_map: [0x0000000011ab0000,0x0000000011dc0000] byte_map_base: 0x00000000115b0000

Marking Bits: (ParMarkBitMap*) 0x0000000077f79f30
 Begin Bits: [0x00000000123c0000, 0x0000000013bc0000)
 End Bits:   [0x0000000013bc0000, 0x00000000153c0000)

Polling page: 0x00000000005f0000

CodeCache: size=245760Kb used=17204Kb max_used=17299Kb free=228555Kb
 bounds [0x00000000026f0000, 0x00000000037f0000, 0x00000000116f0000]
 total_blobs=5619 nmethods=4823 adapters=709
 compilation: enabled

Compilation events (10 events):
Event: 23.907 Thread 0x0000000016064000 5289       3       org.codehaus.groovy.runtime.MetaClassHelper::getClassWithNullAndWrapper (28 bytes)
Event: 23.907 Thread 0x0000000016064000 nmethod 5289 0x0000000002b9d190 code [0x0000000002b9d320, 0x0000000002b9d828]
Event: 23.907 Thread 0x0000000016064000 5288       3       org.gradle.api.internal.collections.AbstractIterationOrderRetainingElementSource$RealizedElementCollectionIterator::checkForComodification (23 bytes)
Event: 23.907 Thread 0x0000000016064000 nmethod 5288 0x0000000002c42790 code [0x0000000002c42900, 0x0000000002c42b68]
Event: 23.925 Thread 0x0000000016064000 5290       3       groovyjarjarasm.asm.Type::getDescriptor (90 bytes)
Event: 23.927 Thread 0x0000000016064000 nmethod 5290 0x00000000030ecf10 code [0x00000000030ed1a0, 0x00000000030ee3b8]
Event: 23.945 Thread 0x0000000016064000 5291       3       org.codehaus.groovy.classgen.asm.BytecodeHelper::getClassInternalName (9 bytes)
Event: 23.945 Thread 0x0000000016064000 nmethod 5291 0x0000000002c51510 code [0x0000000002c51680, 0x0000000002c51888]
Event: 23.945 Thread 0x0000000016064000 5292       3       java.util.concurrent.ConcurrentHashMap$ValueIterator::next (34 bytes)
Event: 23.946 Thread 0x0000000016064000 nmethod 5292 0x00000000027ffb10 code [0x00000000027ffca0, 0x00000000027fffb8]

GC Heap History (10 events):
Event: 9.455 GC heap before
{Heap before GC invocations=7 (full 1):
 PSYoungGen      total 142336K, used 5561K [0x00000000e0000000, 0x00000000e9800000, 0x0000000100000000)
  eden space 131072K, 0% used [0x00000000e0000000,0x00000000e0000000,0x00000000e8000000)
  from space 11264K, 49% used [0x00000000e8d00000,0x00000000e926e790,0x00000000e9800000)
  to   space 12288K, 0% used [0x00000000e8000000,0x00000000e8000000,0x00000000e8c00000)
 ParOldGen       total 86016K, used 11239K [0x00000000a0000000, 0x00000000a5400000, 0x00000000e0000000)
  object space 86016K, 13% used [0x00000000a0000000,0x00000000a0af9e90,0x00000000a5400000)
 Metaspace       used 20772K, capacity 21238K, committed 21296K, reserved 1067008K
  class space    used 3007K, capacity 3168K, committed 3200K, reserved 1048576K
Event: 9.580 GC heap after
Heap after GC invocations=7 (full 1):
 PSYoungGen      total 142336K, used 0K [0x00000000e0000000, 0x00000000e9800000, 0x0000000100000000)
  eden space 131072K, 0% used [0x00000000e0000000,0x00000000e0000000,0x00000000e8000000)
  from space 11264K, 0% used [0x00000000e8d00000,0x00000000e8d00000,0x00000000e9800000)
  to   space 12288K, 0% used [0x00000000e8000000,0x00000000e8000000,0x00000000e8c00000)
 ParOldGen       total 53760K, used 7845K [0x00000000a0000000, 0x00000000a3480000, 0x00000000e0000000)
  object space 53760K, 14% used [0x00000000a0000000,0x00000000a07a9710,0x00000000a3480000)
 Metaspace       used 20772K, capacity 21238K, committed 21296K, reserved 1067008K
  class space    used 3007K, capacity 3168K, committed 3200K, reserved 1048576K
}
Event: 13.428 GC heap before
{Heap before GC invocations=8 (full 1):
 PSYoungGen      total 142336K, used 131072K [0x00000000e0000000, 0x00000000e9800000, 0x0000000100000000)
  eden space 131072K, 100% used [0x00000000e0000000,0x00000000e8000000,0x00000000e8000000)
  from space 11264K, 0% used [0x00000000e8d00000,0x00000000e8d00000,0x00000000e9800000)
  to   space 12288K, 0% used [0x00000000e8000000,0x00000000e8000000,0x00000000e8c00000)
 ParOldGen       total 53760K, used 7845K [0x00000000a0000000, 0x00000000a3480000, 0x00000000e0000000)
  object space 53760K, 14% used [0x00000000a0000000,0x00000000a07a9710,0x00000000a3480000)
 Metaspace       used 32100K, capacity 32780K, committed 33024K, reserved 1077248K
  class space    used 4336K, capacity 4549K, committed 4608K, reserved 1048576K
Event: 13.473 GC heap after
Heap after GC invocations=8 (full 1):
 PSYoungGen      total 143360K, used 12277K [0x00000000e0000000, 0x00000000f0180000, 0x0000000100000000)
  eden space 131072K, 0% used [0x00000000e0000000,0x00000000e0000000,0x00000000e8000000)
  from space 12288K, 99% used [0x00000000e8000000,0x00000000e8bfd668,0x00000000e8c00000)
  to   space 14848K, 0% used [0x00000000ef300000,0x00000000ef300000,0x00000000f0180000)
 ParOldGen       total 53760K, used 8678K [0x00000000a0000000, 0x00000000a3480000, 0x00000000e0000000)
  object space 53760K, 16% used [0x00000000a0000000,0x00000000a0879948,0x00000000a3480000)
 Metaspace       used 32100K, capacity 32780K, committed 33024K, reserved 1077248K
  class space    used 4336K, capacity 4549K, committed 4608K, reserved 1048576K
}
Event: 14.884 GC heap before
{Heap before GC invocations=9 (full 1):
 PSYoungGen      total 143360K, used 72729K [0x00000000e0000000, 0x00000000f0180000, 0x0000000100000000)
  eden space 131072K, 46% used [0x00000000e0000000,0x00000000e3b09160,0x00000000e8000000)
  from space 12288K, 99% used [0x00000000e8000000,0x00000000e8bfd668,0x00000000e8c00000)
  to   space 14848K, 0% used [0x00000000ef300000,0x00000000ef300000,0x00000000f0180000)
 ParOldGen       total 53760K, used 8678K [0x00000000a0000000, 0x00000000a3480000, 0x00000000e0000000)
  object space 53760K, 16% used [0x00000000a0000000,0x00000000a0879948,0x00000000a3480000)
 Metaspace       used 34671K, capacity 35386K, committed 35496K, reserved 1079296K
  class space    used 4778K, capacity 5026K, committed 5120K, reserved 1048576K
Event: 14.910 GC heap after
Heap after GC invocations=9 (full 1):
 PSYoungGen      total 242688K, used 11467K [0x00000000e0000000, 0x00000000eff80000, 0x0000000100000000)
  eden space 229888K, 0% used [0x00000000e0000000,0x00000000e0000000,0x00000000ee080000)
  from space 12800K, 89% used [0x00000000ef300000,0x00000000efe32e68,0x00000000eff80000)
  to   space 15872K, 0% used [0x00000000ee080000,0x00000000ee080000,0x00000000ef000000)
 ParOldGen       total 53760K, used 8686K [0x00000000a0000000, 0x00000000a3480000, 0x00000000e0000000)
  object space 53760K, 16% used [0x00000000a0000000,0x00000000a087b948,0x00000000a3480000)
 Metaspace       used 34671K, capacity 35386K, committed 35496K, reserved 1079296K
  class space    used 4778K, capacity 5026K, committed 5120K, reserved 1048576K
}
Event: 14.911 GC heap before
{Heap before GC invocations=10 (full 2):
 PSYoungGen      total 242688K, used 11467K [0x00000000e0000000, 0x00000000eff80000, 0x0000000100000000)
  eden space 229888K, 0% used [0x00000000e0000000,0x00000000e0000000,0x00000000ee080000)
  from space 12800K, 89% used [0x00000000ef300000,0x00000000efe32e68,0x00000000eff80000)
  to   space 15872K, 0% used [0x00000000ee080000,0x00000000ee080000,0x00000000ef000000)
 ParOldGen       total 53760K, used 8686K [0x00000000a0000000, 0x00000000a3480000, 0x00000000e0000000)
  object space 53760K, 16% used [0x00000000a0000000,0x00000000a087b948,0x00000000a3480000)
 Metaspace       used 34671K, capacity 35386K, committed 35496K, reserved 1079296K
  class space    used 4778K, capacity 5026K, committed 5120K, reserved 1048576K
Event: 15.041 GC heap after
Heap after GC invocations=10 (full 2):
 PSYoungGen      total 242688K, used 0K [0x00000000e0000000, 0x00000000eff80000, 0x0000000100000000)
  eden space 229888K, 0% used [0x00000000e0000000,0x00000000e0000000,0x00000000ee080000)
  from space 12800K, 0% used [0x00000000ef300000,0x00000000ef300000,0x00000000eff80000)
  to   space 15872K, 0% used [0x00000000ee080000,0x00000000ee080000,0x00000000ef000000)
 ParOldGen       total 76800K, used 18817K [0x00000000a0000000, 0x00000000a4b00000, 0x00000000e0000000)
  object space 76800K, 24% used [0x00000000a0000000,0x00000000a12606e8,0x00000000a4b00000)
 Metaspace       used 34671K, capacity 35386K, committed 35496K, reserved 1079296K
  class space    used 4778K, capacity 5026K, committed 5120K, reserved 1048576K
}
Event: 23.240 GC heap before
{Heap before GC invocations=11 (full 2):
 PSYoungGen      total 242688K, used 229888K [0x00000000e0000000, 0x00000000eff80000, 0x0000000100000000)
  eden space 229888K, 100% used [0x00000000e0000000,0x00000000ee080000,0x00000000ee080000)
  from space 12800K, 0% used [0x00000000ef300000,0x00000000ef300000,0x00000000eff80000)
  to   space 15872K, 0% used [0x00000000ee080000,0x00000000ee080000,0x00000000ef000000)
 ParOldGen       total 76800K, used 18817K [0x00000000a0000000, 0x00000000a4b00000, 0x00000000e0000000)
  object space 76800K, 24% used [0x00000000a0000000,0x00000000a12606e8,0x00000000a4b00000)
 Metaspace       used 55017K, capacity 56766K, committed 57088K, reserved 1097728K
  class space    used 7405K, capacity 7827K, committed 7936K, reserved 1048576K
Event: 23.301 GC heap after
Heap after GC invocations=11 (full 2):
 PSYoungGen      total 245760K, used 15869K [0x00000000e0000000, 0x00000000eff80000, 0x0000000100000000)
  eden space 229888K, 0% used [0x00000000e0000000,0x00000000e0000000,0x00000000ee080000)
  from space 15872K, 99% used [0x00000000ee080000,0x00000000eefff598,0x00000000ef000000)
  to   space 12800K, 0% used [0x00000000ef300000,0x00000000ef300000,0x00000000eff80000)
 ParOldGen       total 76800K, used 31075K [0x00000000a0000000, 0x00000000a4b00000, 0x00000000e0000000)
  object space 76800K, 40% used [0x00000000a0000000,0x00000000a1e58f48,0x00000000a4b00000)
 Metaspace       used 55017K, capacity 56766K, committed 57088K, reserved 1097728K
  class space    used 7405K, capacity 7827K, committed 7936K, reserved 1048576K
}

Deoptimization events (10 events):
Event: 20.369 Thread 0x000000001873c800 Uncommon trap: reason=unstable_if action=reinterpret pc=0x0000000003391b50 method=groovy.lang.MetaClassImpl.filterPropertyMethod(Ljava/lang/Object;ZZ)Ljava/lang/Object; @ 192
Event: 20.954 Thread 0x000000001873c800 Uncommon trap: reason=unstable_if action=reinterpret pc=0x000000000343af30 method=org.gradle.internal.reflect.PropertyAccessorType.of(Ljava/lang/reflect/Method;)Lorg/gradle/internal/reflect/PropertyAccessorType; @ 56
Event: 20.995 Thread 0x000000001873c800 Uncommon trap: reason=unstable_if action=reinterpret pc=0x0000000003021df0 method=java.lang.ClassValue.match(Ljava/lang/ClassValue$Entry;)Z @ 12
Event: 21.371 Thread 0x000000001873c800 Uncommon trap: reason=speculate_class_check action=maybe_recompile pc=0x0000000003191a68 method=com.google.common.collect.AbstractIndexedListIterator.next()Ljava/lang/Object; @ 27
Event: 21.372 Thread 0x000000001873c800 Uncommon trap: reason=speculate_class_check action=maybe_recompile pc=0x0000000003191a68 method=com.google.common.collect.AbstractIndexedListIterator.next()Ljava/lang/Object; @ 27
Event: 21.372 Thread 0x000000001873c800 Uncommon trap: reason=speculate_class_check action=maybe_recompile pc=0x0000000003191a68 method=com.google.common.collect.AbstractIndexedListIterator.next()Ljava/lang/Object; @ 27
Event: 21.372 Thread 0x000000001873c800 Uncommon trap: reason=speculate_class_check action=maybe_recompile pc=0x0000000003191a68 method=com.google.common.collect.AbstractIndexedListIterator.next()Ljava/lang/Object; @ 27
Event: 21.401 Thread 0x000000001873c800 Uncommon trap: reason=unstable_if action=reinterpret pc=0x0000000003456bf0 method=org.gradle.internal.instantiation.AbstractClassGenerator$InjectionAnnotationValidator.validateMethod(Ljava/lang/reflect/Method;Lorg/gradle/internal/reflect/PropertyAccessorT
Event: 21.469 Thread 0x000000001873c800 Uncommon trap: reason=unstable_if action=reinterpret pc=0x0000000003268ffc method=groovy.lang.MetaClassImpl$1MOPIter.methodNameAction(Ljava/lang/Class;Lorg/codehaus/groovy/runtime/metaclass/MetaMethodIndex$Entry;)V @ 182
Event: 23.441 Thread 0x000000001873c800 Uncommon trap: reason=unstable_if action=reinterpret pc=0x000000000321a8c4 method=org.codehaus.groovy.runtime.metaclass.MetaMethodIndex.addMethodToList(Ljava/lang/Object;Lgroovy/lang/MetaMethod;)Ljava/lang/Object; @ 256

Classes redefined (0 events):
No events

Internal exceptions (10 events):
Event: 23.804 Thread 0x000000001873c800 Exception <a 'java/lang/ClassNotFoundException': org/gradle/api/internal/provider/AbstractMinimalProviderCustomizer> (0x00000000e10ef988) thrown at [D:\src\AOSP-openjdk-cygwin\jdk8u\hotspot\src\share\vm\classfile\systemDictionary.cpp, line 210]
Event: 23.806 Thread 0x000000001873c800 Exception <a 'java/lang/ClassNotFoundException': org/gradle/api/internal/provider/AbstractReadOnlyProviderCustomizer> (0x00000000e1120328) thrown at [D:\src\AOSP-openjdk-cygwin\jdk8u\hotspot\src\share\vm\classfile\systemDictionary.cpp, line 210]
Event: 23.807 Thread 0x000000001873c800 Exception <a 'java/lang/ClassNotFoundException': org/gradle/api/internal/DefaultNamedDomainObjectCollection$AbstractNamedDomainObjectProviderCustomizer> (0x00000000e114b550) thrown at [D:\src\AOSP-openjdk-cygwin\jdk8u\hotspot\src\share\vm\classfile\system
Event: 23.808 Thread 0x000000001873c800 Exception <a 'java/lang/ClassNotFoundException': org/gradle/api/internal/DefaultNamedDomainObjectCollection$AbstractDomainObjectCreatingProviderCustomizer> (0x00000000e1180200) thrown at [D:\src\AOSP-openjdk-cygwin\jdk8u\hotspot\src\share\vm\classfile\sys
Event: 23.811 Thread 0x000000001873c800 Exception <a 'java/lang/ClassNotFoundException': org/gradle/api/internal/tasks/DefaultTaskContainer$TaskCreatingProviderCustomizer> (0x00000000e11af998) thrown at [D:\src\AOSP-openjdk-cygwin\jdk8u\hotspot\src\share\vm\classfile\systemDictionary.cpp, line 
Event: 23.814 Thread 0x000000001873c800 Exception <a 'java/lang/ClassNotFoundException': org/gradle/api/internal/tasks/DefaultTaskContainer$TaskCreatingProvider_DecoratedCustomizer> (0x00000000e11da8d0) thrown at [D:\src\AOSP-openjdk-cygwin\jdk8u\hotspot\src\share\vm\classfile\systemDictionary.
Event: 23.914 Thread 0x000000001873c800 Exception <a 'java/lang/ClassNotFoundException': com/google/android/gms/dependencies/DependencyAnalyzerBeanInfo> (0x00000000e13e7350) thrown at [D:\src\AOSP-openjdk-cygwin\jdk8u\hotspot\src\share\vm\classfile\systemDictionary.cpp, line 210]
Event: 23.919 Thread 0x000000001873c800 Exception <a 'java/lang/ClassNotFoundException': com/google/android/gms/dependencies/DependencyAnalyzerCustomizer> (0x00000000e1403440) thrown at [D:\src\AOSP-openjdk-cygwin\jdk8u\hotspot\src\share\vm\classfile\systemDictionary.cpp, line 210]
Event: 23.944 Thread 0x000000001873c800 Exception <a 'java/lang/ClassNotFoundException': com/google/android/gms/dependencies/DependencyInspectorBeanInfo> (0x00000000e14775f8) thrown at [D:\src\AOSP-openjdk-cygwin\jdk8u\hotspot\src\share\vm\classfile\systemDictionary.cpp, line 210]
Event: 23.944 Thread 0x000000001873c800 Exception <a 'java/lang/ClassNotFoundException': com/google/android/gms/dependencies/DependencyInspectorCustomizer> (0x00000000e1493778) thrown at [D:\src\AOSP-openjdk-cygwin\jdk8u\hotspot\src\share\vm\classfile\systemDictionary.cpp, line 210]

Events (10 events):
Event: 23.971 loading class org/gradle/internal/time/TimeSource$1
Event: 23.971 loading class org/gradle/internal/time/TimeSource$1 done
Event: 23.971 loading class org/gradle/internal/time/DefaultCountdownTimer
Event: 23.971 loading class org/gradle/internal/time/DefaultCountdownTimer done
Event: 23.972 loading class org/gradle/internal/time/DefaultTimer
Event: 23.972 loading class org/gradle/internal/time/DefaultTimer done
Event: 23.972 loading class org/gradle/internal/impldep/com/google/common/base/Preconditions
Event: 23.972 loading class org/gradle/internal/impldep/com/google/common/base/Preconditions done
Event: 23.975 loading class org/gradle/tooling/internal/adapter/TypeInspector
Event: 23.975 loading class org/gradle/tooling/internal/adapter/TypeInspector done


Dynamic libraries:
0x00007ff605d60000 - 0x00007ff605d91000 	C:\Program Files\Android\Android Studio\jre\bin\java.exe
0x00007ffe02140000 - 0x00007ffe02330000 	C:\WINDOWS\SYSTEM32\ntdll.dll
0x00007ffe00620000 - 0x00007ffe006d2000 	C:\WINDOWS\System32\KERNEL32.DLL
0x00007ffdfff40000 - 0x00007ffe001e4000 	C:\WINDOWS\System32\KERNELBASE.dll
0x00007ffe014b0000 - 0x00007ffe01553000 	C:\WINDOWS\System32\ADVAPI32.dll
0x00007ffe002c0000 - 0x00007ffe0035e000 	C:\WINDOWS\System32\msvcrt.dll
0x00007ffe00890000 - 0x00007ffe00927000 	C:\WINDOWS\System32\sechost.dll
0x00007ffe00930000 - 0x00007ffe00a50000 	C:\WINDOWS\System32\RPCRT4.dll
0x00007ffe00cf0000 - 0x00007ffe00e84000 	C:\WINDOWS\System32\USER32.dll
0x00007ffdff0c0000 - 0x00007ffdff0e1000 	C:\WINDOWS\System32\win32u.dll
0x00007ffe00ab0000 - 0x00007ffe00ad6000 	C:\WINDOWS\System32\GDI32.dll
0x00007ffdffc00000 - 0x00007ffdffd96000 	C:\WINDOWS\System32\gdi32full.dll
0x00007ffdffda0000 - 0x00007ffdffe3e000 	C:\WINDOWS\System32\msvcp_win.dll
0x00007ffdff260000 - 0x00007ffdff35a000 	C:\WINDOWS\System32\ucrtbase.dll
0x00007ffde7ed0000 - 0x00007ffde8154000 	C:\WINDOWS\WinSxS\amd64_microsoft.windows.common-controls_6595b64144ccf1df_6.0.18362.959_none_e6c7bbbf130c62bb\COMCTL32.dll
0x00007ffe01d50000 - 0x00007ffe02085000 	C:\WINDOWS\System32\combase.dll
0x00007ffdffb20000 - 0x00007ffdffba0000 	C:\WINDOWS\System32\bcryptPrimitives.dll
0x00007ffe00b60000 - 0x00007ffe00b8e000 	C:\WINDOWS\System32\IMM32.DLL
0x00000000776d0000 - 0x00000000777a2000 	C:\Program Files\Android\Android Studio\jre\jre\bin\msvcr100.dll
0x00000000777b0000 - 0x0000000077ff6000 	C:\Program Files\Android\Android Studio\jre\jre\bin\server\jvm.dll
0x00007ffe01d40000 - 0x00007ffe01d48000 	C:\WINDOWS\System32\PSAPI.DLL
0x00007ffdfb8b0000 - 0x00007ffdfb8d4000 	C:\WINDOWS\SYSTEM32\WINMM.dll
0x00007ffdfb310000 - 0x00007ffdfb319000 	C:\WINDOWS\SYSTEM32\WSOCK32.dll
0x00007ffdecd10000 - 0x00007ffdecd1a000 	C:\WINDOWS\SYSTEM32\VERSION.dll
0x00007ffe00e90000 - 0x00007ffe00eff000 	C:\WINDOWS\System32\WS2_32.dll
0x00007ffdfb750000 - 0x00007ffdfb77d000 	C:\WINDOWS\SYSTEM32\winmmbase.dll
0x00007ffdffef0000 - 0x00007ffdfff3a000 	C:\WINDOWS\System32\cfgmgr32.dll
0x00007ffdf92a0000 - 0x00007ffdf92af000 	C:\Program Files\Android\Android Studio\jre\jre\bin\verify.dll
0x00007ffde8b20000 - 0x00007ffde8b49000 	C:\Program Files\Android\Android Studio\jre\jre\bin\java.dll
0x00007ffdf6350000 - 0x00007ffdf6366000 	C:\Program Files\Android\Android Studio\jre\jre\bin\zip.dll
0x00007ffe01650000 - 0x00007ffe01d36000 	C:\WINDOWS\System32\SHELL32.dll
0x00007ffe00570000 - 0x00007ffe00619000 	C:\WINDOWS\System32\shcore.dll
0x00007ffdff360000 - 0x00007ffdffae2000 	C:\WINDOWS\System32\windows.storage.dll
0x00007ffdff000000 - 0x00007ffdff023000 	C:\WINDOWS\System32\profapi.dll
0x00007ffdff030000 - 0x00007ffdff07a000 	C:\WINDOWS\System32\powrprof.dll
0x00007ffdfeff0000 - 0x00007ffdff000000 	C:\WINDOWS\System32\UMPDC.dll
0x00007ffe015e0000 - 0x00007ffe01632000 	C:\WINDOWS\System32\shlwapi.dll
0x00007ffdff0a0000 - 0x00007ffdff0b1000 	C:\WINDOWS\System32\kernel.appcore.dll
0x00007ffdff240000 - 0x00007ffdff257000 	C:\WINDOWS\System32\cryptsp.dll
0x00007ffdf6320000 - 0x00007ffdf633a000 	C:\Program Files\Android\Android Studio\jre\jre\bin\net.dll
0x00007ffdf77b0000 - 0x00007ffdf7986000 	C:\WINDOWS\SYSTEM32\urlmon.dll
0x00007ffdf4510000 - 0x00007ffdf47b6000 	C:\WINDOWS\SYSTEM32\iertutil.dll
0x00007ffdfe9d0000 - 0x00007ffdfe9dc000 	C:\WINDOWS\SYSTEM32\CRYPTBASE.DLL
0x00007ffdfe800000 - 0x00007ffdfe867000 	C:\WINDOWS\system32\mswsock.dll
0x00007ffded8d0000 - 0x00007ffded8e3000 	C:\Program Files\Android\Android Studio\jre\jre\bin\nio.dll
0x00007ffde3970000 - 0x00007ffde3996000 	C:\Users\Cecy\.gradle\native\30\windows-amd64\native-platform.dll
0x00007ffdf9140000 - 0x00007ffdf914d000 	C:\Program Files\Android\Android Studio\jre\jre\bin\management.dll
0x00007ffdfe370000 - 0x00007ffdfe3a3000 	C:\WINDOWS\system32\rsaenh.dll
0x00007ffdffaf0000 - 0x00007ffdffb16000 	C:\WINDOWS\System32\bcrypt.dll
0x00007ffdfef10000 - 0x00007ffdfef35000 	C:\WINDOWS\SYSTEM32\USERENV.dll
0x00007ffdfe510000 - 0x00007ffdfe54a000 	C:\WINDOWS\SYSTEM32\IPHLPAPI.DLL
0x00007ffe01640000 - 0x00007ffe01648000 	C:\WINDOWS\System32\NSI.dll
0x00007ffdf7770000 - 0x00007ffdf7786000 	C:\WINDOWS\SYSTEM32\dhcpcsvc6.DLL
0x00007ffdf81e0000 - 0x00007ffdf81fc000 	C:\WINDOWS\SYSTEM32\dhcpcsvc.DLL
0x00007ffdfe5b0000 - 0x00007ffdfe67b000 	C:\WINDOWS\SYSTEM32\DNSAPI.dll

VM Arguments:
jvm_args: -Xmx1536m -Dfile.encoding=windows-1252 -Duser.country=US -Duser.language=en -Duser.variant 
java_command: org.gradle.launcher.daemon.bootstrap.GradleDaemon 5.6.4
java_class_path (initial): C:\Users\Cecy\.gradle\wrapper\dists\gradle-5.6.4-all\ankdp27end7byghfw1q2sw75f\gradle-5.6.4\lib\gradle-launcher-5.6.4.jar
Launcher Type: SUN_STANDARD

Environment Variables:
PATH=C:\Program Files (x86)\Common Files\Oracle\Java\javapath;C:\Program Files (x86)\Intel\Intel(R) Management Engine Components\iCLS\;C:\Program Files\Intel\Intel(R) Management Engine Components\iCLS\;C:\WINDOWS\system32;C:\WINDOWS;C:\WINDOWS\System32\Wbem;C:\WINDOWS\System32\WindowsPowerShell\v1.0\;C:\WINDOWS\System32\OpenSSH\;C:\Program Files (x86)\Intel\Intel(R) Management Engine Components\DAL;C:\Program Files\Intel\Intel(R) Management Engine Components\DAL;C:\Program Files (x86)\Intel\Intel(R) Management Engine Components\IPT;C:\Program Files\Intel\Intel(R) Management Engine Components\IPT;C:\Program Files(x86)\Common Files\Oracle\Javax\mail.jar;C:\Program Files(x86)\Common Files\Oracle\Javax\activation.jar;C:\cygwin64\bin;C:\Program Files\Java\jdk1.8.0_192\bin;C:\Users\Cecy\AppData\Roaming\Microsoft\Windows\Start Menu\Programs;C:\Users\Cecy\AppData\Roaming\Microsoft\Windows\Start Menu\Programs\Python 3.7;C:\Users\Cecy\Downloads\python-3.7.3;C:\xampp\php;C:\composer;C:\Program Files\nodejs\;C:\Users\Cecy\AppData\Roaming\Microsoft\Windows\Start Menu\Programs\Python 3.8\Scripts\;C:\Users\Cecy\AppData\Roaming\Microsoft\Windows\Start Menu\Programs\Python 3.8;C:\Users\Cecy\AppData\Roaming\Microsoft\Windows\Start Menu\Programs\Python 3.8\Scripts\virtualenv.exe;C:\Users\Cecy\AppData\Local\Packages\PythonSoftwareFoundation.Python.3.8_qbz5n2kfra8p0\LocalCache\local-packages\Python38\Scripts;'C:\\Users\\Cecy\\AppData\\Local\\Packages\\PythonSoftwareFoundation.Python.3.8_qbz5n2kfra8p0\\LocalCache\\local-packages\\Python38\\site-packages\\twilio\\rest\\api\\v2010\\account\\sip\\domain\\auth_types\\auth_calls_mapping\\__pycache__\\auth_calls_credent;C:\Program Files\Git\cmd;C:\Ruby26-x64\bin;C:\Users\Cecy\AppData\Local\Microsoft\WindowsApps;C:\Program Files\Java\jdk1.8.0_192\bin;C:\Users\Cecy\AppData\Roaming\Composer\vendor\bin;C:\Users\Cecy\AppData\Roaming\npm;C:\Users\Cecy\AppData\Local\Programs\Microsoft VS Code\bin;C:\Program Files\heroku\bin;C:\MinGW\bin;
USERNAME=Cecy
OS=Windows_NT
PROCESSOR_IDENTIFIER=Intel64 Family 6 Model 142 Stepping 10, GenuineIntel



---------------  S Y S T E M  ---------------

OS: Windows 10.0 , 64 bit Build 18362 (10.0.18362.959)

CPU:total 4 (initial active 4) (2 cores per cpu, 2 threads per core) family 6 model 142 stepping 10, cmov, cx8, fxsr, mmx, sse, sse2, sse3, ssse3, sse4.1, sse4.2, popcnt, avx, avx2, aes, clmul, erms, 3dnowpref, lzcnt, ht, tsc, tscinvbit, bmi1, bmi2, adx

Memory: 4k page, physical 8251788k(846216k free), swap 10200460k(5456k free)

vm_info: OpenJDK 64-Bit Server VM (25.212-b04) for windows-amd64 JRE (1.8.0_212-release-1586-b04), built by "builder" with MS VC++ 10.0 (VS2010)

time: Thu Aug 13 10:50:50 2020
timezone: E. Africa Standard Time
elapsed time: 23 seconds (0d 0h 0m 23s)

