#
# There is insufficient memory for the Java Runtime Environment to continue.
# Native memory allocation (malloc) failed to allocate 1449136 bytes for Chunk::new
# Possible reasons:
#   The system is out of physical RAM or swap space
#   The process is running with CompressedOops enabled, and the Java Heap may be blocking the growth of the native heap
# Possible solutions:
#   Reduce memory load on the system
#   Increase physical memory or swap space
#   Check if swap backing store is full
#   Decrease Java heap size (-Xmx/-Xms)
#   Decrease number of Java threads
#   Decrease Java thread stack sizes (-Xss)
#   Set larger code cache with -XX:ReservedCodeCacheSize=
#   JVM is running with Unscaled Compressed Oops mode in which the Java heap is
#     placed in the first 4GB address space. The Java Heap base address is the
#     maximum limit for the native heap growth. Please use -XX:HeapBaseMinAddress
#     to set the Java Heap base and to place the Java Heap above 4GB virtual address.
# This output file may be truncated or incomplete.
#
#  Out of Memory Error (allocation.cpp:389), pid=19040, tid=0x0000000000009e24
#
# JRE version: OpenJDK Runtime Environment (8.0_212-b04) (build 1.8.0_212-release-1586-b04)
# Java VM: OpenJDK 64-Bit Server VM (25.212-b04 mixed mode windows-amd64 compressed oops)
# Failed to write core dump. Minidumps are not enabled by default on client versions of Windows
#

---------------  T H R E A D  ---------------

Current thread (0x000000001663d000):  JavaThread "C2 CompilerThread0" daemon [_thread_in_native, id=40484, stack(0x0000000017c90000,0x0000000017d90000)]

Stack: [0x0000000017c90000,0x0000000017d90000]
[error occurred during error reporting (printing stack bounds), id 0xc0000005]

Native frames: (J=compiled Java code, j=interpreted, Vv=VM code, C=native code)


Current CompileTask:
C2: 393107 20496 %     4       com.android.tools.r8.ir.regalloc.LinearScanRegisterAllocator::a @ 1570 (3993 bytes)


---------------  P R O C E S S  ---------------

Java Threads: ( => current thread )
  0x000000001f49f000 JavaThread "Cache worker for Java compile cache (C:\Users\Cecy\StudioProjects\FinalMtenant\.gradle\5.6.4\javaCompile)" [_thread_blocked, id=29344, stack(0x000000002c480000,0x000000002c580000)]
  0x000000001f497800 JavaThread "Cache worker for Java compile cache (C:\Users\Cecy\.gradle\caches\5.6.4\javaCompile)" [_thread_blocked, id=28000, stack(0x000000002c7b0000,0x000000002c8b0000)]
  0x000000001f49e800 JavaThread "stdout" [_thread_in_native, id=25760, stack(0x0000000027070000,0x0000000027170000)]
  0x000000001f49d800 JavaThread "stderr" [_thread_in_native, id=36532, stack(0x0000000026f70000,0x0000000027070000)]
  0x000000001f493000 JavaThread "stdout" [_thread_in_native, id=36292, stack(0x0000000026e70000,0x0000000026f70000)]
  0x000000001f497000 JavaThread "stderr" [_thread_in_native, id=35220, stack(0x0000000026d70000,0x0000000026e70000)]
  0x000000001f494800 JavaThread "stdout" [_thread_in_native, id=13004, stack(0x0000000026c70000,0x0000000026d70000)]
  0x000000001f494000 JavaThread "stderr" [_thread_in_native, id=25708, stack(0x0000000026820000,0x0000000026920000)]
  0x000000001f496000 JavaThread "stdout" [_thread_in_native, id=10572, stack(0x0000000026b70000,0x0000000026c70000)]
  0x000000001f49a000 JavaThread "stderr" [_thread_in_native, id=18192, stack(0x0000000026a70000,0x0000000026b70000)]
  0x000000001f495800 JavaThread "pool-22-thread-1" [_thread_blocked, id=37544, stack(0x0000000026970000,0x0000000026a70000)]
  0x000000001f498800 JavaThread "WorkerExecutor Queue Thread 4" [_thread_blocked, id=3860, stack(0x0000000025690000,0x0000000025790000)]
  0x0000000019816800 JavaThread "WorkerExecutor Queue Thread 3" [_thread_in_native, id=39080, stack(0x0000000025590000,0x0000000025690000)]
  0x0000000019816000 JavaThread "WorkerExecutor Queue Thread 2" [_thread_blocked, id=40504, stack(0x0000000025490000,0x0000000025590000)]
  0x000000001981c800 JavaThread "WorkerExecutor Queue" [_thread_blocked, id=36244, stack(0x0000000025390000,0x0000000025490000)]
  0x00000000195c0000 JavaThread "Cache worker for execution history cache (C:\Users\Cecy\StudioProjects\FinalMtenant\.gradle\5.6.4\executionHistory)" [_thread_blocked, id=39408, stack(0x0000000025090000,0x0000000025190000)]
  0x00000000195b4000 JavaThread "Execution worker for ':' Thread 3" [_thread_in_native, id=18220, stack(0x0000000024b90000,0x0000000024c90000)]
  0x00000000195bb000 JavaThread "Execution worker for ':' Thread 2" [_thread_in_Java, id=28064, stack(0x0000000024a90000,0x0000000024b90000)]
  0x00000000195b8800 JavaThread "Execution worker for ':'" [_thread_in_native, id=1940, stack(0x0000000024990000,0x0000000024a90000)]
  0x000000001fde0800 JavaThread "Cache worker for file content cache (C:\Users\Cecy\StudioProjects\FinalMtenant\.gradle\5.6.4\fileContent)" [_thread_blocked, id=8460, stack(0x0000000024890000,0x0000000024990000)]
  0x000000001fde6800 JavaThread "Cache worker for Build Output Cleanup Cache (C:\Users\Cecy\StudioProjects\FinalMtenant\.gradle\buildOutputCleanup)" [_thread_blocked, id=39112, stack(0x0000000024790000,0x0000000024890000)]
  0x000000001fde5800 JavaThread "Build operations Thread 4" [_thread_blocked, id=28960, stack(0x0000000024590000,0x0000000024690000)]
  0x000000001fde5000 JavaThread "Build operations Thread 3" [_thread_blocked, id=32096, stack(0x0000000024300000,0x0000000024400000)]
  0x000000001fde4000 JavaThread "Build operations Thread 2" [_thread_blocked, id=17056, stack(0x0000000024200000,0x0000000024300000)]
  0x000000001fde3800 JavaThread "Build operations" [_thread_blocked, id=33492, stack(0x0000000021fe0000,0x00000000220e0000)]
  0x000000001fde2800 JavaThread "Cache worker for cache directory md-rule (C:\Users\Cecy\.gradle\caches\5.6.4\md-rule)" [_thread_blocked, id=40596, stack(0x0000000021ee0000,0x0000000021fe0000)]
  0x000000001fde2000 JavaThread "Cache worker for cache directory md-supplier (C:\Users\Cecy\.gradle\caches\5.6.4\md-supplier)" [_thread_blocked, id=30072, stack(0x0000000020d90000,0x0000000020e90000)]
  0x000000001fdd8000 JavaThread "Cache worker for file hash cache (C:\Users\Cecy\StudioProjects\FinalMtenant\.gradle\5.6.4\fileHashes)" [_thread_blocked, id=17976, stack(0x0000000020190000,0x0000000020290000)]
  0x000000001fddf000 JavaThread "Thread-117" [_thread_blocked, id=33580, stack(0x000000001ee50000,0x000000001ef50000)]
  0x000000001fdd9000 JavaThread "Asynchronous log dispatcher for DefaultDaemonConnection: socket connection from /127.0.0.1:51080 to /127.0.0.1:51127" [_thread_blocked, id=19768, stack(0x000000001beb0000,0x000000001bfb0000)]
  0x000000001fddd800 JavaThread "Cancel handler" [_thread_blocked, id=37964, stack(0x000000001bab0000,0x000000001bbb0000)]
  0x000000001fddc800 JavaThread "Handler for socket connection from /127.0.0.1:51080 to /127.0.0.1:51127" [_thread_in_native, id=31668, stack(0x00000000029d0000,0x0000000002ad0000)]
  0x00000000195be000 JavaThread "Daemon worker Thread 2" [_thread_blocked, id=30620, stack(0x000000001bbb0000,0x000000001bcb0000)]
  0x00000000195b8000 JavaThread "Daemon Thread 2" [_thread_blocked, id=20556, stack(0x0000000000fd0000,0x00000000010d0000)]
  0x00000000195bd000 JavaThread "Cache worker for file content cache (C:\Users\Cecy\.gradle\caches\5.6.4\fileContent)" [_thread_blocked, id=10360, stack(0x0000000024690000,0x0000000024790000)]
  0x00000000195b2800 JavaThread "Memory manager" [_thread_blocked, id=16436, stack(0x0000000023310000,0x0000000023410000)]
  0x00000000195b5800 JavaThread "Cache worker for execution history cache (C:\Users\Cecy\.gradle\caches\5.6.4\executionHistory)" [_thread_blocked, id=20140, stack(0x0000000020290000,0x0000000020390000)]
  0x0000000019819800 JavaThread "Cache worker for journal cache (C:\Users\Cecy\.gradle\caches\journal-1)" [_thread_blocked, id=1748, stack(0x000000001c3b0000,0x000000001c4b0000)]
  0x0000000019818000 JavaThread "File lock request listener" [_thread_in_native, id=33996, stack(0x000000001c2b0000,0x000000001c3b0000)]
  0x0000000019817800 JavaThread "Cache worker for file hash cache (C:\Users\Cecy\.gradle\caches\5.6.4\fileHashes)" [_thread_blocked, id=32584, stack(0x000000001c1b0000,0x000000001c2b0000)]
  0x0000000019f6f800 JavaThread "Daemon periodic checks" [_thread_blocked, id=17756, stack(0x000000001b5b0000,0x000000001b6b0000)]
  0x0000000018b52800 JavaThread "Incoming local TCP Connector on port 51080" [_thread_in_native, id=38240, stack(0x000000001b370000,0x000000001b470000)]
  0x0000000018310000 JavaThread "Daemon health stats" [_thread_blocked, id=14764, stack(0x000000001ad30000,0x000000001ae30000)]
  0x0000000017f96000 JavaThread "Service Thread" daemon [_thread_blocked, id=27264, stack(0x0000000018390000,0x0000000018490000)]
  0x000000001669c000 JavaThread "C1 CompilerThread2" daemon [_thread_blocked, id=33004, stack(0x0000000017e90000,0x0000000017f90000)]
  0x0000000016641800 JavaThread "C2 CompilerThread1" daemon [_thread_in_native, id=28820, stack(0x0000000017d90000,0x0000000017e90000)]
=>0x000000001663d000 JavaThread "C2 CompilerThread0" daemon [_thread_in_native, id=40484, stack(0x0000000017c90000,0x0000000017d90000)]
  0x000000001663b800 JavaThread "Attach Listener" daemon [_thread_blocked, id=30136, stack(0x0000000017b90000,0x0000000017c90000)]
  0x000000001663a000 JavaThread "Signal Dispatcher" daemon [_thread_blocked, id=39052, stack(0x0000000017a90000,0x0000000017b90000)]
  0x0000000002cc7000 JavaThread "Finalizer" daemon [_thread_blocked, id=3036, stack(0x0000000017890000,0x0000000017990000)]
  0x0000000016629000 JavaThread "Reference Handler" daemon [_thread_blocked, id=37092, stack(0x0000000017790000,0x0000000017890000)]
  0x00000000029be800 JavaThread "main" [_thread_blocked, id=34276, stack(0x0000000002ad0000,0x0000000002bd0000)]

Other Threads:
  0x0000000016607000 VMThread [stack: 0x0000000017690000,0x0000000017790000] [id=37084]
  0x0000000017f97000 WatcherThread [stack: 0x0000000018490000,0x0000000018590000] [id=20288]

VM state:not at safepoint (normal execution)

VM Mutex/Monitor currently owned by a thread: None

heap address: 0x00000000a0000000, size: 1536 MB, Compressed Oops mode: 32-bit
Narrow klass base: 0x0000000000000000, Narrow klass shift: 3
Compressed class space size: 1073741824 Address: 0x0000000100000000

Heap:
 PSYoungGen      total 247808K, used 17115K [0x00000000e0000000, 0x00000000f1a00000, 0x0000000100000000)
  eden space 206848K, 2% used [0x00000000e0000000,0x00000000e0566fd8,0x00000000eca00000)
  from space 40960K, 28% used [0x00000000ef100000,0x00000000efc4fd50,0x00000000f1900000)
  to   space 39936K, 0% used [0x00000000eca00000,0x00000000eca00000,0x00000000ef100000)
 ParOldGen       total 217088K, used 84873K [0x00000000a0000000, 0x00000000ad400000, 0x00000000e0000000)
  object space 217088K, 39% used [0x00000000a0000000,0x00000000a52e2590,0x00000000ad400000)
 Metaspace       used 100455K, capacity 105656K, committed 105768K, reserved 1140736K
  class space    used 12901K, capacity 14026K, committed 14136K, reserved 1048576K

Card table byte_map: [0x0000000012090000,0x00000000123a0000] byte_map_base: 0x0000000011b90000

Marking Bits: (ParMarkBitMap*) 0x0000000077f79f30
 Begin Bits: [0x00000000129a0000, 0x00000000141a0000)
 End Bits:   [0x00000000141a0000, 0x00000000159a0000)

Polling page: 0x0000000001160000

CodeCache: size=245760Kb used=59408Kb max_used=59419Kb free=186351Kb
 bounds [0x0000000002cd0000, 0x0000000006720000, 0x0000000011cd0000]
 total_blobs=17811 nmethods=16918 adapters=804
 compilation: enabled

Compilation events (10 events):
Event: 393.079 Thread 0x000000001669c000 20587       3       com.android.tools.r8.code.z1::<init> (16 bytes)
Event: 393.079 Thread 0x000000001669c000 nmethod 20587 0x0000000006716050 code [0x00000000067161c0, 0x0000000006716368]
Event: 393.081 Thread 0x000000001669c000 20588       1       com.android.tools.r8.u.b.h::v2 (3 bytes)
Event: 393.081 Thread 0x000000001669c000 nmethod 20588 0x0000000006715d90 code [0x0000000006715ee0, 0x0000000006715ff0]
Event: 393.086 Thread 0x000000001669c000 20589       1       com.android.tools.r8.u.b.h::I0 (2 bytes)
Event: 393.086 Thread 0x000000001669c000 nmethod 20589 0x0000000006715ad0 code [0x0000000006715c20, 0x0000000006715d30]
Event: 393.086 Thread 0x000000001669c000 20590       3       com.android.tools.r8.ir.analysis.type.a::equals (11 bytes)
Event: 393.087 Thread 0x000000001669c000 nmethod 20590 0x0000000006715750 code [0x00000000067158a0, 0x0000000006715a50]
Event: 393.088 Thread 0x000000001669c000 20592       2       com.android.tools.r8.u.b.e1::z2 (14 bytes)
Event: 393.088 Thread 0x000000001669c000 nmethod 20592 0x0000000006715390 code [0x0000000006715500, 0x00000000067156a8]

GC Heap History (10 events):
Event: 325.266 GC heap before
{Heap before GC invocations=26 (full 3):
 PSYoungGen      total 216064K, used 210825K [0x00000000e0000000, 0x00000000eea00000, 0x0000000100000000)
  eden space 194560K, 99% used [0x00000000e0000000,0x00000000ebdf18b8,0x00000000ebe00000)
  from space 21504K, 75% used [0x00000000ed400000,0x00000000ee3f0e18,0x00000000ee900000)
  to   space 22528K, 0% used [0x00000000ebe00000,0x00000000ebe00000,0x00000000ed400000)
 ParOldGen       total 123392K, used 61199K [0x00000000a0000000, 0x00000000a7880000, 0x00000000e0000000)
  object space 123392K, 49% used [0x00000000a0000000,0x00000000a3bc3d60,0x00000000a7880000)
 Metaspace       used 81728K, capacity 86408K, committed 86680K, reserved 1124352K
  class space    used 10576K, capacity 11576K, committed 11688K, reserved 1048576K
Event: 325.354 GC heap after
Heap after GC invocations=26 (full 3):
 PSYoungGen      total 217088K, used 22497K [0x00000000e0000000, 0x00000000f0380000, 0x0000000100000000)
  eden space 194560K, 0% used [0x00000000e0000000,0x00000000e0000000,0x00000000ebe00000)
  from space 22528K, 99% used [0x00000000ebe00000,0x00000000ed3f8650,0x00000000ed400000)
  to   space 30720K, 0% used [0x00000000ee580000,0x00000000ee580000,0x00000000f0380000)
 ParOldGen       total 123392K, used 75931K [0x00000000a0000000, 0x00000000a7880000, 0x00000000e0000000)
  object space 123392K, 61% used [0x00000000a0000000,0x00000000a4a26f60,0x00000000a7880000)
 Metaspace       used 81728K, capacity 86408K, committed 86680K, reserved 1124352K
  class space    used 10576K, capacity 11576K, committed 11688K, reserved 1048576K
}
Event: 363.941 GC heap before
{Heap before GC invocations=27 (full 3):
 PSYoungGen      total 217088K, used 217057K [0x00000000e0000000, 0x00000000f0380000, 0x0000000100000000)
  eden space 194560K, 100% used [0x00000000e0000000,0x00000000ebe00000,0x00000000ebe00000)
  from space 22528K, 99% used [0x00000000ebe00000,0x00000000ed3f8650,0x00000000ed400000)
  to   space 30720K, 0% used [0x00000000ee580000,0x00000000ee580000,0x00000000f0380000)
 ParOldGen       total 123392K, used 75931K [0x00000000a0000000, 0x00000000a7880000, 0x00000000e0000000)
  object space 123392K, 61% used [0x00000000a0000000,0x00000000a4a26f60,0x00000000a7880000)
 Metaspace       used 85450K, capacity 90192K, committed 90392K, reserved 1128448K
  class space    used 11028K, capacity 12050K, committed 12072K, reserved 1048576K
Event: 364.064 GC heap after
Heap after GC invocations=27 (full 3):
 PSYoungGen      total 228864K, used 30697K [0x00000000e0000000, 0x00000000f0e00000, 0x0000000100000000)
  eden space 198144K, 0% used [0x00000000e0000000,0x00000000e0000000,0x00000000ec180000)
  from space 30720K, 99% used [0x00000000ee580000,0x00000000f037a598,0x00000000f0380000)
  to   space 36864K, 0% used [0x00000000ec180000,0x00000000ec180000,0x00000000ee580000)
 ParOldGen       total 123392K, used 80768K [0x00000000a0000000, 0x00000000a7880000, 0x00000000e0000000)
  object space 123392K, 65% used [0x00000000a0000000,0x00000000a4ee0298,0x00000000a7880000)
 Metaspace       used 85450K, capacity 90192K, committed 90392K, reserved 1128448K
  class space    used 11028K, capacity 12050K, committed 12072K, reserved 1048576K
}
Event: 378.733 GC heap before
{Heap before GC invocations=28 (full 3):
 PSYoungGen      total 228864K, used 209636K [0x00000000e0000000, 0x00000000f0e00000, 0x0000000100000000)
  eden space 198144K, 90% used [0x00000000e0000000,0x00000000eaebea98,0x00000000ec180000)
  from space 30720K, 99% used [0x00000000ee580000,0x00000000f037a598,0x00000000f0380000)
  to   space 36864K, 0% used [0x00000000ec180000,0x00000000ec180000,0x00000000ee580000)
 ParOldGen       total 123392K, used 80768K [0x00000000a0000000, 0x00000000a7880000, 0x00000000e0000000)
  object space 123392K, 65% used [0x00000000a0000000,0x00000000a4ee0298,0x00000000a7880000)
 Metaspace       used 93492K, capacity 98462K, committed 98600K, reserved 1134592K
  class space    used 12034K, capacity 13099K, committed 13112K, reserved 1048576K
Event: 378.918 GC heap after
Heap after GC invocations=28 (full 3):
 PSYoungGen      total 235008K, used 32771K [0x00000000e0000000, 0x00000000f1900000, 0x0000000100000000)
  eden space 198144K, 0% used [0x00000000e0000000,0x00000000e0000000,0x00000000ec180000)
  from space 36864K, 88% used [0x00000000ec180000,0x00000000ee180e30,0x00000000ee580000)
  to   space 40960K, 0% used [0x00000000ef100000,0x00000000ef100000,0x00000000f1900000)
 ParOldGen       total 123392K, used 83812K [0x00000000a0000000, 0x00000000a7880000, 0x00000000e0000000)
  object space 123392K, 67% used [0x00000000a0000000,0x00000000a51d9108,0x00000000a7880000)
 Metaspace       used 93492K, capacity 98462K, committed 98600K, reserved 1134592K
  class space    used 12034K, capacity 13099K, committed 13112K, reserved 1048576K
}
Event: 378.918 GC heap before
{Heap before GC invocations=29 (full 4):
 PSYoungGen      total 235008K, used 32771K [0x00000000e0000000, 0x00000000f1900000, 0x0000000100000000)
  eden space 198144K, 0% used [0x00000000e0000000,0x00000000e0000000,0x00000000ec180000)
  from space 36864K, 88% used [0x00000000ec180000,0x00000000ee180e30,0x00000000ee580000)
  to   space 40960K, 0% used [0x00000000ef100000,0x00000000ef100000,0x00000000f1900000)
 ParOldGen       total 123392K, used 83812K [0x00000000a0000000, 0x00000000a7880000, 0x00000000e0000000)
  object space 123392K, 67% used [0x00000000a0000000,0x00000000a51d9108,0x00000000a7880000)
 Metaspace       used 93492K, capacity 98462K, committed 98600K, reserved 1134592K
  class space    used 12034K, capacity 13099K, committed 13112K, reserved 1048576K
Event: 380.036 GC heap after
Heap after GC invocations=29 (full 4):
 PSYoungGen      total 235008K, used 0K [0x00000000e0000000, 0x00000000f1900000, 0x0000000100000000)
  eden space 198144K, 0% used [0x00000000e0000000,0x00000000e0000000,0x00000000ec180000)
  from space 36864K, 0% used [0x00000000ec180000,0x00000000ec180000,0x00000000ee580000)
  to   space 40960K, 0% used [0x00000000ef100000,0x00000000ef100000,0x00000000f1900000)
 ParOldGen       total 217088K, used 84865K [0x00000000a0000000, 0x00000000ad400000, 0x00000000e0000000)
  object space 217088K, 39% used [0x00000000a0000000,0x00000000a52e0590,0x00000000ad400000)
 Metaspace       used 93289K, capacity 97862K, committed 98600K, reserved 1134592K
  class space    used 11971K, capacity 12995K, committed 13112K, reserved 1048576K
}
Event: 392.850 GC heap before
{Heap before GC invocations=30 (full 4):
 PSYoungGen      total 235008K, used 198144K [0x00000000e0000000, 0x00000000f1900000, 0x0000000100000000)
  eden space 198144K, 100% used [0x00000000e0000000,0x00000000ec180000,0x00000000ec180000)
  from space 36864K, 0% used [0x00000000ec180000,0x00000000ec180000,0x00000000ee580000)
  to   space 40960K, 0% used [0x00000000ef100000,0x00000000ef100000,0x00000000f1900000)
 ParOldGen       total 217088K, used 84865K [0x00000000a0000000, 0x00000000ad400000, 0x00000000e0000000)
  object space 217088K, 39% used [0x00000000a0000000,0x00000000a52e0590,0x00000000ad400000)
 Metaspace       used 100451K, capacity 105656K, committed 105768K, reserved 1140736K
  class space    used 12901K, capacity 14026K, committed 14136K, reserved 1048576K
Event: 393.040 GC heap after
Heap after GC invocations=30 (full 4):
 PSYoungGen      total 247808K, used 11583K [0x00000000e0000000, 0x00000000f1a00000, 0x0000000100000000)
  eden space 206848K, 0% used [0x00000000e0000000,0x00000000e0000000,0x00000000eca00000)
  from space 40960K, 28% used [0x00000000ef100000,0x00000000efc4fd50,0x00000000f1900000)
  to   space 39936K, 0% used [0x00000000eca00000,0x00000000eca00000,0x00000000ef100000)
 ParOldGen       total 217088K, used 84873K [0x00000000a0000000, 0x00000000ad400000, 0x00000000e0000000)
  object space 217088K, 39% used [0x00000000a0000000,0x00000000a52e2590,0x00000000ad400000)
 Metaspace       used 100451K, capacity 105656K, committed 105768K, reserved 1140736K
  class space    used 12901K, capacity 14026K, committed 14136K, reserved 1048576K
}

Deoptimization events (10 events):
Event: 389.720 Thread 0x00000000195bb000 Uncommon trap: reason=unstable_if action=reinterpret pc=0x0000000005b19350 method=com.android.tools.r8.s.a.a.b.t0.b(I[Ljava/lang/Object;)Lcom/android/tools/r8/s/a/a/b/t0; @ 179
Event: 389.755 Thread 0x00000000195bb000 Uncommon trap: reason=bimorphic action=maybe_recompile pc=0x0000000005abd600 method=com.android.tools.r8.u.b.j1.a(Lcom/android/tools/r8/ir/analysis/type/k;)Lcom/android/tools/r8/u/b/j1; @ 19
Event: 389.755 Thread 0x00000000195bb000 Uncommon trap: reason=bimorphic action=maybe_recompile pc=0x0000000005abd600 method=com.android.tools.r8.u.b.j1.a(Lcom/android/tools/r8/ir/analysis/type/k;)Lcom/android/tools/r8/u/b/j1; @ 19
Event: 389.755 Thread 0x00000000195bb000 Uncommon trap: reason=bimorphic action=maybe_recompile pc=0x0000000005abd600 method=com.android.tools.r8.u.b.j1.a(Lcom/android/tools/r8/ir/analysis/type/k;)Lcom/android/tools/r8/u/b/j1; @ 19
Event: 389.760 Thread 0x00000000195bb000 Uncommon trap: reason=bimorphic action=maybe_recompile pc=0x0000000005abd600 method=com.android.tools.r8.u.b.j1.a(Lcom/android/tools/r8/ir/analysis/type/k;)Lcom/android/tools/r8/u/b/j1; @ 19
Event: 390.152 Thread 0x00000000195b4000 Uncommon trap: reason=unstable_if action=reinterpret pc=0x00000000057be470 method=com.android.tools.r8.u.c.M.a(ILcom/android/tools/r8/u/b/j1;Lcom/android/tools/r8/u/b/l;Lcom/android/tools/r8/u/b/l$c;Lcom/android/tools/r8/u/b/M0$a;)Lcom/android/tools/r8/u/
Event: 390.168 Thread 0x00000000195b4000 Uncommon trap: reason=unstable_if action=reinterpret pc=0x0000000006427920 method=com.android.tools.r8.u.a.h.e.b(Lcom/android/tools/r8/u/b/d0;)V @ 11
Event: 391.279 Thread 0x00000000195bb000 Uncommon trap: reason=unstable_if action=reinterpret pc=0x00000000063b77d0 method=com.android.tools.r8.s.a.a.b.t0.b(I[Ljava/lang/Object;)Lcom/android/tools/r8/s/a/a/b/t0; @ 113
Event: 391.940 Thread 0x00000000195bb000 Uncommon trap: reason=class_check action=maybe_recompile pc=0x0000000006663060 method=com.android.tools.r8.ir.regalloc.LinearScanRegisterAllocator.a(Lcom/android/tools/r8/ir/regalloc/LinearScanRegisterAllocator$a;Z)Lcom/android/tools/r8/ir/regalloc/Linear
Event: 391.997 Thread 0x00000000195bb000 Uncommon trap: reason=unstable_if action=reinterpret pc=0x0000000005e11cdc method=com.android.tools.r8.ir.regalloc.a.c(I)Lcom/android/tools/r8/ir/regalloc/a; @ 132

Classes redefined (0 events):
No events

Internal exceptions (10 events):
Event: 385.994 Thread 0x00000000195b8800 Exception <a 'sun/nio/fs/WindowsException'> (0x00000000e6afe160) thrown at [D:\src\AOSP-openjdk-cygwin\jdk8u\hotspot\src\share\vm\prims\jni.cpp, line 710]
Event: 386.670 Thread 0x00000000195b8800 Exception <a 'sun/nio/fs/WindowsException'> (0x00000000e721e818) thrown at [D:\src\AOSP-openjdk-cygwin\jdk8u\hotspot\src\share\vm\prims\jni.cpp, line 710]
Event: 389.429 Thread 0x00000000195b4000 Exception <a 'sun/nio/fs/WindowsException'> (0x00000000e6471ed0) thrown at [D:\src\AOSP-openjdk-cygwin\jdk8u\hotspot\src\share\vm\prims\jni.cpp, line 710]
Event: 390.017 Thread 0x00000000195b4000 Exception <a 'sun/nio/fs/WindowsException'> (0x00000000e64c1e90) thrown at [D:\src\AOSP-openjdk-cygwin\jdk8u\hotspot\src\share\vm\prims\jni.cpp, line 710]
Event: 390.184 Thread 0x00000000195b8800 Exception <a 'sun/nio/fs/WindowsException'> (0x00000000e96249f0) thrown at [D:\src\AOSP-openjdk-cygwin\jdk8u\hotspot\src\share\vm\prims\jni.cpp, line 710]
Event: 390.689 Thread 0x00000000195b4000 Exception <a 'sun/nio/fs/WindowsException'> (0x00000000e9e4d0a8) thrown at [D:\src\AOSP-openjdk-cygwin\jdk8u\hotspot\src\share\vm\prims\jni.cpp, line 710]
Event: 390.719 Thread 0x00000000195b8800 Exception <a 'sun/nio/fs/WindowsException'> (0x00000000e9f5f448) thrown at [D:\src\AOSP-openjdk-cygwin\jdk8u\hotspot\src\share\vm\prims\jni.cpp, line 710]
Event: 392.507 Thread 0x00000000195b8800 Exception <a 'sun/nio/fs/WindowsException'> (0x00000000eb850cc0) thrown at [D:\src\AOSP-openjdk-cygwin\jdk8u\hotspot\src\share\vm\prims\jni.cpp, line 710]
Event: 392.644 Thread 0x00000000195b4000 Exception <a 'sun/nio/fs/WindowsException'> (0x00000000e9e6c9b8) thrown at [D:\src\AOSP-openjdk-cygwin\jdk8u\hotspot\src\share\vm\prims\jni.cpp, line 710]
Event: 392.742 Thread 0x00000000195b8800 Exception <a 'sun/nio/fs/WindowsException'> (0x00000000ebfc8308) thrown at [D:\src\AOSP-openjdk-cygwin\jdk8u\hotspot\src\share\vm\prims\jni.cpp, line 710]

Events (10 events):
Event: 391.940 Thread 0x00000000195bb000 DEOPT UNPACKING pc=0x0000000002d1557b sp=0x0000000024b8a7a0 mode 2
Event: 391.997 Thread 0x00000000195bb000 Uncommon trap: trap_request=0xffffff65 fr.pc=0x0000000005e11cdc
Event: 391.997 Thread 0x00000000195bb000 DEOPT PACKING pc=0x0000000005e11cdc sp=0x0000000024b8a990
Event: 391.997 Thread 0x00000000195bb000 DEOPT UNPACKING pc=0x0000000002d1557b sp=0x0000000024b8a938 mode 2
Event: 392.500 Thread 0x00000000195bb000 DEOPT PACKING pc=0x00000000063db32a sp=0x0000000024b8aaf0
Event: 392.500 Thread 0x00000000195bb000 DEOPT UNPACKING pc=0x0000000002d175d0 sp=0x0000000024b8ac40 mode 0
Event: 392.703 Thread 0x00000000195bb000 DEOPT PACKING pc=0x00000000063db32a sp=0x0000000024b8aaf0
Event: 392.703 Thread 0x00000000195bb000 DEOPT UNPACKING pc=0x0000000002d175d0 sp=0x0000000024b8ac40 mode 0
Event: 392.850 Executing VM operation: ParallelGCFailedAllocation
Event: 393.040 Executing VM operation: ParallelGCFailedAllocation done


Dynamic libraries:
0x00007ff605d60000 - 0x00007ff605d91000 	C:\Program Files\Android\Android Studio\jre\bin\java.exe
0x00007ffe02140000 - 0x00007ffe02330000 	C:\WINDOWS\SYSTEM32\ntdll.dll
0x00007ffe00620000 - 0x00007ffe006d2000 	C:\WINDOWS\System32\KERNEL32.DLL
0x00007ffdfff40000 - 0x00007ffe001e4000 	C:\WINDOWS\System32\KERNELBASE.dll
0x00007ffe014b0000 - 0x00007ffe01553000 	C:\WINDOWS\System32\ADVAPI32.dll
0x00007ffe002c0000 - 0x00007ffe0035e000 	C:\WINDOWS\System32\msvcrt.dll
0x00007ffe00890000 - 0x00007ffe00927000 	C:\WINDOWS\System32\sechost.dll
0x00007ffe00930000 - 0x00007ffe00a50000 	C:\WINDOWS\System32\RPCRT4.dll
0x00007ffe00cf0000 - 0x00007ffe00e84000 	C:\WINDOWS\System32\USER32.dll
0x00007ffdff0c0000 - 0x00007ffdff0e1000 	C:\WINDOWS\System32\win32u.dll
0x00007ffe00ab0000 - 0x00007ffe00ad6000 	C:\WINDOWS\System32\GDI32.dll
0x00007ffdffc00000 - 0x00007ffdffd96000 	C:\WINDOWS\System32\gdi32full.dll
0x00007ffdffda0000 - 0x00007ffdffe3e000 	C:\WINDOWS\System32\msvcp_win.dll
0x00007ffdff260000 - 0x00007ffdff35a000 	C:\WINDOWS\System32\ucrtbase.dll
0x00007ffde7ed0000 - 0x00007ffde8154000 	C:\WINDOWS\WinSxS\amd64_microsoft.windows.common-controls_6595b64144ccf1df_6.0.18362.959_none_e6c7bbbf130c62bb\COMCTL32.dll
0x00007ffe01d50000 - 0x00007ffe02085000 	C:\WINDOWS\System32\combase.dll
0x00007ffdffb20000 - 0x00007ffdffba0000 	C:\WINDOWS\System32\bcryptPrimitives.dll
0x00007ffe00b60000 - 0x00007ffe00b8e000 	C:\WINDOWS\System32\IMM32.DLL
0x00000000776d0000 - 0x00000000777a2000 	C:\Program Files\Android\Android Studio\jre\jre\bin\msvcr100.dll
0x00000000777b0000 - 0x0000000077ff6000 	C:\Program Files\Android\Android Studio\jre\jre\bin\server\jvm.dll
0x00007ffe01d40000 - 0x00007ffe01d48000 	C:\WINDOWS\System32\PSAPI.DLL
0x00007ffdfb310000 - 0x00007ffdfb319000 	C:\WINDOWS\SYSTEM32\WSOCK32.dll
0x00007ffe00e90000 - 0x00007ffe00eff000 	C:\WINDOWS\System32\WS2_32.dll
0x00007ffdfb8b0000 - 0x00007ffdfb8d4000 	C:\WINDOWS\SYSTEM32\WINMM.dll
0x00007ffdecd10000 - 0x00007ffdecd1a000 	C:\WINDOWS\SYSTEM32\VERSION.dll
0x00007ffdfb750000 - 0x00007ffdfb77d000 	C:\WINDOWS\SYSTEM32\WINMMBASE.dll
0x00007ffdffef0000 - 0x00007ffdfff3a000 	C:\WINDOWS\System32\cfgmgr32.dll
0x00007ffdfa720000 - 0x00007ffdfa72f000 	C:\Program Files\Android\Android Studio\jre\jre\bin\verify.dll
0x00007ffdea680000 - 0x00007ffdea6a9000 	C:\Program Files\Android\Android Studio\jre\jre\bin\java.dll
0x00007ffdf6350000 - 0x00007ffdf6366000 	C:\Program Files\Android\Android Studio\jre\jre\bin\zip.dll
0x00007ffe01650000 - 0x00007ffe01d36000 	C:\WINDOWS\System32\SHELL32.dll
0x00007ffe00570000 - 0x00007ffe00619000 	C:\WINDOWS\System32\shcore.dll
0x00007ffdff360000 - 0x00007ffdffae2000 	C:\WINDOWS\System32\windows.storage.dll
0x00007ffdff000000 - 0x00007ffdff023000 	C:\WINDOWS\System32\profapi.dll
0x00007ffdff030000 - 0x00007ffdff07a000 	C:\WINDOWS\System32\powrprof.dll
0x00007ffdfeff0000 - 0x00007ffdff000000 	C:\WINDOWS\System32\UMPDC.dll
0x00007ffe015e0000 - 0x00007ffe01632000 	C:\WINDOWS\System32\shlwapi.dll
0x00007ffdff0a0000 - 0x00007ffdff0b1000 	C:\WINDOWS\System32\kernel.appcore.dll
0x00007ffdff240000 - 0x00007ffdff257000 	C:\WINDOWS\System32\cryptsp.dll
0x00007ffdf6320000 - 0x00007ffdf633a000 	C:\Program Files\Android\Android Studio\jre\jre\bin\net.dll
0x00007ffdf77b0000 - 0x00007ffdf7986000 	C:\WINDOWS\SYSTEM32\urlmon.dll
0x00007ffdf4510000 - 0x00007ffdf47b6000 	C:\WINDOWS\SYSTEM32\iertutil.dll
0x00007ffdfe9d0000 - 0x00007ffdfe9dc000 	C:\WINDOWS\SYSTEM32\CRYPTBASE.DLL
0x00007ffdfe800000 - 0x00007ffdfe867000 	C:\WINDOWS\system32\mswsock.dll
0x00007ffded8d0000 - 0x00007ffded8e3000 	C:\Program Files\Android\Android Studio\jre\jre\bin\nio.dll
0x00007ffde4a50000 - 0x00007ffde4a76000 	C:\Users\Cecy\.gradle\native\30\windows-amd64\native-platform.dll
0x00007ffdf92a0000 - 0x00007ffdf92ad000 	C:\Program Files\Android\Android Studio\jre\jre\bin\management.dll
0x00007ffdfe370000 - 0x00007ffdfe3a3000 	C:\WINDOWS\system32\rsaenh.dll
0x00007ffdffaf0000 - 0x00007ffdffb16000 	C:\WINDOWS\System32\bcrypt.dll
0x00007ffdfef10000 - 0x00007ffdfef35000 	C:\WINDOWS\SYSTEM32\USERENV.dll
0x00007ffdfe510000 - 0x00007ffdfe54a000 	C:\WINDOWS\SYSTEM32\IPHLPAPI.DLL
0x00007ffe01640000 - 0x00007ffe01648000 	C:\WINDOWS\System32\NSI.dll
0x00007ffdf7770000 - 0x00007ffdf7786000 	C:\WINDOWS\SYSTEM32\dhcpcsvc6.DLL
0x00007ffdf81e0000 - 0x00007ffdf81fc000 	C:\WINDOWS\SYSTEM32\dhcpcsvc.DLL
0x00007ffdfe5b0000 - 0x00007ffdfe67b000 	C:\WINDOWS\SYSTEM32\DNSAPI.dll
0x00007ffdfdf90000 - 0x00007ffdfdfc1000 	C:\WINDOWS\SYSTEM32\ntmarta.dll

VM Arguments:
jvm_args: -Xmx1536m -Dfile.encoding=windows-1252 -Duser.country=US -Duser.language=en -Duser.variant 
java_command: org.gradle.launcher.daemon.bootstrap.GradleDaemon 5.6.4
java_class_path (initial): C:\Users\Cecy\.gradle\wrapper\dists\gradle-5.6.4-all\ankdp27end7byghfw1q2sw75f\gradle-5.6.4\lib\gradle-launcher-5.6.4.jar
Launcher Type: SUN_STANDARD

Environment Variables:
PATH=C:\Program Files (x86)\Common Files\Oracle\Java\javapath;C:\Program Files (x86)\Intel\Intel(R) Management Engine Components\iCLS\;C:\Program Files\Intel\Intel(R) Management Engine Components\iCLS\;C:\WINDOWS\system32;C:\WINDOWS;C:\WINDOWS\System32\Wbem;C:\WINDOWS\System32\WindowsPowerShell\v1.0\;C:\WINDOWS\System32\OpenSSH\;C:\Program Files (x86)\Intel\Intel(R) Management Engine Components\DAL;C:\Program Files\Intel\Intel(R) Management Engine Components\DAL;C:\Program Files (x86)\Intel\Intel(R) Management Engine Components\IPT;C:\Program Files\Intel\Intel(R) Management Engine Components\IPT;C:\Program Files(x86)\Common Files\Oracle\Javax\mail.jar;C:\Program Files(x86)\Common Files\Oracle\Javax\activation.jar;C:\cygwin64\bin;C:\Program Files\Java\jdk1.8.0_192\bin;C:\Users\Cecy\AppData\Roaming\Microsoft\Windows\Start Menu\Programs;C:\Users\Cecy\AppData\Roaming\Microsoft\Windows\Start Menu\Programs\Python 3.7;C:\Users\Cecy\Downloads\python-3.7.3;C:\xampp\php;C:\composer;C:\Program Files\nodejs\;C:\Users\Cecy\AppData\Roaming\Microsoft\Windows\Start Menu\Programs\Python 3.8\Scripts\;C:\Users\Cecy\AppData\Roaming\Microsoft\Windows\Start Menu\Programs\Python 3.8;C:\Users\Cecy\AppData\Roaming\Microsoft\Windows\Start Menu\Programs\Python 3.8\Scripts\virtualenv.exe;C:\Users\Cecy\AppData\Local\Packages\PythonSoftwareFoundation.Python.3.8_qbz5n2kfra8p0\LocalCache\local-packages\Python38\Scripts;'C:\\Users\\Cecy\\AppData\\Local\\Packages\\PythonSoftwareFoundation.Python.3.8_qbz5n2kfra8p0\\LocalCache\\local-packages\\Python38\\site-packages\\twilio\\rest\\api\\v2010\\account\\sip\\domain\\auth_types\\auth_calls_mapping\\__pycache__\\auth_calls_credent;C:\Program Files\Git\cmd;C:\Ruby26-x64\bin;C:\Users\Cecy\AppData\Local\Microsoft\WindowsApps;C:\Program Files\Java\jdk1.8.0_192\bin;C:\Users\Cecy\AppData\Roaming\Composer\vendor\bin;C:\Users\Cecy\AppData\Roaming\npm;C:\Users\Cecy\AppData\Local\Programs\Microsoft VS Code\bin;C:\Program Files\heroku\bin;C:\MinGW\bin;
USERNAME=Cecy
OS=Windows_NT
PROCESSOR_IDENTIFIER=Intel64 Family 6 Model 142 Stepping 10, GenuineIntel



---------------  S Y S T E M  ---------------

OS: Windows 10.0 , 64 bit Build 18362 (10.0.18362.959)

CPU:total 4 (initial active 4) (2 cores per cpu, 2 threads per core) family 6 model 142 stepping 10, cmov, cx8, fxsr, mmx, sse, sse2, sse3, ssse3, sse4.1, sse4.2, popcnt, avx, avx2, aes, clmul, erms, 3dnowpref, lzcnt, ht, tsc, tscinvbit, bmi1, bmi2, adx

Memory: 4k page, physical 8251788k(853352k free), swap 10200460k(4140k free)

vm_info: OpenJDK 64-Bit Server VM (25.212-b04) for windows-amd64 JRE (1.8.0_212-release-1586-b04), built by "builder" with MS VC++ 10.0 (VS2010)

time: Thu Aug 13 11:03:06 2020
timezone: E. Africa Standard Time
elapsed time: 393 seconds (0d 0h 6m 33s)

