#
# There is insufficient memory for the Java Runtime Environment to continue.
# Native memory allocation (malloc) failed to allocate 1403056 bytes for Chunk::new
# Possible reasons:
#   The system is out of physical RAM or swap space
#   The process is running with CompressedOops enabled, and the Java Heap may be blocking the growth of the native heap
# Possible solutions:
#   Reduce memory load on the system
#   Increase physical memory or swap space
#   Check if swap backing store is full
#   Decrease Java heap size (-Xmx/-Xms)
#   Decrease number of Java threads
#   Decrease Java thread stack sizes (-Xss)
#   Set larger code cache with -XX:ReservedCodeCacheSize=
#   JVM is running with Unscaled Compressed Oops mode in which the Java heap is
#     placed in the first 4GB address space. The Java Heap base address is the
#     maximum limit for the native heap growth. Please use -XX:HeapBaseMinAddress
#     to set the Java Heap base and to place the Java Heap above 4GB virtual address.
# This output file may be truncated or incomplete.
#
#  Out of Memory Error (allocation.cpp:389), pid=22936, tid=0x00000000000002d4
#
# JRE version: OpenJDK Runtime Environment (8.0_212-b04) (build 1.8.0_212-release-1586-b04)
# Java VM: OpenJDK 64-Bit Server VM (25.212-b04 mixed mode windows-amd64 compressed oops)
# Failed to write core dump. Minidumps are not enabled by default on client versions of Windows
#

---------------  T H R E A D  ---------------

Current thread (0x00000000169b9800):  JavaThread "C2 CompilerThread0" daemon [_thread_in_native, id=724, stack(0x0000000018000000,0x0000000018100000)]

Stack: [0x0000000018000000,0x0000000018100000]
[error occurred during error reporting (printing stack bounds), id 0xc0000005]

Native frames: (J=compiled Java code, j=interpreted, Vv=VM code, C=native code)


Current CompileTask:
C2:3064338 24500 %     4       com.android.tools.r8.ir.regalloc.LinearScanRegisterAllocator::a @ 2115 (3993 bytes)


---------------  P R O C E S S  ---------------

Java Threads: ( => current thread )
  0x000000001e439000 JavaThread "WorkerExecutor Queue Thread 3" [_thread_blocked, id=28204, stack(0x000000002bf20000,0x000000002c020000)]
  0x000000001a13c000 JavaThread "WorkerExecutor Queue Thread 2" [_thread_blocked, id=28424, stack(0x000000002be20000,0x000000002bf20000)]
  0x000000001a13b800 JavaThread "stdout" [_thread_in_native, id=23340, stack(0x000000002bb10000,0x000000002bc10000)]
  0x000000001a13a800 JavaThread "stderr" [_thread_in_native, id=26572, stack(0x000000002ba10000,0x000000002bb10000)]
  0x000000001a13f000 JavaThread "pool-27-thread-1" [_thread_blocked, id=9712, stack(0x000000002b910000,0x000000002ba10000)]
  0x000000001835c800 JavaThread "WorkerExecutor Queue" [_thread_blocked, id=17424, stack(0x000000002b810000,0x000000002b910000)]
  0x000000001835c000 JavaThread "Cache worker for execution history cache (C:\Users\Cecy\StudioProjects\FinalMtenant\.gradle\5.6.4\executionHistory)" [_thread_blocked, id=21376, stack(0x000000002b710000,0x000000002b810000)]
  0x000000001835a800 JavaThread "Execution worker for ':' Thread 3" [_thread_in_Java, id=10824, stack(0x000000002b310000,0x000000002b410000)]
  0x000000001835b000 JavaThread "Execution worker for ':' Thread 2" [_thread_blocked, id=22296, stack(0x0000000025100000,0x0000000025200000)]
  0x0000000018352000 JavaThread "Execution worker for ':'" [_thread_blocked, id=14608, stack(0x0000000024d40000,0x0000000024e40000)]
  0x0000000018358000 JavaThread "Cache worker for file content cache (C:\Users\Cecy\StudioProjects\FinalMtenant\.gradle\5.6.4\fileContent)" [_thread_blocked, id=11528, stack(0x0000000024c40000,0x0000000024d40000)]
  0x0000000018357800 JavaThread "Cache worker for Build Output Cleanup Cache (C:\Users\Cecy\StudioProjects\FinalMtenant\.gradle\buildOutputCleanup)" [_thread_blocked, id=6952, stack(0x00000000238e0000,0x00000000239e0000)]
  0x0000000018353800 JavaThread "Build operations Thread 4" [_thread_blocked, id=27932, stack(0x00000000237e0000,0x00000000238e0000)]
  0x0000000018356800 JavaThread "Build operations Thread 3" [_thread_blocked, id=22152, stack(0x00000000236e0000,0x00000000237e0000)]
  0x0000000018352800 JavaThread "Build operations Thread 2" [_thread_blocked, id=29340, stack(0x00000000235e0000,0x00000000236e0000)]
  0x000000001d64b000 JavaThread "Build operations" [_thread_blocked, id=8500, stack(0x00000000213f0000,0x00000000214f0000)]
  0x000000001d649800 JavaThread "Cache worker for cache directory md-rule (C:\Users\Cecy\.gradle\caches\5.6.4\md-rule)" [_thread_blocked, id=23304, stack(0x0000000020ef0000,0x0000000020ff0000)]
  0x000000001d648000 JavaThread "Cache worker for cache directory md-supplier (C:\Users\Cecy\.gradle\caches\5.6.4\md-supplier)" [_thread_blocked, id=9520, stack(0x0000000020c50000,0x0000000020d50000)]
  0x000000001d63f800 JavaThread "Cache worker for file hash cache (C:\Users\Cecy\StudioProjects\FinalMtenant\.gradle\5.6.4\fileHashes)" [_thread_blocked, id=24844, stack(0x000000001f980000,0x000000001fa80000)]
  0x000000001d63f000 JavaThread "Thread-226" [_thread_blocked, id=28360, stack(0x000000001c220000,0x000000001c320000)]
  0x000000001d645800 JavaThread "Stdin handler" [_thread_blocked, id=7808, stack(0x000000001c120000,0x000000001c220000)]
  0x000000001d644000 JavaThread "Asynchronous log dispatcher for DefaultDaemonConnection: socket connection from /127.0.0.1:62379 to /127.0.0.1:62748" [_thread_blocked, id=7256, stack(0x000000001c020000,0x000000001c120000)]
  0x000000001d63e000 JavaThread "Cancel handler" [_thread_blocked, id=19644, stack(0x000000001be20000,0x000000001bf20000)]
  0x000000001d642000 JavaThread "Handler for socket connection from /127.0.0.1:62379 to /127.0.0.1:62748" [_thread_in_native, id=8964, stack(0x000000001bb20000,0x000000001bc20000)]
  0x0000000018351000 JavaThread "Daemon worker Thread 8" [_thread_blocked, id=13732, stack(0x000000001bf20000,0x000000001c020000)]
  0x000000001834e000 JavaThread "Daemon Thread 8" [_thread_blocked, id=29448, stack(0x000000001ba20000,0x000000001bb20000)]
  0x0000000018350800 JavaThread "Cache worker for Java compile cache (C:\Users\Cecy\.gradle\caches\5.6.4\javaCompile)" [_thread_blocked, id=28704, stack(0x0000000001390000,0x0000000001490000)]
  0x000000001d645000 JavaThread "Cache worker for file content cache (C:\Users\Cecy\.gradle\caches\5.6.4\fileContent)" [_thread_blocked, id=22044, stack(0x0000000023220000,0x0000000023320000)]
  0x000000001d63d800 JavaThread "Memory manager" [_thread_blocked, id=9292, stack(0x0000000022b00000,0x0000000022c00000)]
  0x000000001d643800 JavaThread "Cache worker for execution history cache (C:\Users\Cecy\.gradle\caches\5.6.4\executionHistory)" [_thread_blocked, id=20556, stack(0x0000000020df0000,0x0000000020ef0000)]
  0x000000001a13a000 JavaThread "Cache worker for journal cache (C:\Users\Cecy\.gradle\caches\journal-1)" [_thread_blocked, id=14436, stack(0x000000001c720000,0x000000001c820000)]
  0x000000001a13d000 JavaThread "File lock request listener" [_thread_in_native, id=28340, stack(0x000000001c620000,0x000000001c720000)]
  0x000000001a13d800 JavaThread "Cache worker for file hash cache (C:\Users\Cecy\.gradle\caches\5.6.4\fileHashes)" [_thread_blocked, id=11672, stack(0x000000001c520000,0x000000001c620000)]
  0x0000000018a3a800 JavaThread "Daemon periodic checks" [_thread_blocked, id=21752, stack(0x000000001b920000,0x000000001ba20000)]
  0x0000000018a3a000 JavaThread "Incoming local TCP Connector on port 62379" [_thread_in_native, id=14416, stack(0x000000001b6e0000,0x000000001b7e0000)]
  0x00000000184ba800 JavaThread "Daemon health stats" [_thread_blocked, id=18480, stack(0x000000001b0a0000,0x000000001b1a0000)]
  0x0000000018208800 JavaThread "Service Thread" daemon [_thread_blocked, id=16480, stack(0x0000000018700000,0x0000000018800000)]
  0x0000000016a0e800 JavaThread "C1 CompilerThread2" daemon [_thread_blocked, id=16292, stack(0x0000000018600000,0x0000000018700000)]
  0x00000000169ae000 JavaThread "C2 CompilerThread1" daemon [_thread_in_native, id=25544, stack(0x0000000018100000,0x0000000018200000)]
=>0x00000000169b9800 JavaThread "C2 CompilerThread0" daemon [_thread_in_native, id=724, stack(0x0000000018000000,0x0000000018100000)]
  0x00000000169b8800 JavaThread "Attach Listener" daemon [_thread_blocked, id=18840, stack(0x0000000017f00000,0x0000000018000000)]
  0x00000000169b7000 JavaThread "Signal Dispatcher" daemon [_thread_blocked, id=17864, stack(0x0000000017e00000,0x0000000017f00000)]
  0x000000000303b800 JavaThread "Finalizer" daemon [_thread_blocked, id=25648, stack(0x0000000017c00000,0x0000000017d00000)]
  0x0000000016999000 JavaThread "Reference Handler" daemon [_thread_blocked, id=23224, stack(0x0000000017b00000,0x0000000017c00000)]
  0x0000000002e3e800 JavaThread "main" [_thread_blocked, id=25472, stack(0x0000000002e40000,0x0000000002f40000)]

Other Threads:
  0x0000000016976000 VMThread [stack: 0x0000000017a00000,0x0000000017b00000] [id=23144]
  0x000000001820a000 WatcherThread [stack: 0x0000000018800000,0x0000000018900000] [id=21164]

VM state:not at safepoint (normal execution)

VM Mutex/Monitor currently owned by a thread: None

heap address: 0x00000000a0000000, size: 1536 MB, Compressed Oops mode: 32-bit
Narrow klass base: 0x0000000000000000, Narrow klass shift: 3
Compressed class space size: 1073741824 Address: 0x0000000100000000

Heap:
 PSYoungGen      total 378368K, used 125648K [0x00000000e0000000, 0x00000000f9380000, 0x0000000100000000)
  eden space 343552K, 32% used [0x00000000e0000000,0x00000000e6b766f0,0x00000000f4f80000)
  from space 34816K, 44% used [0x00000000f4f80000,0x00000000f5ebdbb8,0x00000000f7180000)
  to   space 33280K, 0% used [0x00000000f7300000,0x00000000f7300000,0x00000000f9380000)
 ParOldGen       total 210432K, used 74612K [0x00000000a0000000, 0x00000000acd80000, 0x00000000e0000000)
  object space 210432K, 35% used [0x00000000a0000000,0x00000000a48dd0b0,0x00000000acd80000)
 Metaspace       used 106035K, capacity 112042K, committed 112192K, reserved 1146880K
  class space    used 13531K, capacity 14684K, committed 14720K, reserved 1048576K

Card table byte_map: [0x0000000012400000,0x0000000012710000] byte_map_base: 0x0000000011f00000

Marking Bits: (ParMarkBitMap*) 0x0000000054529f30
 Begin Bits: [0x0000000012d10000, 0x0000000014510000)
 End Bits:   [0x0000000014510000, 0x0000000015d10000)

Polling page: 0x0000000001640000

CodeCache: size=245760Kb used=70146Kb max_used=70146Kb free=175614Kb
 bounds [0x0000000003040000, 0x0000000007530000, 0x0000000012040000]
 total_blobs=20831 nmethods=19894 adapters=848
 compilation: enabled

Compilation events (10 events):
Event: 3064.093 Thread 0x0000000016a0e800 24999       2       com.android.tools.r8.graph.b$$Lambda$569/1427870669::get$Lambda (9 bytes)
Event: 3064.093 Thread 0x0000000016a0e800 nmethod 24999 0x0000000004258f10 code [0x0000000004259060, 0x00000000042591f0]
Event: 3064.096 Thread 0x0000000016a0e800 25000       2       com.android.tools.r8.ir.optimize.h::a (50 bytes)
Event: 3064.098 Thread 0x0000000016a0e800 nmethod 25000 0x0000000004258310 code [0x00000000042584c0, 0x00000000042589b8]
Event: 3064.128 Thread 0x0000000016a0e800 25002       2       com.android.tools.r8.u.b.X0::a (213 bytes)
Event: 3064.129 Thread 0x0000000016a0e800 nmethod 25002 0x0000000004256d10 code [0x0000000004256f80, 0x00000000042579d8]
Event: 3064.138 Thread 0x0000000016a0e800 25003       2       com.android.tools.r8.u.b.i::a (4 bytes)
Event: 3064.138 Thread 0x0000000016a0e800 nmethod 25003 0x00000000042569d0 code [0x0000000004256b20, 0x0000000004256c70]
Event: 3064.278 Thread 0x0000000016a0e800 25005       2       com.android.tools.r8.ir.regalloc.LinearScanRegisterAllocator::a (235 bytes)
Event: 3064.280 Thread 0x0000000016a0e800 nmethod 25005 0x00000000074ec190 code [0x00000000074ec3a0, 0x00000000074ecb38]

GC Heap History (10 events):
Event: 2979.610 GC heap before
{Heap before GC invocations=25 (full 4):
 PSYoungGen      total 269824K, used 260641K [0x00000000e0000000, 0x00000000f5b80000, 0x0000000100000000)
  eden space 232960K, 100% used [0x00000000e0000000,0x00000000ee380000,0x00000000ee380000)
  from space 36864K, 75% used [0x00000000f0900000,0x00000000f2408610,0x00000000f2d00000)
  to   space 38400K, 0% used [0x00000000ee380000,0x00000000ee380000,0x00000000f0900000)
 ParOldGen       total 210432K, used 62194K [0x00000000a0000000, 0x00000000acd80000, 0x00000000e0000000)
  object space 210432K, 29% used [0x00000000a0000000,0x00000000a3cbc878,0x00000000acd80000)
 Metaspace       used 102774K, capacity 108266K, committed 108352K, reserved 1142784K
  class space    used 13321K, capacity 14404K, committed 14464K, reserved 1048576K
Event: 2979.648 GC heap after
Heap after GC invocations=25 (full 4):
 PSYoungGen      total 271360K, used 25920K [0x00000000e0000000, 0x00000000f6600000, 0x0000000100000000)
  eden space 232960K, 0% used [0x00000000e0000000,0x00000000e0000000,0x00000000ee380000)
  from space 38400K, 67% used [0x00000000ee380000,0x00000000efcd02d0,0x00000000f0900000)
  to   space 38912K, 0% used [0x00000000f4000000,0x00000000f4000000,0x00000000f6600000)
 ParOldGen       total 210432K, used 62202K [0x00000000a0000000, 0x00000000acd80000, 0x00000000e0000000)
  object space 210432K, 29% used [0x00000000a0000000,0x00000000a3cbe878,0x00000000acd80000)
 Metaspace       used 102774K, capacity 108266K, committed 108352K, reserved 1142784K
  class space    used 13321K, capacity 14404K, committed 14464K, reserved 1048576K
}
Event: 2987.534 GC heap before
{Heap before GC invocations=26 (full 4):
 PSYoungGen      total 271360K, used 258880K [0x00000000e0000000, 0x00000000f6600000, 0x0000000100000000)
  eden space 232960K, 100% used [0x00000000e0000000,0x00000000ee380000,0x00000000ee380000)
  from space 38400K, 67% used [0x00000000ee380000,0x00000000efcd02d0,0x00000000f0900000)
  to   space 38912K, 0% used [0x00000000f4000000,0x00000000f4000000,0x00000000f6600000)
 ParOldGen       total 210432K, used 62202K [0x00000000a0000000, 0x00000000acd80000, 0x00000000e0000000)
  object space 210432K, 29% used [0x00000000a0000000,0x00000000a3cbe878,0x00000000acd80000)
 Metaspace       used 103217K, capacity 108768K, committed 108864K, reserved 1144832K
  class space    used 13334K, capacity 14423K, committed 14464K, reserved 1048576K
Event: 2987.598 GC heap after
Heap after GC invocations=26 (full 4):
 PSYoungGen      total 321536K, used 23309K [0x00000000e0000000, 0x00000000f6280000, 0x0000000100000000)
  eden space 286208K, 0% used [0x00000000e0000000,0x00000000e0000000,0x00000000f1780000)
  from space 35328K, 65% used [0x00000000f4000000,0x00000000f56c35d0,0x00000000f6280000)
  to   space 38400K, 0% used [0x00000000f1780000,0x00000000f1780000,0x00000000f3d00000)
 ParOldGen       total 210432K, used 62210K [0x00000000a0000000, 0x00000000acd80000, 0x00000000e0000000)
  object space 210432K, 29% used [0x00000000a0000000,0x00000000a3cc0878,0x00000000acd80000)
 Metaspace       used 103217K, capacity 108768K, committed 108864K, reserved 1144832K
  class space    used 13334K, capacity 14423K, committed 14464K, reserved 1048576K
}
Event: 3056.522 GC heap before
{Heap before GC invocations=27 (full 4):
 PSYoungGen      total 321536K, used 309517K [0x00000000e0000000, 0x00000000f6280000, 0x0000000100000000)
  eden space 286208K, 100% used [0x00000000e0000000,0x00000000f1780000,0x00000000f1780000)
  from space 35328K, 65% used [0x00000000f4000000,0x00000000f56c35d0,0x00000000f6280000)
  to   space 38400K, 0% used [0x00000000f1780000,0x00000000f1780000,0x00000000f3d00000)
 ParOldGen       total 210432K, used 62210K [0x00000000a0000000, 0x00000000acd80000, 0x00000000e0000000)
  object space 210432K, 29% used [0x00000000a0000000,0x00000000a3cc0878,0x00000000acd80000)
 Metaspace       used 103732K, capacity 109424K, committed 109504K, reserved 1144832K
  class space    used 13399K, capacity 14515K, committed 14592K, reserved 1048576K
Event: 3056.565 GC heap after
Heap after GC invocations=27 (full 4):
 PSYoungGen      total 324608K, used 20368K [0x00000000e0000000, 0x00000000f9680000, 0x0000000100000000)
  eden space 286208K, 0% used [0x00000000e0000000,0x00000000e0000000,0x00000000f1780000)
  from space 38400K, 53% used [0x00000000f1780000,0x00000000f2b642d0,0x00000000f3d00000)
  to   space 36352K, 0% used [0x00000000f7300000,0x00000000f7300000,0x00000000f9680000)
 ParOldGen       total 210432K, used 71700K [0x00000000a0000000, 0x00000000acd80000, 0x00000000e0000000)
  object space 210432K, 34% used [0x00000000a0000000,0x00000000a4605010,0x00000000acd80000)
 Metaspace       used 103732K, capacity 109424K, committed 109504K, reserved 1144832K
  class space    used 13399K, capacity 14515K, committed 14592K, reserved 1048576K
}
Event: 3060.343 GC heap before
{Heap before GC invocations=28 (full 4):
 PSYoungGen      total 324608K, used 306576K [0x00000000e0000000, 0x00000000f9680000, 0x0000000100000000)
  eden space 286208K, 100% used [0x00000000e0000000,0x00000000f1780000,0x00000000f1780000)
  from space 38400K, 53% used [0x00000000f1780000,0x00000000f2b642d0,0x00000000f3d00000)
  to   space 36352K, 0% used [0x00000000f7300000,0x00000000f7300000,0x00000000f9680000)
 ParOldGen       total 210432K, used 71700K [0x00000000a0000000, 0x00000000acd80000, 0x00000000e0000000)
  object space 210432K, 34% used [0x00000000a0000000,0x00000000a4605010,0x00000000acd80000)
 Metaspace       used 105808K, capacity 111780K, committed 111936K, reserved 1146880K
  class space    used 13521K, capacity 14673K, committed 14720K, reserved 1048576K
Event: 3060.377 GC heap after
Heap after GC invocations=28 (full 4):
 PSYoungGen      total 376832K, used 20376K [0x00000000e0000000, 0x00000000f9380000, 0x0000000100000000)
  eden space 343552K, 0% used [0x00000000e0000000,0x00000000e0000000,0x00000000f4f80000)
  from space 33280K, 61% used [0x00000000f7300000,0x00000000f86e63d0,0x00000000f9380000)
  to   space 34816K, 0% used [0x00000000f4f80000,0x00000000f4f80000,0x00000000f7180000)
 ParOldGen       total 210432K, used 74096K [0x00000000a0000000, 0x00000000acd80000, 0x00000000e0000000)
  object space 210432K, 35% used [0x00000000a0000000,0x00000000a485c080,0x00000000acd80000)
 Metaspace       used 105808K, capacity 111780K, committed 111936K, reserved 1146880K
  class space    used 13521K, capacity 14673K, committed 14720K, reserved 1048576K
}
Event: 3063.189 GC heap before
{Heap before GC invocations=29 (full 4):
 PSYoungGen      total 376832K, used 363928K [0x00000000e0000000, 0x00000000f9380000, 0x0000000100000000)
  eden space 343552K, 100% used [0x00000000e0000000,0x00000000f4f80000,0x00000000f4f80000)
  from space 33280K, 61% used [0x00000000f7300000,0x00000000f86e63d0,0x00000000f9380000)
  to   space 34816K, 0% used [0x00000000f4f80000,0x00000000f4f80000,0x00000000f7180000)
 ParOldGen       total 210432K, used 74096K [0x00000000a0000000, 0x00000000acd80000, 0x00000000e0000000)
  object space 210432K, 35% used [0x00000000a0000000,0x00000000a485c080,0x00000000acd80000)
 Metaspace       used 106019K, capacity 112042K, committed 112192K, reserved 1146880K
  class space    used 13531K, capacity 14684K, committed 14720K, reserved 1048576K
Event: 3063.266 GC heap after
Heap after GC invocations=29 (full 4):
 PSYoungGen      total 378368K, used 15606K [0x00000000e0000000, 0x00000000f9380000, 0x0000000100000000)
  eden space 343552K, 0% used [0x00000000e0000000,0x00000000e0000000,0x00000000f4f80000)
  from space 34816K, 44% used [0x00000000f4f80000,0x00000000f5ebdbb8,0x00000000f7180000)
  to   space 33280K, 0% used [0x00000000f7300000,0x00000000f7300000,0x00000000f9380000)
 ParOldGen       total 210432K, used 74612K [0x00000000a0000000, 0x00000000acd80000, 0x00000000e0000000)
  object space 210432K, 35% used [0x00000000a0000000,0x00000000a48dd0b0,0x00000000acd80000)
 Metaspace       used 106019K, capacity 112042K, committed 112192K, reserved 1146880K
  class space    used 13531K, capacity 14684K, committed 14720K, reserved 1048576K
}

Deoptimization events (10 events):
Event: 3061.167 Thread 0x000000001835b000 Uncommon trap: reason=class_check action=maybe_recompile pc=0x0000000004f2eabc method=com.android.tools.r8.utils.t0.next()Lcom/android/tools/r8/graph/t0; @ 137
Event: 3061.167 Thread 0x000000001835b000 Uncommon trap: reason=class_check action=maybe_recompile pc=0x0000000005c9bcb8 method=com.android.tools.r8.utils.t0.next()Lcom/android/tools/r8/graph/t0; @ 137
Event: 3061.167 Thread 0x000000001835b000 Uncommon trap: reason=class_check action=maybe_recompile pc=0x0000000005c9bcb8 method=com.android.tools.r8.utils.t0.next()Lcom/android/tools/r8/graph/t0; @ 137
Event: 3061.167 Thread 0x000000001835b000 Uncommon trap: reason=class_check action=maybe_recompile pc=0x0000000005c9bcb8 method=com.android.tools.r8.utils.t0.next()Lcom/android/tools/r8/graph/t0; @ 137
Event: 3061.167 Thread 0x000000001835b000 Uncommon trap: reason=class_check action=maybe_recompile pc=0x0000000004f2eabc method=com.android.tools.r8.utils.t0.next()Lcom/android/tools/r8/graph/t0; @ 137
Event: 3062.167 Thread 0x000000001835a800 Uncommon trap: reason=unstable_if action=reinterpret pc=0x00000000073e0b58 method=com.android.tools.r8.u.c.o.a(ILcom/android/tools/r8/u/c/M;)I @ 148
Event: 3062.617 Thread 0x0000000018351000 Uncommon trap: reason=unstable_if action=reinterpret pc=0x0000000005c910a8 method=com.android.tools.r8.graph.u.equals(Ljava/lang/Object;)Z @ 27
Event: 3062.619 Thread 0x0000000018351000 Uncommon trap: reason=unstable_if action=reinterpret pc=0x0000000005c83e5c method=com.android.tools.r8.graph.DexValue$NestedDexValue.equals(Ljava/lang/Object;)Z @ 11
Event: 3062.621 Thread 0x0000000018351000 Uncommon trap: reason=unstable_if action=reinterpret pc=0x0000000005c93cc4 method=com.android.tools.r8.utils.t0.hasNext()Z @ 29
Event: 3063.901 Thread 0x000000001835a800 Uncommon trap: reason=unstable_if action=reinterpret pc=0x000000000750e4e8 method=com.android.tools.r8.ir.optimize.Z.a(Lcom/android/tools/r8/u/b/T;Lcom/android/tools/r8/ir/regalloc/LinearScanRegisterAllocator;)V @ 231

Classes redefined (0 events):
No events

Internal exceptions (10 events):
Event: 3057.017 Thread 0x0000000018351000 Implicit null exception at 0x0000000005587324 to 0x00000000055879f9
Event: 3057.292 Thread 0x000000001835a800 Exception <a 'sun/nio/fs/WindowsException'> (0x00000000e2d03fb8) thrown at [D:\src\AOSP-openjdk-cygwin\jdk8u\hotspot\src\share\vm\prims\jni.cpp, line 710]
Event: 3057.389 Thread 0x0000000018351000 Exception <a 'sun/nio/fs/WindowsException'> (0x00000000e34058e8) thrown at [D:\src\AOSP-openjdk-cygwin\jdk8u\hotspot\src\share\vm\prims\jni.cpp, line 710]
Event: 3057.411 Thread 0x000000001835b000 Exception <a 'sun/nio/fs/WindowsException'> (0x00000000e3932338) thrown at [D:\src\AOSP-openjdk-cygwin\jdk8u\hotspot\src\share\vm\prims\jni.cpp, line 710]
Event: 3057.693 Thread 0x000000001835b000 Exception <a 'sun/nio/fs/WindowsException'> (0x00000000e4664268) thrown at [D:\src\AOSP-openjdk-cygwin\jdk8u\hotspot\src\share\vm\prims\jni.cpp, line 710]
Event: 3057.784 Thread 0x000000001835a800 Exception <a 'sun/nio/fs/WindowsException'> (0x00000000e4d53000) thrown at [D:\src\AOSP-openjdk-cygwin\jdk8u\hotspot\src\share\vm\prims\jni.cpp, line 710]
Event: 3057.813 Thread 0x0000000018351000 Exception <a 'sun/nio/fs/WindowsException'> (0x00000000e4f1c7e8) thrown at [D:\src\AOSP-openjdk-cygwin\jdk8u\hotspot\src\share\vm\prims\jni.cpp, line 710]
Event: 3061.156 Thread 0x000000001835b000 Implicit null exception at 0x0000000005c69e90 to 0x0000000005c69ec9
Event: 3061.210 Thread 0x000000001835b000 Exception <a 'sun/nio/fs/WindowsException'> (0x00000000e7999960) thrown at [D:\src\AOSP-openjdk-cygwin\jdk8u\hotspot\src\share\vm\prims\jni.cpp, line 710]
Event: 3062.639 Thread 0x0000000018351000 Exception <a 'sun/nio/fs/WindowsException'> (0x00000000f12f6fd8) thrown at [D:\src\AOSP-openjdk-cygwin\jdk8u\hotspot\src\share\vm\prims\jni.cpp, line 710]

Events (10 events):
Event: 3064.116 Thread 0x000000001835a800 DEOPT PACKING pc=0x0000000006e61d27 sp=0x000000002b40c720
Event: 3064.116 Thread 0x000000001835a800 DEOPT UNPACKING pc=0x00000000030875d0 sp=0x000000002b40c440 mode 0
Event: 3064.117 Thread 0x000000001835a800 DEOPT PACKING pc=0x0000000006e61d27 sp=0x000000002b40c720
Event: 3064.117 Thread 0x000000001835a800 DEOPT UNPACKING pc=0x00000000030875d0 sp=0x000000002b40c440 mode 0
Event: 3064.118 Thread 0x000000001835a800 DEOPT PACKING pc=0x0000000006e61d27 sp=0x000000002b40c720
Event: 3064.118 Thread 0x000000001835a800 DEOPT UNPACKING pc=0x00000000030875d0 sp=0x000000002b40c440 mode 0
Event: 3064.196 Thread 0x000000001835a800 DEOPT PACKING pc=0x0000000006e17926 sp=0x000000002b40c620
Event: 3064.196 Thread 0x000000001835a800 DEOPT UNPACKING pc=0x00000000030875d0 sp=0x000000002b40c4e8 mode 0
Event: 3064.304 Thread 0x000000001835a800 DEOPT PACKING pc=0x0000000006e17926 sp=0x000000002b40c620
Event: 3064.304 Thread 0x000000001835a800 DEOPT UNPACKING pc=0x00000000030875d0 sp=0x000000002b40c4e8 mode 0


Dynamic libraries:
0x00007ff73bf40000 - 0x00007ff73bf71000 	C:\Program Files\Android\Android Studio\jre\bin\java.exe
0x00007ffe880c0000 - 0x00007ffe882b0000 	C:\WINDOWS\SYSTEM32\ntdll.dll
0x00007ffe87b90000 - 0x00007ffe87c42000 	C:\WINDOWS\System32\KERNEL32.DLL
0x00007ffe85530000 - 0x00007ffe857d4000 	C:\WINDOWS\System32\KERNELBASE.dll
0x00007ffe87c50000 - 0x00007ffe87cf3000 	C:\WINDOWS\System32\ADVAPI32.dll
0x00007ffe86170000 - 0x00007ffe8620e000 	C:\WINDOWS\System32\msvcrt.dll
0x00007ffe87400000 - 0x00007ffe87497000 	C:\WINDOWS\System32\sechost.dll
0x00007ffe871c0000 - 0x00007ffe872e0000 	C:\WINDOWS\System32\RPCRT4.dll
0x00007ffe87e70000 - 0x00007ffe88005000 	C:\WINDOWS\System32\USER32.dll
0x00007ffe86140000 - 0x00007ffe86161000 	C:\WINDOWS\System32\win32u.dll
0x00007ffe870e0000 - 0x00007ffe87106000 	C:\WINDOWS\System32\GDI32.dll
0x00007ffe85040000 - 0x00007ffe851d6000 	C:\WINDOWS\System32\gdi32full.dll
0x00007ffe85f70000 - 0x00007ffe8600e000 	C:\WINDOWS\System32\msvcp_win.dll
0x00007ffe85430000 - 0x00007ffe8552a000 	C:\WINDOWS\System32\ucrtbase.dll
0x00007ffe6b7f0000 - 0x00007ffe6ba74000 	C:\WINDOWS\WinSxS\amd64_microsoft.windows.common-controls_6595b64144ccf1df_6.0.18362.1016_none_9e7a36bbe461dae4\COMCTL32.dll
0x00007ffe86990000 - 0x00007ffe86cc5000 	C:\WINDOWS\System32\combase.dll
0x00007ffe86070000 - 0x00007ffe860f0000 	C:\WINDOWS\System32\bcryptPrimitives.dll
0x00007ffe87110000 - 0x00007ffe8713e000 	C:\WINDOWS\System32\IMM32.DLL
0x0000000054860000 - 0x0000000054932000 	C:\Program Files\Android\Android Studio\jre\jre\bin\msvcr100.dll
0x0000000053d60000 - 0x00000000545a6000 	C:\Program Files\Android\Android Studio\jre\jre\bin\server\jvm.dll
0x00007ffe870d0000 - 0x00007ffe870d8000 	C:\WINDOWS\System32\PSAPI.DLL
0x00007ffe727e0000 - 0x00007ffe727ea000 	C:\WINDOWS\SYSTEM32\VERSION.dll
0x00007ffe82930000 - 0x00007ffe82954000 	C:\WINDOWS\SYSTEM32\WINMM.dll
0x00007ffe807c0000 - 0x00007ffe807c9000 	C:\WINDOWS\SYSTEM32\WSOCK32.dll
0x00007ffe828d0000 - 0x00007ffe828fd000 	C:\WINDOWS\SYSTEM32\WINMMBASE.dll
0x00007ffe860f0000 - 0x00007ffe8613a000 	C:\WINDOWS\System32\cfgmgr32.dll
0x0000000002ca0000 - 0x0000000002d0f000 	C:\WINDOWS\System32\ws2_32.DLL
0x00007ffe7d180000 - 0x00007ffe7d18f000 	C:\Program Files\Android\Android Studio\jre\jre\bin\verify.dll
0x00007ffe62fc0000 - 0x00007ffe62fe9000 	C:\Program Files\Android\Android Studio\jre\jre\bin\java.dll
0x00007ffe7c050000 - 0x00007ffe7c066000 	C:\Program Files\Android\Android Studio\jre\jre\bin\zip.dll
0x00007ffe874a0000 - 0x00007ffe87b87000 	C:\WINDOWS\System32\SHELL32.dll
0x00007ffe87d60000 - 0x00007ffe87e09000 	C:\WINDOWS\System32\shcore.dll
0x00007ffe857e0000 - 0x00007ffe85f62000 	C:\WINDOWS\System32\windows.storage.dll
0x00007ffe84ff0000 - 0x00007ffe85013000 	C:\WINDOWS\System32\profapi.dll
0x00007ffe84f80000 - 0x00007ffe84fca000 	C:\WINDOWS\System32\powrprof.dll
0x00007ffe84f70000 - 0x00007ffe84f80000 	C:\WINDOWS\System32\UMPDC.dll
0x00007ffe87060000 - 0x00007ffe870b2000 	C:\WINDOWS\System32\shlwapi.dll
0x00007ffe85020000 - 0x00007ffe85031000 	C:\WINDOWS\System32\kernel.appcore.dll
0x00007ffe85360000 - 0x00007ffe85377000 	C:\WINDOWS\System32\cryptsp.dll
0x00007ffe60630000 - 0x00007ffe6064a000 	C:\Program Files\Android\Android Studio\jre\jre\bin\net.dll
0x00007ffe78370000 - 0x00007ffe78546000 	C:\WINDOWS\SYSTEM32\urlmon.dll
0x00007ffe79080000 - 0x00007ffe79326000 	C:\WINDOWS\SYSTEM32\iertutil.dll
0x00007ffe84940000 - 0x00007ffe8494c000 	C:\WINDOWS\SYSTEM32\CRYPTBASE.DLL
0x00007ffe84770000 - 0x00007ffe847d7000 	C:\WINDOWS\system32\mswsock.dll
0x00007ffe5fca0000 - 0x00007ffe5fcb3000 	C:\Program Files\Android\Android Studio\jre\jre\bin\nio.dll
0x00007ffe7c080000 - 0x00007ffe7c0a6000 	C:\Users\Cecy\.gradle\native\30\windows-amd64\native-platform.dll
0x00007ffe7cf30000 - 0x00007ffe7cf3d000 	C:\Program Files\Android\Android Studio\jre\jre\bin\management.dll
0x00007ffe842e0000 - 0x00007ffe84313000 	C:\WINDOWS\system32\rsaenh.dll
0x00007ffe85330000 - 0x00007ffe85356000 	C:\WINDOWS\System32\bcrypt.dll
0x00007ffe84e60000 - 0x00007ffe84e85000 	C:\WINDOWS\SYSTEM32\USERENV.dll
0x00007ffe84480000 - 0x00007ffe844ba000 	C:\WINDOWS\SYSTEM32\IPHLPAPI.DLL
0x00007ffe86f80000 - 0x00007ffe86f88000 	C:\WINDOWS\System32\NSI.dll
0x00007ffe7e2f0000 - 0x00007ffe7e306000 	C:\WINDOWS\SYSTEM32\dhcpcsvc6.DLL
0x00007ffe7e850000 - 0x00007ffe7e86c000 	C:\WINDOWS\SYSTEM32\dhcpcsvc.DLL
0x00007ffe844d0000 - 0x00007ffe8459b000 	C:\WINDOWS\SYSTEM32\DNSAPI.dll
0x00007ffe7c470000 - 0x00007ffe7c494000 	C:\Program Files\Android\Android Studio\jre\jre\bin\sunec.dll
0x00007ffe7dfc0000 - 0x00007ffe7dfca000 	C:\Windows\System32\rasadhlp.dll
0x00007ffe7e1a0000 - 0x00007ffe7e217000 	C:\WINDOWS\System32\fwpuclnt.dll
0x00007ffe7ce60000 - 0x00007ffe7ce6b000 	C:\Program Files\Android\Android Studio\jre\jre\bin\sunmscapi.dll
0x00007ffe851e0000 - 0x00007ffe85329000 	C:\WINDOWS\System32\CRYPT32.dll
0x00007ffe84fd0000 - 0x00007ffe84fe2000 	C:\WINDOWS\System32\MSASN1.dll
0x00007ffe83fc0000 - 0x00007ffe83ff1000 	C:\WINDOWS\SYSTEM32\ntmarta.dll

VM Arguments:
jvm_args: -Xmx1536m -Dfile.encoding=windows-1252 -Duser.country=US -Duser.language=en -Duser.variant 
java_command: org.gradle.launcher.daemon.bootstrap.GradleDaemon 5.6.4
java_class_path (initial): C:\Users\Cecy\.gradle\wrapper\dists\gradle-5.6.4-all\ankdp27end7byghfw1q2sw75f\gradle-5.6.4\lib\gradle-launcher-5.6.4.jar
Launcher Type: SUN_STANDARD

Environment Variables:
PATH=C:\Program Files (x86)\Common Files\Oracle\Java\javapath;C:\Program Files (x86)\Intel\Intel(R) Management Engine Components\iCLS\;C:\Program Files\Intel\Intel(R) Management Engine Components\iCLS\;C:\WINDOWS\system32;C:\WINDOWS;C:\WINDOWS\System32\Wbem;C:\WINDOWS\System32\WindowsPowerShell\v1.0\;C:\WINDOWS\System32\OpenSSH\;C:\Program Files (x86)\Intel\Intel(R) Management Engine Components\DAL;C:\Program Files\Intel\Intel(R) Management Engine Components\DAL;C:\Program Files (x86)\Intel\Intel(R) Management Engine Components\IPT;C:\Program Files\Intel\Intel(R) Management Engine Components\IPT;C:\Program Files(x86)\Common Files\Oracle\Javax\mail.jar;C:\Program Files(x86)\Common Files\Oracle\Javax\activation.jar;C:\cygwin64\bin;C:\Program Files\Java\jdk1.8.0_192\bin;C:\Users\Cecy\AppData\Roaming\Microsoft\Windows\Start Menu\Programs;C:\Users\Cecy\AppData\Roaming\Microsoft\Windows\Start Menu\Programs\Python 3.7;C:\Users\Cecy\Downloads\python-3.7.3;C:\xampp\php;C:\composer;C:\Program Files\nodejs\;C:\Users\Cecy\AppData\Roaming\Microsoft\Windows\Start Menu\Programs\Python 3.8\Scripts\;C:\Users\Cecy\AppData\Roaming\Microsoft\Windows\Start Menu\Programs\Python 3.8;C:\Users\Cecy\AppData\Roaming\Microsoft\Windows\Start Menu\Programs\Python 3.8\Scripts\virtualenv.exe;C:\Users\Cecy\AppData\Local\Packages\PythonSoftwareFoundation.Python.3.8_qbz5n2kfra8p0\LocalCache\local-packages\Python38\Scripts;'C:\\Users\\Cecy\\AppData\\Local\\Packages\\PythonSoftwareFoundation.Python.3.8_qbz5n2kfra8p0\\LocalCache\\local-packages\\Python38\\site-packages\\twilio\\rest\\api\\v2010\\account\\sip\\domain\\auth_types\\auth_calls_mapping\\__pycache__\\auth_calls_credent;C:\Program Files\Git\cmd;C:\Users\Cecy\AppData\Local\Microsoft\WindowsApps;C:\Program Files\Java\jdk1.8.0_192\bin;C:\Users\Cecy\AppData\Roaming\Composer\vendor\bin;C:\Users\Cecy\AppData\Roaming\npm;C:\Users\Cecy\AppData\Local\Programs\Microsoft VS Code\bin;C:\Program Files\heroku\bin;C:\MinGW\bin
USERNAME=Cecy
OS=Windows_NT
PROCESSOR_IDENTIFIER=Intel64 Family 6 Model 142 Stepping 10, GenuineIntel



---------------  S Y S T E M  ---------------

OS: Windows 10.0 , 64 bit Build 18362 (10.0.18362.959)

CPU:total 4 (initial active 4) (2 cores per cpu, 2 threads per core) family 6 model 142 stepping 10, cmov, cx8, fxsr, mmx, sse, sse2, sse3, ssse3, sse4.1, sse4.2, popcnt, avx, avx2, aes, clmul, erms, 3dnowpref, lzcnt, ht, tsc, tscinvbit, bmi1, bmi2, adx

Memory: 4k page, physical 8251788k(822804k free), swap 10200460k(6512k free)

vm_info: OpenJDK 64-Bit Server VM (25.212-b04) for windows-amd64 JRE (1.8.0_212-release-1586-b04), built by "builder" with MS VC++ 10.0 (VS2010)

time: Wed Sep 09 01:01:22 2020
timezone: E. Africa Standard Time
elapsed time: 3064 seconds (0d 0h 51m 4s)

