#
# There is insufficient memory for the Java Runtime Environment to continue.
# Native memory allocation (malloc) failed to allocate 1374032 bytes for Chunk::new
# Possible reasons:
#   The system is out of physical RAM or swap space
#   The process is running with CompressedOops enabled, and the Java Heap may be blocking the growth of the native heap
# Possible solutions:
#   Reduce memory load on the system
#   Increase physical memory or swap space
#   Check if swap backing store is full
#   Decrease Java heap size (-Xmx/-Xms)
#   Decrease number of Java threads
#   Decrease Java thread stack sizes (-Xss)
#   Set larger code cache with -XX:ReservedCodeCacheSize=
#   JVM is running with Unscaled Compressed Oops mode in which the Java heap is
#     placed in the first 4GB address space. The Java Heap base address is the
#     maximum limit for the native heap growth. Please use -XX:HeapBaseMinAddress
#     to set the Java Heap base and to place the Java Heap above 4GB virtual address.
# This output file may be truncated or incomplete.
#
#  Out of Memory Error (allocation.cpp:389), pid=27620, tid=0x0000000000003990
#
# JRE version: OpenJDK Runtime Environment (8.0_212-b04) (build 1.8.0_212-release-1586-b04)
# Java VM: OpenJDK 64-Bit Server VM (25.212-b04 mixed mode windows-amd64 compressed oops)
# Failed to write core dump. Minidumps are not enabled by default on client versions of Windows
#

---------------  T H R E A D  ---------------

Current thread (0x0000000016c60800):  JavaThread "C2 CompilerThread1" daemon [_thread_in_native, id=14736, stack(0x00000000183d0000,0x00000000184d0000)]

Stack: [0x00000000183d0000,0x00000000184d0000]
[error occurred during error reporting (printing stack bounds), id 0xc0000005]

Native frames: (J=compiled Java code, j=interpreted, Vv=VM code, C=native code)


Current CompileTask:
C2:2318723 25833       4       com.android.tools.r8.B.a.a.f::a (3659 bytes)


---------------  P R O C E S S  ---------------

Java Threads: ( => current thread )
  0x000000002505b800 JavaThread "Cache worker for Java compile cache (C:\Users\Cecy\StudioProjects\FinalMtenant\.gradle\5.6.4\javaCompile)" [_thread_blocked, id=29940, stack(0x00000000262e0000,0x00000000263e0000)]
  0x0000000025058800 JavaThread "WorkerExecutor Queue Thread 5" [_thread_blocked, id=31044, stack(0x00000000273e0000,0x00000000274e0000)]
  0x0000000025056000 JavaThread "stdout" [_thread_in_native, id=2824, stack(0x00000000272e0000,0x00000000273e0000)]
  0x0000000025054000 JavaThread "stderr" [_thread_in_native, id=21964, stack(0x00000000271e0000,0x00000000272e0000)]
  0x000000002505a000 JavaThread "stdout" [_thread_in_native, id=124, stack(0x00000000270e0000,0x00000000271e0000)]
  0x000000002505a800 JavaThread "stderr" [_thread_in_native, id=17600, stack(0x0000000026fe0000,0x00000000270e0000)]
  0x0000000025059000 JavaThread "stdout" [_thread_in_native, id=36592, stack(0x0000000026ee0000,0x0000000026fe0000)]
  0x000000001a1d5000 JavaThread "stderr" [_thread_in_native, id=40680, stack(0x0000000026de0000,0x0000000026ee0000)]
  0x000000001a1d4000 JavaThread "stdout" [_thread_in_native, id=14088, stack(0x0000000026ce0000,0x0000000026de0000)]
  0x000000001a1d2800 JavaThread "stderr" [_thread_in_native, id=37236, stack(0x0000000026be0000,0x0000000026ce0000)]
  0x00000000188fe800 JavaThread "pool-20-thread-1" [_thread_blocked, id=6068, stack(0x00000000267e0000,0x00000000268e0000)]
  0x0000000018901000 JavaThread "WorkerExecutor Queue Thread 2" [_thread_blocked, id=28708, stack(0x00000000263e0000,0x00000000264e0000)]
  0x0000000018c1e000 JavaThread "Cache worker for execution history cache (C:\Users\Cecy\StudioProjects\FinalMtenant\.gradle\5.6.4\executionHistory)" [_thread_blocked, id=31432, stack(0x0000000025fe0000,0x00000000260e0000)]
  0x0000000018c1c000 JavaThread "Execution worker for ':' Thread 3" [_thread_in_Java, id=32848, stack(0x0000000025ee0000,0x0000000025fe0000)]
  0x0000000018c1c800 JavaThread "Execution worker for ':' Thread 2" [_thread_in_Java, id=16984, stack(0x0000000024550000,0x0000000024650000)]
  0x0000000018c1a800 JavaThread "Execution worker for ':'" [_thread_in_Java, id=25232, stack(0x0000000023fb0000,0x00000000240b0000)]
  0x0000000018c16800 JavaThread "Cache worker for file content cache (C:\Users\Cecy\StudioProjects\FinalMtenant\.gradle\5.6.4\fileContent)" [_thread_blocked, id=39752, stack(0x0000000023db0000,0x0000000023eb0000)]
  0x0000000018c0f000 JavaThread "Cache worker for Build Output Cleanup Cache (C:\Users\Cecy\StudioProjects\FinalMtenant\.gradle\buildOutputCleanup)" [_thread_blocked, id=39064, stack(0x00000000227b0000,0x00000000228b0000)]
  0x0000000018c15000 JavaThread "Build operations Thread 4" [_thread_blocked, id=27268, stack(0x00000000226b0000,0x00000000227b0000)]
  0x0000000018c13800 JavaThread "Build operations Thread 3" [_thread_blocked, id=9592, stack(0x00000000225b0000,0x00000000226b0000)]
  0x000000001e488000 JavaThread "Build operations Thread 2" [_thread_blocked, id=31020, stack(0x00000000224b0000,0x00000000225b0000)]
  0x000000001e487000 JavaThread "Build operations" [_thread_blocked, id=28252, stack(0x00000000217d0000,0x00000000218d0000)]
  0x000000001e48b000 JavaThread "Cache worker for cache directory md-rule (C:\Users\Cecy\.gradle\caches\5.6.4\md-rule)" [_thread_blocked, id=29572, stack(0x000000001f490000,0x000000001f590000)]
  0x000000001e48c800 JavaThread "Cache worker for cache directory md-supplier (C:\Users\Cecy\.gradle\caches\5.6.4\md-supplier)" [_thread_blocked, id=24272, stack(0x000000001ed90000,0x000000001ee90000)]
  0x000000001e48d000 JavaThread "Cache worker for file hash cache (C:\Users\Cecy\StudioProjects\FinalMtenant\.gradle\5.6.4\fileHashes)" [_thread_blocked, id=37308, stack(0x000000001c4f0000,0x000000001c5f0000)]
  0x000000001e47e800 JavaThread "Thread-98" [_thread_blocked, id=23376, stack(0x000000001c1f0000,0x000000001c2f0000)]
  0x000000001e484800 JavaThread "Asynchronous log dispatcher for DefaultDaemonConnection: socket connection from /127.0.0.1:60974 to /127.0.0.1:61093" [_thread_blocked, id=40532, stack(0x000000001bdf0000,0x000000001bef0000)]
  0x000000001e484000 JavaThread "Cancel handler" [_thread_blocked, id=20988, stack(0x00000000015f0000,0x00000000016f0000)]
  0x000000001e481800 JavaThread "Handler for socket connection from /127.0.0.1:60974 to /127.0.0.1:61093" [_thread_in_native, id=25760, stack(0x00000000014f0000,0x00000000015f0000)]
  0x0000000018900000 JavaThread "Daemon worker Thread 4" [_thread_in_native, id=22508, stack(0x000000001bcf0000,0x000000001bdf0000)]
  0x00000000188fa000 JavaThread "Daemon Thread 4" [_thread_blocked, id=6920, stack(0x00000000012d0000,0x00000000013d0000)]
  0x0000000018c19800 JavaThread "Cache worker for Java compile cache (C:\Users\Cecy\.gradle\caches\5.6.4\javaCompile)" [_thread_blocked, id=36828, stack(0x0000000027d20000,0x0000000027e20000)]
  0x0000000018c18000 JavaThread "MarlinRenderer Disposer" daemon [_thread_blocked, id=31216, stack(0x0000000027a20000,0x0000000027b20000)]
  0x0000000018c17800 JavaThread "Java2D Disposer" daemon [_thread_blocked, id=25712, stack(0x00000000278e0000,0x00000000279e0000)]
  0x000000001e480000 JavaThread "Cache worker for file content cache (C:\Users\Cecy\.gradle\caches\5.6.4\fileContent)" [_thread_blocked, id=37948, stack(0x0000000022eb0000,0x0000000022fb0000)]
  0x00000000188fc800 JavaThread "Memory manager" [_thread_blocked, id=39992, stack(0x0000000023eb0000,0x0000000023fb0000)]
  0x00000000188f8000 JavaThread "Cache worker for execution history cache (C:\Users\Cecy\.gradle\caches\5.6.4\executionHistory)" [_thread_blocked, id=14540, stack(0x00000000218d0000,0x00000000219d0000)]
  0x000000001a1d7000 JavaThread "Cache worker for journal cache (C:\Users\Cecy\.gradle\caches\journal-1)" [_thread_blocked, id=13136, stack(0x000000001c9f0000,0x000000001caf0000)]
  0x000000001a1d8800 JavaThread "File lock request listener" [_thread_in_native, id=23972, stack(0x000000001c8f0000,0x000000001c9f0000)]
  0x000000001a1d6800 JavaThread "Cache worker for file hash cache (C:\Users\Cecy\.gradle\caches\5.6.4\fileHashes)" [_thread_blocked, id=19544, stack(0x000000001c7f0000,0x000000001c8f0000)]
  0x000000001a5cc000 JavaThread "Daemon periodic checks" [_thread_blocked, id=620, stack(0x000000001bbf0000,0x000000001bcf0000)]
  0x000000001a5db000 JavaThread "Incoming local TCP Connector on port 60974" [_thread_in_native, id=10732, stack(0x000000001b9b0000,0x000000001bab0000)]
  0x000000001a554000 JavaThread "Daemon health stats" [_thread_blocked, id=35484, stack(0x000000001b370000,0x000000001b470000)]
  0x00000000185f2800 JavaThread "Service Thread" daemon [_thread_blocked, id=40228, stack(0x00000000189d0000,0x0000000018ad0000)]
  0x0000000016c6c800 JavaThread "C1 CompilerThread2" daemon [_thread_blocked, id=40328, stack(0x00000000184d0000,0x00000000185d0000)]
=>0x0000000016c60800 JavaThread "C2 CompilerThread1" daemon [_thread_in_native, id=14736, stack(0x00000000183d0000,0x00000000184d0000)]
  0x0000000016c6a800 JavaThread "C2 CompilerThread0" daemon [_thread_in_native, id=26980, stack(0x00000000182d0000,0x00000000183d0000)]
  0x0000000016c69000 JavaThread "Attach Listener" daemon [_thread_blocked, id=3804, stack(0x00000000181d0000,0x00000000182d0000)]
  0x0000000016c66000 JavaThread "Signal Dispatcher" daemon [_thread_blocked, id=28096, stack(0x00000000180d0000,0x00000000181d0000)]
  0x00000000031fb800 JavaThread "Finalizer" daemon [_thread_blocked, id=8344, stack(0x0000000017ed0000,0x0000000017fd0000)]
  0x0000000016c49000 JavaThread "Reference Handler" daemon [_thread_blocked, id=4192, stack(0x0000000017dd0000,0x0000000017ed0000)]
  0x00000000032ee800 JavaThread "main" [_thread_blocked, id=17640, stack(0x0000000002f30000,0x0000000003030000)]

Other Threads:
  0x0000000016c26000 VMThread [stack: 0x0000000017cd0000,0x0000000017dd0000] [id=29520]
  0x0000000016cbe800 WatcherThread [stack: 0x0000000018ad0000,0x0000000018bd0000] [id=37360]

VM state:not at safepoint (normal execution)

VM Mutex/Monitor currently owned by a thread: None

heap address: 0x00000000a0000000, size: 1536 MB, Compressed Oops mode: 32-bit
Narrow klass base: 0x0000000000000000, Narrow klass shift: 3
Compressed class space size: 1073741824 Address: 0x0000000100000000

Heap:
 PSYoungGen      total 489984K, used 381304K [0x00000000e0000000, 0x00000000ffe80000, 0x0000000100000000)
  eden space 458240K, 81% used [0x00000000e0000000,0x00000000f6da00d8,0x00000000fbf80000)
  from space 31744K, 21% used [0x00000000fdf80000,0x00000000fe63df70,0x00000000ffe80000)
  to   space 32256K, 0% used [0x00000000fbf80000,0x00000000fbf80000,0x00000000fdf00000)
 ParOldGen       total 322560K, used 220340K [0x00000000a0000000, 0x00000000b3b00000, 0x00000000e0000000)
  object space 322560K, 68% used [0x00000000a0000000,0x00000000ad72d348,0x00000000b3b00000)
 Metaspace       used 109627K, capacity 115044K, committed 115072K, reserved 1148928K
  class space    used 13889K, capacity 14962K, committed 14976K, reserved 1048576K

Card table byte_map: [0x00000000126b0000,0x00000000129c0000] byte_map_base: 0x00000000121b0000

Marking Bits: (ParMarkBitMap*) 0x0000000077f79f30
 Begin Bits: [0x0000000012fc0000, 0x00000000147c0000)
 End Bits:   [0x00000000147c0000, 0x0000000015fc0000)

Polling page: 0x0000000001750000

CodeCache: size=245760Kb used=73582Kb max_used=73582Kb free=172177Kb
 bounds [0x00000000032f0000, 0x0000000007bc0000, 0x00000000122f0000]
 total_blobs=21143 nmethods=20096 adapters=958
 compilation: enabled

Compilation events (10 events):
Event: 2318.588 Thread 0x0000000016c6c800 25950       1       com.android.tools.r8.BaseCommand::getInputApp (5 bytes)
Event: 2318.588 Thread 0x0000000016c6c800 nmethod 25950 0x00000000058192d0 code [0x0000000005819420, 0x0000000005819530]
Event: 2318.588 Thread 0x0000000016c6c800 25951       1       com.android.tools.r8.BaseCompilerCommand::getProgramConsumer (5 bytes)
Event: 2318.588 Thread 0x0000000016c6c800 nmethod 25951 0x0000000005819010 code [0x0000000005819160, 0x0000000005819270]
Event: 2318.588 Thread 0x0000000016c6c800 25952       1       com.android.tools.r8.BaseCompilerCommand::getEnableDesugaring (5 bytes)
Event: 2318.588 Thread 0x0000000016c6c800 nmethod 25952 0x0000000005818d50 code [0x0000000005818ea0, 0x0000000005818fb0]
Event: 2318.588 Thread 0x0000000016c6c800 25953       1       com.android.tools.r8.BaseCompilerCommand::isOptimizeMultidexForLinearAlloc (5 bytes)
Event: 2318.588 Thread 0x0000000016c6c800 nmethod 25953 0x0000000005818a90 code [0x0000000005818be0, 0x0000000005818cf0]
Event: 2318.588 Thread 0x0000000016c6c800 25954       1       com.android.tools.r8.utils.e$b$a::getProgramResources (5 bytes)
Event: 2318.588 Thread 0x0000000016c6c800 nmethod 25954 0x0000000004fae810 code [0x0000000004fae960, 0x0000000004faea70]

GC Heap History (10 events):
Event: 2309.366 GC heap before
{Heap before GC invocations=49 (full 5):
 PSYoungGen      total 483840K, used 453507K [0x00000000e0000000, 0x0000000100000000, 0x0000000100000000)
  eden space 445440K, 100% used [0x00000000e0000000,0x00000000fb300000,0x00000000fb300000)
  from space 38400K, 21% used [0x00000000fb300000,0x00000000fbae0ce8,0x00000000fd880000)
  to   space 37376K, 0% used [0x00000000fdb80000,0x00000000fdb80000,0x0000000100000000)
 ParOldGen       total 322560K, used 188658K [0x00000000a0000000, 0x00000000b3b00000, 0x00000000e0000000)
  object space 322560K, 58% used [0x00000000a0000000,0x00000000ab83c910,0x00000000b3b00000)
 Metaspace       used 109590K, capacity 115044K, committed 115072K, reserved 1148928K
  class space    used 13889K, capacity 14962K, committed 14976K, reserved 1048576K
Event: 2309.436 GC heap after
Heap after GC invocations=49 (full 5):
 PSYoungGen      total 482816K, used 8253K [0x00000000e0000000, 0x00000000ffd00000, 0x0000000100000000)
  eden space 448512K, 0% used [0x00000000e0000000,0x00000000e0000000,0x00000000fb600000)
  from space 34304K, 24% used [0x00000000fdb80000,0x00000000fe38f780,0x00000000ffd00000)
  to   space 36352K, 0% used [0x00000000fb600000,0x00000000fb600000,0x00000000fd980000)
 ParOldGen       total 322560K, used 194329K [0x00000000a0000000, 0x00000000b3b00000, 0x00000000e0000000)
  object space 322560K, 60% used [0x00000000a0000000,0x00000000abdc6688,0x00000000b3b00000)
 Metaspace       used 109590K, capacity 115044K, committed 115072K, reserved 1148928K
  class space    used 13889K, capacity 14962K, committed 14976K, reserved 1048576K
}
Event: 2312.781 GC heap before
{Heap before GC invocations=50 (full 5):
 PSYoungGen      total 482816K, used 456765K [0x00000000e0000000, 0x00000000ffd00000, 0x0000000100000000)
  eden space 448512K, 100% used [0x00000000e0000000,0x00000000fb600000,0x00000000fb600000)
  from space 34304K, 24% used [0x00000000fdb80000,0x00000000fe38f780,0x00000000ffd00000)
  to   space 36352K, 0% used [0x00000000fb600000,0x00000000fb600000,0x00000000fd980000)
 ParOldGen       total 322560K, used 194329K [0x00000000a0000000, 0x00000000b3b00000, 0x00000000e0000000)
  object space 322560K, 60% used [0x00000000a0000000,0x00000000abdc6688,0x00000000b3b00000)
 Metaspace       used 109600K, capacity 115044K, committed 115072K, reserved 1148928K
  class space    used 13889K, capacity 14962K, committed 14976K, reserved 1048576K
Event: 2312.793 GC heap after
Heap after GC invocations=50 (full 5):
 PSYoungGen      total 484864K, used 10837K [0x00000000e0000000, 0x00000000fff00000, 0x0000000100000000)
  eden space 448512K, 0% used [0x00000000e0000000,0x00000000e0000000,0x00000000fb600000)
  from space 36352K, 29% used [0x00000000fb600000,0x00000000fc095718,0x00000000fd980000)
  to   space 34816K, 0% used [0x00000000fdd00000,0x00000000fdd00000,0x00000000fff00000)
 ParOldGen       total 322560K, used 195973K [0x00000000a0000000, 0x00000000b3b00000, 0x00000000e0000000)
  object space 322560K, 60% used [0x00000000a0000000,0x00000000abf61678,0x00000000b3b00000)
 Metaspace       used 109600K, capacity 115044K, committed 115072K, reserved 1148928K
  class space    used 13889K, capacity 14962K, committed 14976K, reserved 1048576K
}
Event: 2314.564 GC heap before
{Heap before GC invocations=51 (full 5):
 PSYoungGen      total 484864K, used 459349K [0x00000000e0000000, 0x00000000fff00000, 0x0000000100000000)
  eden space 448512K, 100% used [0x00000000e0000000,0x00000000fb600000,0x00000000fb600000)
  from space 36352K, 29% used [0x00000000fb600000,0x00000000fc095718,0x00000000fd980000)
  to   space 34816K, 0% used [0x00000000fdd00000,0x00000000fdd00000,0x00000000fff00000)
 ParOldGen       total 322560K, used 199519K [0x00000000a0000000, 0x00000000b3b00000, 0x00000000e0000000)
  object space 322560K, 61% used [0x00000000a0000000,0x00000000ac2d7e68,0x00000000b3b00000)
 Metaspace       used 109605K, capacity 115044K, committed 115072K, reserved 1148928K
  class space    used 13889K, capacity 14962K, committed 14976K, reserved 1048576K
Event: 2314.602 GC heap after
Heap after GC invocations=51 (full 5):
 PSYoungGen      total 483328K, used 13599K [0x00000000e0000000, 0x00000000ffa80000, 0x0000000100000000)
  eden space 453120K, 0% used [0x00000000e0000000,0x00000000e0000000,0x00000000fba80000)
  from space 30208K, 45% used [0x00000000fdd00000,0x00000000fea47c20,0x00000000ffa80000)
  to   space 32768K, 0% used [0x00000000fba80000,0x00000000fba80000,0x00000000fda80000)
 ParOldGen       total 322560K, used 206656K [0x00000000a0000000, 0x00000000b3b00000, 0x00000000e0000000)
  object space 322560K, 64% used [0x00000000a0000000,0x00000000ac9d00d8,0x00000000b3b00000)
 Metaspace       used 109605K, capacity 115044K, committed 115072K, reserved 1148928K
  class space    used 13889K, capacity 14962K, committed 14976K, reserved 1048576K
}
Event: 2314.602 GC heap before
{Heap before GC invocations=52 (full 5):
 PSYoungGen      total 483328K, used 18714K [0x00000000e0000000, 0x00000000ffa80000, 0x0000000100000000)
  eden space 453120K, 1% used [0x00000000e0000000,0x00000000e04fed20,0x00000000fba80000)
  from space 30208K, 45% used [0x00000000fdd00000,0x00000000fea47c20,0x00000000ffa80000)
  to   space 32768K, 0% used [0x00000000fba80000,0x00000000fba80000,0x00000000fda80000)
 ParOldGen       total 322560K, used 206656K [0x00000000a0000000, 0x00000000b3b00000, 0x00000000e0000000)
  object space 322560K, 64% used [0x00000000a0000000,0x00000000ac9d00d8,0x00000000b3b00000)
 Metaspace       used 109605K, capacity 115044K, committed 115072K, reserved 1148928K
  class space    used 13889K, capacity 14962K, committed 14976K, reserved 1048576K
Event: 2314.620 GC heap after
Heap after GC invocations=52 (full 5):
 PSYoungGen      total 485888K, used 64K [0x00000000e0000000, 0x0000000100000000, 0x0000000100000000)
  eden space 453120K, 0% used [0x00000000e0000000,0x00000000e0000000,0x00000000fba80000)
  from space 32768K, 0% used [0x00000000fba80000,0x00000000fba90000,0x00000000fda80000)
  to   space 33280K, 0% used [0x00000000fdf80000,0x00000000fdf80000,0x0000000100000000)
 ParOldGen       total 322560K, used 220324K [0x00000000a0000000, 0x00000000b3b00000, 0x00000000e0000000)
  object space 322560K, 68% used [0x00000000a0000000,0x00000000ad729348,0x00000000b3b00000)
 Metaspace       used 109605K, capacity 115044K, committed 115072K, reserved 1148928K
  class space    used 13889K, capacity 14962K, committed 14976K, reserved 1048576K
}
Event: 2316.352 GC heap before
{Heap before GC invocations=53 (full 5):
 PSYoungGen      total 485888K, used 453184K [0x00000000e0000000, 0x0000000100000000, 0x0000000100000000)
  eden space 453120K, 100% used [0x00000000e0000000,0x00000000fba80000,0x00000000fba80000)
  from space 32768K, 0% used [0x00000000fba80000,0x00000000fba90000,0x00000000fda80000)
  to   space 33280K, 0% used [0x00000000fdf80000,0x00000000fdf80000,0x0000000100000000)
 ParOldGen       total 322560K, used 220324K [0x00000000a0000000, 0x00000000b3b00000, 0x00000000e0000000)
  object space 322560K, 68% used [0x00000000a0000000,0x00000000ad729348,0x00000000b3b00000)
 Metaspace       used 109618K, capacity 115044K, committed 115072K, reserved 1148928K
  class space    used 13889K, capacity 14962K, committed 14976K, reserved 1048576K
Event: 2316.410 GC heap after
Heap after GC invocations=53 (full 5):
 PSYoungGen      total 489984K, used 6903K [0x00000000e0000000, 0x00000000ffe80000, 0x0000000100000000)
  eden space 458240K, 0% used [0x00000000e0000000,0x00000000e0000000,0x00000000fbf80000)
  from space 31744K, 21% used [0x00000000fdf80000,0x00000000fe63df70,0x00000000ffe80000)
  to   space 32256K, 0% used [0x00000000fbf80000,0x00000000fbf80000,0x00000000fdf00000)
 ParOldGen       total 322560K, used 220340K [0x00000000a0000000, 0x00000000b3b00000, 0x00000000e0000000)
  object space 322560K, 68% used [0x00000000a0000000,0x00000000ad72d348,0x00000000b3b00000)
 Metaspace       used 109618K, capacity 115044K, committed 115072K, reserved 1148928K
  class space    used 13889K, capacity 14962K, committed 14976K, reserved 1048576K
}

Deoptimization events (10 events):
Event: 2300.407 Thread 0x0000000018c1c800 Uncommon trap: reason=array_check action=maybe_recompile pc=0x00000000071e33f4 method=java.util.TimSort.mergeLo(IIII)V @ 468
Event: 2300.407 Thread 0x0000000018c1c800 Uncommon trap: reason=array_check action=maybe_recompile pc=0x000000000720594c method=java.util.TimSort.mergeHi(IIII)V @ 524
Event: 2305.757 Thread 0x0000000018900000 Uncommon trap: reason=array_check action=maybe_recompile pc=0x0000000005492bd0 method=java.util.TimSort.mergeHi(IIII)V @ 657
Event: 2305.757 Thread 0x0000000018900000 Uncommon trap: reason=array_check action=maybe_recompile pc=0x0000000005492bd0 method=java.util.TimSort.mergeHi(IIII)V @ 657
Event: 2312.204 Thread 0x0000000018c1c000 Uncommon trap: reason=class_check action=maybe_recompile pc=0x0000000007ac86dc method=com.android.tools.r8.u.c.M.a(Lcom/android/tools/r8/u/b/d0;Lcom/android/tools/r8/u/b/O0;)V @ 288
Event: 2312.333 Thread 0x0000000018c1c000 Uncommon trap: reason=class_check action=maybe_recompile pc=0x0000000007ac86dc method=com.android.tools.r8.u.c.M.a(Lcom/android/tools/r8/u/b/d0;Lcom/android/tools/r8/u/b/O0;)V @ 288
Event: 2312.333 Thread 0x0000000018c1c000 Uncommon trap: reason=class_check action=maybe_recompile pc=0x0000000007ac86dc method=com.android.tools.r8.u.c.M.a(Lcom/android/tools/r8/u/b/d0;Lcom/android/tools/r8/u/b/O0;)V @ 288
Event: 2312.333 Thread 0x0000000018c1c000 Uncommon trap: reason=class_check action=maybe_recompile pc=0x0000000007ac86dc method=com.android.tools.r8.u.c.M.a(Lcom/android/tools/r8/u/b/d0;Lcom/android/tools/r8/u/b/O0;)V @ 288
Event: 2315.172 Thread 0x0000000018c1c000 Uncommon trap: reason=array_check action=maybe_recompile pc=0x00000000055e1594 method=java.util.TimSort.mergeLo(IIII)V @ 133
Event: 2315.172 Thread 0x0000000018c1c000 Uncommon trap: reason=array_check action=maybe_recompile pc=0x00000000052afc34 method=java.util.TimSort.mergeHi(IIII)V @ 171

Classes redefined (0 events):
No events

Internal exceptions (10 events):
Event: 2317.848 Thread 0x0000000018c1c000 Exception <a 'sun/nio/fs/WindowsException'> (0x00000000ef403ad0) thrown at [D:\src\AOSP-openjdk-cygwin\jdk8u\hotspot\src\share\vm\prims\jni.cpp, line 710]
Event: 2317.961 Thread 0x0000000018c1a800 Exception <a 'sun/nio/fs/WindowsException'> (0x00000000eeb441c8) thrown at [D:\src\AOSP-openjdk-cygwin\jdk8u\hotspot\src\share\vm\prims\jni.cpp, line 710]
Event: 2317.965 Thread 0x0000000018c1c000 Exception <a 'sun/nio/fs/WindowsException'> (0x00000000f03aa020) thrown at [D:\src\AOSP-openjdk-cygwin\jdk8u\hotspot\src\share\vm\prims\jni.cpp, line 710]
Event: 2317.974 Thread 0x0000000018900000 Exception <a 'sun/nio/fs/WindowsException'> (0x00000000f08953a0) thrown at [D:\src\AOSP-openjdk-cygwin\jdk8u\hotspot\src\share\vm\prims\jni.cpp, line 710]
Event: 2318.036 Thread 0x0000000018c1a800 Exception <a 'sun/nio/fs/WindowsException'> (0x00000000f1144818) thrown at [D:\src\AOSP-openjdk-cygwin\jdk8u\hotspot\src\share\vm\prims\jni.cpp, line 710]
Event: 2318.238 Thread 0x0000000018900000 Exception <a 'sun/nio/fs/WindowsException'> (0x00000000f0918488) thrown at [D:\src\AOSP-openjdk-cygwin\jdk8u\hotspot\src\share\vm\prims\jni.cpp, line 710]
Event: 2318.450 Thread 0x0000000018c1c800 Exception <a 'sun/nio/fs/WindowsException'> (0x00000000f31b5ac8) thrown at [D:\src\AOSP-openjdk-cygwin\jdk8u\hotspot\src\share\vm\prims\jni.cpp, line 710]
Event: 2318.473 Thread 0x0000000018c1c000 Exception <a 'sun/nio/fs/WindowsException'> (0x00000000f3eb5da0) thrown at [D:\src\AOSP-openjdk-cygwin\jdk8u\hotspot\src\share\vm\prims\jni.cpp, line 710]
Event: 2318.535 Thread 0x0000000018900000 Exception <a 'sun/nio/fs/WindowsException'> (0x00000000f3b5a7c0) thrown at [D:\src\AOSP-openjdk-cygwin\jdk8u\hotspot\src\share\vm\prims\jni.cpp, line 710]
Event: 2318.584 Thread 0x0000000018c1a800 Exception <a 'sun/nio/fs/WindowsException'> (0x00000000f597fe10) thrown at [D:\src\AOSP-openjdk-cygwin\jdk8u\hotspot\src\share\vm\prims\jni.cpp, line 710]

Events (10 events):
Event: 2318.575 Thread 0x0000000018c1c000 DEOPT PACKING pc=0x0000000005fac34e sp=0x0000000025fdaa80
Event: 2318.575 Thread 0x0000000018c1c000 DEOPT UNPACKING pc=0x00000000033375d0 sp=0x0000000025fda860 mode 0
Event: 2318.578 Thread 0x0000000018c1c000 DEOPT PACKING pc=0x0000000005fac34e sp=0x0000000025fdaa80
Event: 2318.578 Thread 0x0000000018c1c000 DEOPT UNPACKING pc=0x00000000033375d0 sp=0x0000000025fda860 mode 0
Event: 2318.609 Thread 0x0000000018c1a800 DEOPT PACKING pc=0x0000000005fac34e sp=0x00000000240aab30
Event: 2318.609 Thread 0x0000000018c1a800 DEOPT UNPACKING pc=0x00000000033375d0 sp=0x00000000240aa910 mode 0
Event: 2318.615 Thread 0x0000000018c1c800 DEOPT PACKING pc=0x0000000005fac34e sp=0x000000002464a560
Event: 2318.615 Thread 0x0000000018c1c800 DEOPT UNPACKING pc=0x00000000033375d0 sp=0x000000002464a340 mode 0
Event: 2318.619 Thread 0x0000000018c1c800 DEOPT PACKING pc=0x0000000005fac34e sp=0x000000002464a560
Event: 2318.619 Thread 0x0000000018c1c800 DEOPT UNPACKING pc=0x00000000033375d0 sp=0x000000002464a340 mode 0


Dynamic libraries:
0x00007ff7a1f30000 - 0x00007ff7a1f61000 	C:\Program Files\Android\Android Studio\jre\bin\java.exe
0x00007ffe02140000 - 0x00007ffe02330000 	C:\WINDOWS\SYSTEM32\ntdll.dll
0x00007ffe00620000 - 0x00007ffe006d2000 	C:\WINDOWS\System32\KERNEL32.DLL
0x00007ffdfff40000 - 0x00007ffe001e4000 	C:\WINDOWS\System32\KERNELBASE.dll
0x00007ffe014b0000 - 0x00007ffe01553000 	C:\WINDOWS\System32\ADVAPI32.dll
0x00007ffe002c0000 - 0x00007ffe0035e000 	C:\WINDOWS\System32\msvcrt.dll
0x00007ffe00890000 - 0x00007ffe00927000 	C:\WINDOWS\System32\sechost.dll
0x00007ffe00930000 - 0x00007ffe00a50000 	C:\WINDOWS\System32\RPCRT4.dll
0x00007ffe00cf0000 - 0x00007ffe00e84000 	C:\WINDOWS\System32\USER32.dll
0x00007ffdff0c0000 - 0x00007ffdff0e1000 	C:\WINDOWS\System32\win32u.dll
0x00007ffe00ab0000 - 0x00007ffe00ad6000 	C:\WINDOWS\System32\GDI32.dll
0x00007ffdffc00000 - 0x00007ffdffd96000 	C:\WINDOWS\System32\gdi32full.dll
0x00007ffdffda0000 - 0x00007ffdffe3e000 	C:\WINDOWS\System32\msvcp_win.dll
0x00007ffdff260000 - 0x00007ffdff35a000 	C:\WINDOWS\System32\ucrtbase.dll
0x00007ffde7ed0000 - 0x00007ffde8154000 	C:\WINDOWS\WinSxS\amd64_microsoft.windows.common-controls_6595b64144ccf1df_6.0.18362.959_none_e6c7bbbf130c62bb\COMCTL32.dll
0x00007ffe01d50000 - 0x00007ffe02085000 	C:\WINDOWS\System32\combase.dll
0x00007ffdffb20000 - 0x00007ffdffba0000 	C:\WINDOWS\System32\bcryptPrimitives.dll
0x00007ffe00b60000 - 0x00007ffe00b8e000 	C:\WINDOWS\System32\IMM32.DLL
0x00000000776d0000 - 0x00000000777a2000 	C:\Program Files\Android\Android Studio\jre\jre\bin\msvcr100.dll
0x00000000777b0000 - 0x0000000077ff6000 	C:\Program Files\Android\Android Studio\jre\jre\bin\server\jvm.dll
0x00007ffe01d40000 - 0x00007ffe01d48000 	C:\WINDOWS\System32\PSAPI.DLL
0x00007ffdfb310000 - 0x00007ffdfb319000 	C:\WINDOWS\SYSTEM32\WSOCK32.dll
0x00007ffe00e90000 - 0x00007ffe00eff000 	C:\WINDOWS\System32\WS2_32.dll
0x00007ffdfb8b0000 - 0x00007ffdfb8d4000 	C:\WINDOWS\SYSTEM32\WINMM.dll
0x00007ffdecd10000 - 0x00007ffdecd1a000 	C:\WINDOWS\SYSTEM32\VERSION.dll
0x00007ffdfb750000 - 0x00007ffdfb77d000 	C:\WINDOWS\SYSTEM32\WINMMBASE.dll
0x00007ffdffef0000 - 0x00007ffdfff3a000 	C:\WINDOWS\System32\cfgmgr32.dll
0x00007ffdfb150000 - 0x00007ffdfb15f000 	C:\Program Files\Android\Android Studio\jre\jre\bin\verify.dll
0x00007ffdea640000 - 0x00007ffdea669000 	C:\Program Files\Android\Android Studio\jre\jre\bin\java.dll
0x00007ffdfa710000 - 0x00007ffdfa726000 	C:\Program Files\Android\Android Studio\jre\jre\bin\zip.dll
0x00007ffe01650000 - 0x00007ffe01d36000 	C:\WINDOWS\System32\SHELL32.dll
0x00007ffe00570000 - 0x00007ffe00619000 	C:\WINDOWS\System32\shcore.dll
0x00007ffdff360000 - 0x00007ffdffae2000 	C:\WINDOWS\System32\windows.storage.dll
0x00007ffdff000000 - 0x00007ffdff023000 	C:\WINDOWS\System32\profapi.dll
0x00007ffdff030000 - 0x00007ffdff07a000 	C:\WINDOWS\System32\powrprof.dll
0x00007ffdfeff0000 - 0x00007ffdff000000 	C:\WINDOWS\System32\UMPDC.dll
0x00007ffe015e0000 - 0x00007ffe01632000 	C:\WINDOWS\System32\shlwapi.dll
0x00007ffdff0a0000 - 0x00007ffdff0b1000 	C:\WINDOWS\System32\kernel.appcore.dll
0x00007ffdff240000 - 0x00007ffdff257000 	C:\WINDOWS\System32\cryptsp.dll
0x00007ffded8d0000 - 0x00007ffded8ea000 	C:\Program Files\Android\Android Studio\jre\jre\bin\net.dll
0x00007ffdf77b0000 - 0x00007ffdf7986000 	C:\WINDOWS\SYSTEM32\urlmon.dll
0x00007ffdf4510000 - 0x00007ffdf47b6000 	C:\WINDOWS\SYSTEM32\iertutil.dll
0x00007ffdfe9d0000 - 0x00007ffdfe9dc000 	C:\WINDOWS\SYSTEM32\CRYPTBASE.DLL
0x00007ffdfe800000 - 0x00007ffdfe867000 	C:\WINDOWS\system32\mswsock.dll
0x00007ffdec3c0000 - 0x00007ffdec3d3000 	C:\Program Files\Android\Android Studio\jre\jre\bin\nio.dll
0x00007ffde3a50000 - 0x00007ffde3a76000 	C:\Users\Cecy\.gradle\native\30\windows-amd64\native-platform.dll
0x00007ffdf9300000 - 0x00007ffdf930d000 	C:\Program Files\Android\Android Studio\jre\jre\bin\management.dll
0x00007ffdfe370000 - 0x00007ffdfe3a3000 	C:\WINDOWS\system32\rsaenh.dll
0x00007ffdffaf0000 - 0x00007ffdffb16000 	C:\WINDOWS\System32\bcrypt.dll
0x00007ffdfef10000 - 0x00007ffdfef35000 	C:\WINDOWS\SYSTEM32\USERENV.dll
0x00007ffdfe510000 - 0x00007ffdfe54a000 	C:\WINDOWS\SYSTEM32\IPHLPAPI.DLL
0x00007ffe01640000 - 0x00007ffe01648000 	C:\WINDOWS\System32\NSI.dll
0x00007ffdf7770000 - 0x00007ffdf7786000 	C:\WINDOWS\SYSTEM32\dhcpcsvc6.DLL
0x00007ffdf81e0000 - 0x00007ffdf81fc000 	C:\WINDOWS\SYSTEM32\dhcpcsvc.DLL
0x00007ffdfe5b0000 - 0x00007ffdfe67b000 	C:\WINDOWS\SYSTEM32\DNSAPI.dll
0x00007ffdfdf90000 - 0x00007ffdfdfc1000 	C:\WINDOWS\SYSTEM32\ntmarta.dll
0x00007ffdf6340000 - 0x00007ffdf6364000 	C:\Program Files\Android\Android Studio\jre\jre\bin\sunec.dll
0x00007ffdf90d0000 - 0x00007ffdf90da000 	C:\Windows\System32\rasadhlp.dll
0x00007ffdf65d0000 - 0x00007ffdf6647000 	C:\WINDOWS\System32\fwpuclnt.dll
0x00007ffdf92a0000 - 0x00007ffdf92ab000 	C:\Program Files\Android\Android Studio\jre\jre\bin\sunmscapi.dll
0x00007ffdff0f0000 - 0x00007ffdff239000 	C:\WINDOWS\System32\CRYPT32.dll
0x00007ffdff080000 - 0x00007ffdff092000 	C:\WINDOWS\System32\MSASN1.dll
0x00007ffdfcb00000 - 0x00007ffdfcb8f000 	C:\WINDOWS\system32\apphelp.dll
0x00007ffdcaa50000 - 0x00007ffdcabec000 	C:\Program Files\Android\Android Studio\jre\jre\bin\awt.dll
0x00007ffe004a0000 - 0x00007ffe00565000 	C:\WINDOWS\System32\OLEAUT32.dll
0x00007ffdfd130000 - 0x00007ffdfd15d000 	C:\WINDOWS\SYSTEM32\dwmapi.dll
0x00007ffdfb8e0000 - 0x00007ffdfbea0000 	C:\WINDOWS\SYSTEM32\d2d1.dll
0x00007ffdfce80000 - 0x00007ffdfcf19000 	C:\WINDOWS\system32\uxtheme.dll

VM Arguments:
jvm_args: -Xmx1536m -Dfile.encoding=windows-1252 -Duser.country=US -Duser.language=en -Duser.variant 
java_command: org.gradle.launcher.daemon.bootstrap.GradleDaemon 5.6.4
java_class_path (initial): C:\Users\Cecy\.gradle\wrapper\dists\gradle-5.6.4-all\ankdp27end7byghfw1q2sw75f\gradle-5.6.4\lib\gradle-launcher-5.6.4.jar
Launcher Type: SUN_STANDARD

Environment Variables:
PATH=C:\Program Files (x86)\Common Files\Oracle\Java\javapath;C:\Program Files (x86)\Intel\Intel(R) Management Engine Components\iCLS\;C:\Program Files\Intel\Intel(R) Management Engine Components\iCLS\;C:\WINDOWS\system32;C:\WINDOWS;C:\WINDOWS\System32\Wbem;C:\WINDOWS\System32\WindowsPowerShell\v1.0\;C:\WINDOWS\System32\OpenSSH\;C:\Program Files (x86)\Intel\Intel(R) Management Engine Components\DAL;C:\Program Files\Intel\Intel(R) Management Engine Components\DAL;C:\Program Files (x86)\Intel\Intel(R) Management Engine Components\IPT;C:\Program Files\Intel\Intel(R) Management Engine Components\IPT;C:\Program Files(x86)\Common Files\Oracle\Javax\mail.jar;C:\Program Files(x86)\Common Files\Oracle\Javax\activation.jar;C:\cygwin64\bin;C:\Program Files\Java\jdk1.8.0_192\bin;C:\Users\Cecy\AppData\Roaming\Microsoft\Windows\Start Menu\Programs;C:\Users\Cecy\AppData\Roaming\Microsoft\Windows\Start Menu\Programs\Python 3.7;C:\Users\Cecy\Downloads\python-3.7.3;C:\xampp\php;C:\composer;C:\Program Files\nodejs\;C:\Users\Cecy\AppData\Roaming\Microsoft\Windows\Start Menu\Programs\Python 3.8\Scripts\;C:\Users\Cecy\AppData\Roaming\Microsoft\Windows\Start Menu\Programs\Python 3.8;C:\Users\Cecy\AppData\Roaming\Microsoft\Windows\Start Menu\Programs\Python 3.8\Scripts\virtualenv.exe;C:\Users\Cecy\AppData\Local\Packages\PythonSoftwareFoundation.Python.3.8_qbz5n2kfra8p0\LocalCache\local-packages\Python38\Scripts;'C:\\Users\\Cecy\\AppData\\Local\\Packages\\PythonSoftwareFoundation.Python.3.8_qbz5n2kfra8p0\\LocalCache\\local-packages\\Python38\\site-packages\\twilio\\rest\\api\\v2010\\account\\sip\\domain\\auth_types\\auth_calls_mapping\\__pycache__\\auth_calls_credent;C:\Program Files\Git\cmd;C:\Ruby26-x64\bin;C:\Users\Cecy\AppData\Local\Microsoft\WindowsApps;C:\Program Files\Java\jdk1.8.0_192\bin;C:\Users\Cecy\AppData\Roaming\Composer\vendor\bin;C:\Users\Cecy\AppData\Roaming\npm;C:\Users\Cecy\AppData\Local\Programs\Microsoft VS Code\bin;C:\Program Files\heroku\bin;C:\MinGW\bin;
USERNAME=Cecy
OS=Windows_NT
PROCESSOR_IDENTIFIER=Intel64 Family 6 Model 142 Stepping 10, GenuineIntel



---------------  S Y S T E M  ---------------

OS: Windows 10.0 , 64 bit Build 18362 (10.0.18362.959)

CPU:total 4 (initial active 4) (2 cores per cpu, 2 threads per core) family 6 model 142 stepping 10, cmov, cx8, fxsr, mmx, sse, sse2, sse3, ssse3, sse4.1, sse4.2, popcnt, avx, avx2, aes, clmul, erms, 3dnowpref, lzcnt, ht, tsc, tscinvbit, bmi1, bmi2, adx

Memory: 4k page, physical 8251788k(491812k free), swap 10200460k(5636k free)

vm_info: OpenJDK 64-Bit Server VM (25.212-b04) for windows-amd64 JRE (1.8.0_212-release-1586-b04), built by "builder" with MS VC++ 10.0 (VS2010)

time: Fri Aug 14 01:17:58 2020
timezone: E. Africa Standard Time
elapsed time: 2318 seconds (0d 0h 38m 38s)

