#
# There is insufficient memory for the Java Runtime Environment to continue.
# Native memory allocation (malloc) failed to allocate 893936 bytes for Chunk::new
# Possible reasons:
#   The system is out of physical RAM or swap space
#   The process is running with CompressedOops enabled, and the Java Heap may be blocking the growth of the native heap
# Possible solutions:
#   Reduce memory load on the system
#   Increase physical memory or swap space
#   Check if swap backing store is full
#   Decrease Java heap size (-Xmx/-Xms)
#   Decrease number of Java threads
#   Decrease Java thread stack sizes (-Xss)
#   Set larger code cache with -XX:ReservedCodeCacheSize=
#   JVM is running with Unscaled Compressed Oops mode in which the Java heap is
#     placed in the first 4GB address space. The Java Heap base address is the
#     maximum limit for the native heap growth. Please use -XX:HeapBaseMinAddress
#     to set the Java Heap base and to place the Java Heap above 4GB virtual address.
# This output file may be truncated or incomplete.
#
#  Out of Memory Error (allocation.cpp:389), pid=40376, tid=0x0000000000006368
#
# JRE version: OpenJDK Runtime Environment (8.0_212-b04) (build 1.8.0_212-release-1586-b04)
# Java VM: OpenJDK 64-Bit Server VM (25.212-b04 mixed mode windows-amd64 compressed oops)
# Failed to write core dump. Minidumps are not enabled by default on client versions of Windows
#

---------------  T H R E A D  ---------------

Current thread (0x0000000016419800):  JavaThread "C2 CompilerThread0" daemon [_thread_in_native, id=25448, stack(0x0000000017a80000,0x0000000017b80000)]

Stack: [0x0000000017a80000,0x0000000017b80000]
[error occurred during error reporting (printing stack bounds), id 0xc0000005]

Native frames: (J=compiled Java code, j=interpreted, Vv=VM code, C=native code)


Current CompileTask:
C2: 148940 13388       4       com.android.tools.r8.u.b.T::b (1128 bytes)


---------------  P R O C E S S  ---------------

Java Threads: ( => current thread )
  0x0000000018f57800 JavaThread "WorkerExecutor Queue" [_thread_blocked, id=16708, stack(0x0000000023b40000,0x0000000023c40000)]
  0x0000000018f55800 JavaThread "Cache worker for execution history cache (C:\Users\Cecy\StudioProjects\FinalMtenant\.gradle\5.6.4\executionHistory)" [_thread_blocked, id=26048, stack(0x0000000023840000,0x0000000023940000)]
  0x0000000018f56000 JavaThread "Execution worker for ':' Thread 3" [_thread_in_Java, id=39708, stack(0x0000000023540000,0x0000000023640000)]
  0x0000000018f54800 JavaThread "Execution worker for ':' Thread 2" [_thread_in_Java, id=27548, stack(0x000000001bba0000,0x000000001bca0000)]
  0x0000000018f54000 JavaThread "Execution worker for ':'" [_thread_in_Java, id=34360, stack(0x0000000000d00000,0x0000000000e00000)]
  0x0000000018f4c800 JavaThread "Cache worker for file content cache (C:\Users\Cecy\StudioProjects\FinalMtenant\.gradle\5.6.4\fileContent)" [_thread_blocked, id=23152, stack(0x0000000023240000,0x0000000023340000)]
  0x0000000018f53000 JavaThread "Cache worker for file content cache (C:\Users\Cecy\.gradle\caches\5.6.4\fileContent)" [_thread_blocked, id=16596, stack(0x0000000023140000,0x0000000023240000)]
  0x0000000018f52800 JavaThread "Memory manager" [_thread_blocked, id=33952, stack(0x0000000000ef0000,0x0000000000ff0000)]
  0x0000000018f4f800 JavaThread "Cache worker for Build Output Cleanup Cache (C:\Users\Cecy\StudioProjects\FinalMtenant\.gradle\buildOutputCleanup)" [_thread_blocked, id=38136, stack(0x0000000021430000,0x0000000021530000)]
  0x0000000018f51800 JavaThread "Build operations Thread 4" [_thread_blocked, id=37352, stack(0x0000000020d30000,0x0000000020e30000)]
  0x0000000018f4e800 JavaThread "Build operations Thread 3" [_thread_blocked, id=30204, stack(0x0000000020c30000,0x0000000020d30000)]
  0x0000000018f4d000 JavaThread "Build operations Thread 2" [_thread_blocked, id=40220, stack(0x0000000020b30000,0x0000000020c30000)]
  0x0000000018f51000 JavaThread "Build operations" [_thread_blocked, id=29584, stack(0x0000000020a30000,0x0000000020b30000)]
  0x0000000018f4b000 JavaThread "Cache worker for execution history cache (C:\Users\Cecy\.gradle\caches\5.6.4\executionHistory)" [_thread_blocked, id=21788, stack(0x0000000020830000,0x0000000020930000)]
  0x0000000018f4e000 JavaThread "Cache worker for cache directory md-rule (C:\Users\Cecy\.gradle\caches\5.6.4\md-rule)" [_thread_blocked, id=29100, stack(0x0000000020390000,0x0000000020490000)]
  0x0000000019503000 JavaThread "Cache worker for cache directory md-supplier (C:\Users\Cecy\.gradle\caches\5.6.4\md-supplier)" [_thread_blocked, id=17116, stack(0x0000000020290000,0x0000000020390000)]
  0x0000000019505800 JavaThread "Cache worker for file hash cache (C:\Users\Cecy\StudioProjects\FinalMtenant\.gradle\5.6.4\fileHashes)" [_thread_blocked, id=39280, stack(0x000000001e540000,0x000000001e640000)]
  0x0000000019504800 JavaThread "Cache worker for journal cache (C:\Users\Cecy\.gradle\caches\journal-1)" [_thread_blocked, id=29116, stack(0x000000001c1a0000,0x000000001c2a0000)]
  0x0000000019504000 JavaThread "File lock request listener" [_thread_in_native, id=39292, stack(0x000000001c0a0000,0x000000001c1a0000)]
  0x0000000019508800 JavaThread "Cache worker for file hash cache (C:\Users\Cecy\.gradle\caches\5.6.4\fileHashes)" [_thread_blocked, id=2960, stack(0x000000001bfa0000,0x000000001c0a0000)]
  0x0000000018db1800 JavaThread "Thread-9" [_thread_blocked, id=39048, stack(0x000000001bca0000,0x000000001bda0000)]
  0x0000000018daa800 JavaThread "Asynchronous log dispatcher for DefaultDaemonConnection: socket connection from /127.0.0.1:51157 to /127.0.0.1:51158" [_thread_blocked, id=20548, stack(0x000000001baa0000,0x000000001bba0000)]
  0x0000000018dad800 JavaThread "Daemon worker" [_thread_in_native, id=28764, stack(0x000000001b9a0000,0x000000001baa0000)]
  0x0000000018dab800 JavaThread "Cancel handler" [_thread_blocked, id=6448, stack(0x000000001b8a0000,0x000000001b9a0000)]
  0x0000000018ad9800 JavaThread "Handler for socket connection from /127.0.0.1:51157 to /127.0.0.1:51158" [_thread_in_native, id=32724, stack(0x000000001b5a0000,0x000000001b6a0000)]
  0x00000000193f4000 JavaThread "Daemon" [_thread_blocked, id=19216, stack(0x000000001b4a0000,0x000000001b5a0000)]
  0x000000001956c000 JavaThread "Daemon periodic checks" [_thread_blocked, id=30976, stack(0x000000001b3a0000,0x000000001b4a0000)]
  0x0000000017fb8000 JavaThread "Incoming local TCP Connector on port 51157" [_thread_in_native, id=8520, stack(0x000000001b160000,0x000000001b260000)]
  0x0000000018662800 JavaThread "Daemon health stats" [_thread_blocked, id=31740, stack(0x000000001ab20000,0x000000001ac20000)]
  0x0000000017db0800 JavaThread "Service Thread" daemon [_thread_blocked, id=40608, stack(0x0000000018180000,0x0000000018280000)]
  0x0000000016424000 JavaThread "C1 CompilerThread2" daemon [_thread_blocked, id=24892, stack(0x0000000017c80000,0x0000000017d80000)]
  0x0000000016421000 JavaThread "C2 CompilerThread1" daemon [_thread_in_native, id=13272, stack(0x0000000017b80000,0x0000000017c80000)]
=>0x0000000016419800 JavaThread "C2 CompilerThread0" daemon [_thread_in_native, id=25448, stack(0x0000000017a80000,0x0000000017b80000)]
  0x0000000016429000 JavaThread "Attach Listener" daemon [_thread_blocked, id=28444, stack(0x0000000017980000,0x0000000017a80000)]
  0x0000000016426000 JavaThread "Signal Dispatcher" daemon [_thread_blocked, id=38984, stack(0x0000000017880000,0x0000000017980000)]
  0x00000000029fb800 JavaThread "Finalizer" daemon [_thread_blocked, id=30856, stack(0x0000000017680000,0x0000000017780000)]
  0x0000000016409000 JavaThread "Reference Handler" daemon [_thread_blocked, id=16760, stack(0x0000000017580000,0x0000000017680000)]
  0x0000000002aae800 JavaThread "main" [_thread_blocked, id=34968, stack(0x0000000001000000,0x0000000001100000)]

Other Threads:
  0x00000000163e6800 VMThread [stack: 0x0000000017480000,0x0000000017580000] [id=6884]
  0x000000001647b000 WatcherThread [stack: 0x0000000018280000,0x0000000018380000] [id=40872]

VM state:not at safepoint (normal execution)

VM Mutex/Monitor currently owned by a thread: None

heap address: 0x00000000a0000000, size: 1536 MB, Compressed Oops mode: 32-bit
Narrow klass base: 0x0000000000000000, Narrow klass shift: 3
Compressed class space size: 1073741824 Address: 0x0000000100000000

Heap:
 PSYoungGen      total 476672K, used 445334K [0x00000000e0000000, 0x0000000100000000, 0x0000000100000000)
  eden space 441856K, 97% used [0x00000000e0000000,0x00000000fa685d80,0x00000000faf80000)
  from space 34816K, 36% used [0x00000000faf80000,0x00000000fbbdfb80,0x00000000fd180000)
  to   space 33280K, 0% used [0x00000000fdf80000,0x00000000fdf80000,0x0000000100000000)
 ParOldGen       total 162816K, used 73212K [0x00000000a0000000, 0x00000000a9f00000, 0x00000000e0000000)
  object space 162816K, 44% used [0x00000000a0000000,0x00000000a477f330,0x00000000a9f00000)
 Metaspace       used 71752K, capacity 75176K, committed 75392K, reserved 1114112K
  class space    used 9690K, capacity 10346K, committed 10368K, reserved 1048576K

Card table byte_map: [0x0000000011e70000,0x0000000012180000] byte_map_base: 0x0000000011970000

Marking Bits: (ParMarkBitMap*) 0x0000000077f79f30
 Begin Bits: [0x0000000012780000, 0x0000000013f80000)
 End Bits:   [0x0000000013f80000, 0x0000000015780000)

Polling page: 0x00000000007f0000

CodeCache: size=245760Kb used=40839Kb max_used=40871Kb free=204920Kb
 bounds [0x0000000002ab0000, 0x00000000052d0000, 0x0000000011ab0000]
 total_blobs=12155 nmethods=11342 adapters=723
 compilation: enabled

Compilation events (10 events):
Event: 148.217 Thread 0x0000000016424000 13485       2       java.util.PriorityQueue::siftDownUsingComparator (116 bytes)
Event: 148.218 Thread 0x0000000016424000 nmethod 13485 0x000000000528e7d0 code [0x000000000528e960, 0x000000000528edd8]
Event: 148.367 Thread 0x0000000016424000 13486       2       com.android.tools.r8.ir.optimize.Z::a (583 bytes)
Event: 148.374 Thread 0x0000000016424000 nmethod 13486 0x00000000052a0b50 code [0x00000000052a1100, 0x00000000052a2c18]
Event: 148.577 Thread 0x0000000016419800 nmethod 13457 0x00000000052ada50 code [0x00000000052ae6a0, 0x00000000052b5eb0]
Event: 148.585 Thread 0x0000000016419800 13397 %     4       java.util.TreeMap::getLastEntry @ 9 (26 bytes)
Event: 148.589 Thread 0x0000000016419800 nmethod 13397% 0x000000000528e510 code [0x000000000528e660, 0x000000000528e718]
Event: 148.591 Thread 0x0000000016419800 13388       4       com.android.tools.r8.u.b.T::b (1128 bytes)
Event: 148.751 Thread 0x0000000016424000 13488       2       java.util.WeakHashMap::transfer (107 bytes)
Event: 148.752 Thread 0x0000000016424000 nmethod 13488 0x00000000052ad350 code [0x00000000052ad4c0, 0x00000000052ad810]

GC Heap History (10 events):
Event: 115.282 GC heap before
{Heap before GC invocations=24 (full 3):
 PSYoungGen      total 330240K, used 311058K [0x00000000e0000000, 0x00000000f6b00000, 0x0000000100000000)
  eden space 296960K, 100% used [0x00000000e0000000,0x00000000f2200000,0x00000000f2200000)
  from space 33280K, 42% used [0x00000000f4a80000,0x00000000f5844ae0,0x00000000f6b00000)
  to   space 37376K, 0% used [0x00000000f2200000,0x00000000f2200000,0x00000000f4680000)
 ParOldGen       total 162816K, used 57875K [0x00000000a0000000, 0x00000000a9f00000, 0x00000000e0000000)
  object space 162816K, 35% used [0x00000000a0000000,0x00000000a3884e40,0x00000000a9f00000)
 Metaspace       used 71535K, capacity 74942K, committed 75136K, reserved 1114112K
  class space    used 9682K, capacity 10343K, committed 10368K, reserved 1048576K
Event: 115.383 GC heap after
Heap after GC invocations=24 (full 3):
 PSYoungGen      total 334336K, used 9715K [0x00000000e0000000, 0x00000000faf80000, 0x0000000100000000)
  eden space 296960K, 0% used [0x00000000e0000000,0x00000000e0000000,0x00000000f2200000)
  from space 37376K, 25% used [0x00000000f2200000,0x00000000f2b7ce98,0x00000000f4680000)
  to   space 36864K, 0% used [0x00000000f8b80000,0x00000000f8b80000,0x00000000faf80000)
 ParOldGen       total 162816K, used 64200K [0x00000000a0000000, 0x00000000a9f00000, 0x00000000e0000000)
  object space 162816K, 39% used [0x00000000a0000000,0x00000000a3eb22c8,0x00000000a9f00000)
 Metaspace       used 71535K, capacity 74942K, committed 75136K, reserved 1114112K
  class space    used 9682K, capacity 10343K, committed 10368K, reserved 1048576K
}
Event: 117.804 GC heap before
{Heap before GC invocations=25 (full 3):
 PSYoungGen      total 334336K, used 306675K [0x00000000e0000000, 0x00000000faf80000, 0x0000000100000000)
  eden space 296960K, 100% used [0x00000000e0000000,0x00000000f2200000,0x00000000f2200000)
  from space 37376K, 25% used [0x00000000f2200000,0x00000000f2b7ce98,0x00000000f4680000)
  to   space 36864K, 0% used [0x00000000f8b80000,0x00000000f8b80000,0x00000000faf80000)
 ParOldGen       total 162816K, used 64200K [0x00000000a0000000, 0x00000000a9f00000, 0x00000000e0000000)
  object space 162816K, 39% used [0x00000000a0000000,0x00000000a3eb22c8,0x00000000a9f00000)
 Metaspace       used 71569K, capacity 75018K, committed 75136K, reserved 1114112K
  class space    used 9683K, capacity 10343K, committed 10368K, reserved 1048576K
Event: 117.911 GC heap after
Heap after GC invocations=25 (full 3):
 PSYoungGen      total 405504K, used 8557K [0x00000000e0000000, 0x00000000faf80000, 0x0000000100000000)
  eden space 368640K, 0% used [0x00000000e0000000,0x00000000e0000000,0x00000000f6800000)
  from space 36864K, 23% used [0x00000000f8b80000,0x00000000f93db4b0,0x00000000faf80000)
  to   space 36352K, 0% used [0x00000000f6800000,0x00000000f6800000,0x00000000f8b80000)
 ParOldGen       total 162816K, used 68289K [0x00000000a0000000, 0x00000000a9f00000, 0x00000000e0000000)
  object space 162816K, 41% used [0x00000000a0000000,0x00000000a42b0668,0x00000000a9f00000)
 Metaspace       used 71569K, capacity 75018K, committed 75136K, reserved 1114112K
  class space    used 9683K, capacity 10343K, committed 10368K, reserved 1048576K
}
Event: 124.765 GC heap before
{Heap before GC invocations=26 (full 3):
 PSYoungGen      total 405504K, used 377197K [0x00000000e0000000, 0x00000000faf80000, 0x0000000100000000)
  eden space 368640K, 100% used [0x00000000e0000000,0x00000000f6800000,0x00000000f6800000)
  from space 36864K, 23% used [0x00000000f8b80000,0x00000000f93db4b0,0x00000000faf80000)
  to   space 36352K, 0% used [0x00000000f6800000,0x00000000f6800000,0x00000000f8b80000)
 ParOldGen       total 162816K, used 68289K [0x00000000a0000000, 0x00000000a9f00000, 0x00000000e0000000)
  object space 162816K, 41% used [0x00000000a0000000,0x00000000a42b0668,0x00000000a9f00000)
 Metaspace       used 71601K, capacity 75018K, committed 75136K, reserved 1114112K
  class space    used 9683K, capacity 10343K, committed 10368K, reserved 1048576K
Event: 124.792 GC heap after
Heap after GC invocations=26 (full 3):
 PSYoungGen      total 404992K, used 8447K [0x00000000e0000000, 0x00000000ffb80000, 0x0000000100000000)
  eden space 368640K, 0% used [0x00000000e0000000,0x00000000e0000000,0x00000000f6800000)
  from space 36352K, 23% used [0x00000000f6800000,0x00000000f703fe50,0x00000000f8b80000)
  to   space 35328K, 0% used [0x00000000fd900000,0x00000000fd900000,0x00000000ffb80000)
 ParOldGen       total 162816K, used 69329K [0x00000000a0000000, 0x00000000a9f00000, 0x00000000e0000000)
  object space 162816K, 42% used [0x00000000a0000000,0x00000000a43b4668,0x00000000a9f00000)
 Metaspace       used 71601K, capacity 75018K, committed 75136K, reserved 1114112K
  class space    used 9683K, capacity 10343K, committed 10368K, reserved 1048576K
}
Event: 135.213 GC heap before
{Heap before GC invocations=27 (full 3):
 PSYoungGen      total 404992K, used 377087K [0x00000000e0000000, 0x00000000ffb80000, 0x0000000100000000)
  eden space 368640K, 100% used [0x00000000e0000000,0x00000000f6800000,0x00000000f6800000)
  from space 36352K, 23% used [0x00000000f6800000,0x00000000f703fe50,0x00000000f8b80000)
  to   space 35328K, 0% used [0x00000000fd900000,0x00000000fd900000,0x00000000ffb80000)
 ParOldGen       total 162816K, used 69329K [0x00000000a0000000, 0x00000000a9f00000, 0x00000000e0000000)
  object space 162816K, 42% used [0x00000000a0000000,0x00000000a43b4668,0x00000000a9f00000)
 Metaspace       used 71653K, capacity 75030K, committed 75136K, reserved 1114112K
  class space    used 9685K, capacity 10345K, committed 10368K, reserved 1048576K
Event: 135.298 GC heap after
Heap after GC invocations=27 (full 3):
 PSYoungGen      total 468992K, used 7283K [0x00000000e0000000, 0x00000000ff380000, 0x0000000100000000)
  eden space 441856K, 0% used [0x00000000e0000000,0x00000000e0000000,0x00000000faf80000)
  from space 27136K, 26% used [0x00000000fd900000,0x00000000fe01cf40,0x00000000ff380000)
  to   space 34816K, 0% used [0x00000000faf80000,0x00000000faf80000,0x00000000fd180000)
 ParOldGen       total 162816K, used 71511K [0x00000000a0000000, 0x00000000a9f00000, 0x00000000e0000000)
  object space 162816K, 43% used [0x00000000a0000000,0x00000000a45d5c48,0x00000000a9f00000)
 Metaspace       used 71653K, capacity 75030K, committed 75136K, reserved 1114112K
  class space    used 9685K, capacity 10345K, committed 10368K, reserved 1048576K
}
Event: 143.726 GC heap before
{Heap before GC invocations=28 (full 3):
 PSYoungGen      total 468992K, used 449139K [0x00000000e0000000, 0x00000000ff380000, 0x0000000100000000)
  eden space 441856K, 100% used [0x00000000e0000000,0x00000000faf80000,0x00000000faf80000)
  from space 27136K, 26% used [0x00000000fd900000,0x00000000fe01cf40,0x00000000ff380000)
  to   space 34816K, 0% used [0x00000000faf80000,0x00000000faf80000,0x00000000fd180000)
 ParOldGen       total 162816K, used 71511K [0x00000000a0000000, 0x00000000a9f00000, 0x00000000e0000000)
  object space 162816K, 43% used [0x00000000a0000000,0x00000000a45d5c48,0x00000000a9f00000)
 Metaspace       used 71728K, capacity 75168K, committed 75392K, reserved 1114112K
  class space    used 9690K, capacity 10346K, committed 10368K, reserved 1048576K
Event: 143.797 GC heap after
Heap after GC invocations=28 (full 3):
 PSYoungGen      total 476672K, used 12670K [0x00000000e0000000, 0x0000000100000000, 0x0000000100000000)
  eden space 441856K, 0% used [0x00000000e0000000,0x00000000e0000000,0x00000000faf80000)
  from space 34816K, 36% used [0x00000000faf80000,0x00000000fbbdfb80,0x00000000fd180000)
  to   space 33280K, 0% used [0x00000000fdf80000,0x00000000fdf80000,0x0000000100000000)
 ParOldGen       total 162816K, used 73212K [0x00000000a0000000, 0x00000000a9f00000, 0x00000000e0000000)
  object space 162816K, 44% used [0x00000000a0000000,0x00000000a477f330,0x00000000a9f00000)
 Metaspace       used 71728K, capacity 75168K, committed 75392K, reserved 1114112K
  class space    used 9690K, capacity 10346K, committed 10368K, reserved 1048576K
}

Deoptimization events (10 events):
Event: 140.739 Thread 0x0000000018f56000 Uncommon trap: reason=unstable_if action=reinterpret pc=0x0000000004474eb4 method=com.android.tools.r8.graph.d0.a(C[BI)I @ 1
Event: 142.291 Thread 0x0000000018f54000 Uncommon trap: reason=unstable_if action=reinterpret pc=0x0000000003bb7e8c method=com.android.tools.r8.ir.optimize.h.c(Lcom/android/tools/r8/u/b/d0;)Z @ 245
Event: 143.425 Thread 0x0000000018f54000 Uncommon trap: reason=bimorphic action=maybe_recompile pc=0x000000000522a7ac method=com.android.tools.r8.ir.regalloc.LinearScanRegisterAllocator.i()V @ 387
Event: 143.426 Thread 0x0000000018f54000 Uncommon trap: reason=bimorphic action=maybe_recompile pc=0x000000000452618c method=com.android.tools.r8.ir.regalloc.LinearScanRegisterAllocator.i()V @ 387
Event: 145.251 Thread 0x0000000018dad800 Uncommon trap: reason=bimorphic action=maybe_recompile pc=0x0000000004ab9438 method=com.android.tools.r8.v.a.a.a.f.i.putAll(Ljava/util/Map;)V @ 3
Event: 145.693 Thread 0x0000000018f54000 Uncommon trap: reason=bimorphic action=maybe_recompile pc=0x000000000522a7ac method=com.android.tools.r8.ir.regalloc.LinearScanRegisterAllocator.i()V @ 387
Event: 145.793 Thread 0x0000000018f54000 Uncommon trap: reason=bimorphic action=maybe_recompile pc=0x000000000522a7ac method=com.android.tools.r8.ir.regalloc.LinearScanRegisterAllocator.i()V @ 387
Event: 147.408 Thread 0x0000000018f54000 Uncommon trap: reason=unstable_if action=reinterpret pc=0x0000000004516d94 method=com.android.tools.r8.u.b.d0.a(Lcom/android/tools/r8/u/b/d0;Lcom/android/tools/r8/ir/regalloc/d;)Z @ 604
Event: 147.974 Thread 0x0000000018f56000 Uncommon trap: reason=unstable_if action=reinterpret pc=0x0000000004e91af8 method=com.android.tools.r8.ir.regalloc.LinearScanRegisterAllocator.a(Lcom/android/tools/r8/ir/regalloc/LinearScanRegisterAllocator$a;Z)Lcom/android/tools/r8/ir/regalloc/LinearScan
Event: 148.307 Thread 0x0000000018f54800 Uncommon trap: reason=unstable_if action=reinterpret pc=0x0000000004879f74 method=com.android.tools.r8.ir.optimize.Z.a(Lcom/android/tools/r8/u/b/l;Lcom/android/tools/r8/ir/regalloc/d;Ljava/util/Set;Lcom/android/tools/r8/ir/optimize/C;)V @ 202

Classes redefined (0 events):
No events

Internal exceptions (10 events):
Event: 141.299 Thread 0x0000000018f56000 Exception <a 'sun/nio/fs/WindowsException'> (0x00000000f3495440) thrown at [D:\src\AOSP-openjdk-cygwin\jdk8u\hotspot\src\share\vm\prims\jni.cpp, line 710]
Event: 141.477 Thread 0x0000000018dad800 Exception <a 'sun/nio/fs/WindowsException'> (0x00000000f39dc418) thrown at [D:\src\AOSP-openjdk-cygwin\jdk8u\hotspot\src\share\vm\prims\jni.cpp, line 710]
Event: 141.734 Thread 0x0000000018f56000 Exception <a 'sun/nio/fs/WindowsException'> (0x00000000f34b45a8) thrown at [D:\src\AOSP-openjdk-cygwin\jdk8u\hotspot\src\share\vm\prims\jni.cpp, line 710]
Event: 142.123 Thread 0x0000000018dad800 Exception <a 'sun/nio/fs/WindowsException'> (0x00000000f4a5bb98) thrown at [D:\src\AOSP-openjdk-cygwin\jdk8u\hotspot\src\share\vm\prims\jni.cpp, line 710]
Event: 142.295 Thread 0x0000000018f54800 Exception <a 'sun/nio/fs/WindowsException'> (0x00000000f5edccb0) thrown at [D:\src\AOSP-openjdk-cygwin\jdk8u\hotspot\src\share\vm\prims\jni.cpp, line 710]
Event: 143.283 Thread 0x0000000018f56000 Exception <a 'sun/nio/fs/WindowsException'> (0x00000000f8c431b0) thrown at [D:\src\AOSP-openjdk-cygwin\jdk8u\hotspot\src\share\vm\prims\jni.cpp, line 710]
Event: 143.623 Thread 0x0000000018dad800 Exception <a 'sun/nio/fs/WindowsException'> (0x00000000f96f6ec0) thrown at [D:\src\AOSP-openjdk-cygwin\jdk8u\hotspot\src\share\vm\prims\jni.cpp, line 710]
Event: 144.462 Thread 0x0000000018dad800 Exception <a 'sun/nio/fs/WindowsException'> (0x00000000e00f0b60) thrown at [D:\src\AOSP-openjdk-cygwin\jdk8u\hotspot\src\share\vm\prims\jni.cpp, line 710]
Event: 145.602 Thread 0x0000000018dad800 Exception <a 'sun/nio/fs/WindowsException'> (0x00000000e9fdd9c8) thrown at [D:\src\AOSP-openjdk-cygwin\jdk8u\hotspot\src\share\vm\prims\jni.cpp, line 710]
Event: 146.457 Thread 0x0000000018dad800 Exception <a 'sun/nio/fs/WindowsException'> (0x00000000e9fff490) thrown at [D:\src\AOSP-openjdk-cygwin\jdk8u\hotspot\src\share\vm\prims\jni.cpp, line 710]

Events (10 events):
Event: 148.215 Thread 0x0000000018f54000 DEOPT UNPACKING pc=0x0000000002af75d0 sp=0x0000000000dfa5a0 mode 0
Event: 148.307 Thread 0x0000000018f54800 Uncommon trap: trap_request=0xffffff65 fr.pc=0x0000000004879f74
Event: 148.307 Thread 0x0000000018f54800 DEOPT PACKING pc=0x0000000004879f74 sp=0x000000001bc9ad70
Event: 148.307 Thread 0x0000000018f54800 DEOPT UNPACKING pc=0x0000000002af557b sp=0x000000001bc9adf8 mode 2
Event: 148.464 Thread 0x0000000018f56000 DEOPT PACKING pc=0x00000000045a4af0 sp=0x000000002363aa80
Event: 148.464 Thread 0x0000000018f56000 DEOPT UNPACKING pc=0x0000000002af75d0 sp=0x000000002363a8c8 mode 0
Event: 148.486 Thread 0x0000000018f54000 DEOPT PACKING pc=0x00000000045a4af0 sp=0x0000000000dfa680
Event: 148.486 Thread 0x0000000018f54000 DEOPT UNPACKING pc=0x0000000002af75d0 sp=0x0000000000dfa4c8 mode 0
Event: 148.824 Thread 0x0000000018f56000 DEOPT PACKING pc=0x00000000045a4af0 sp=0x000000002363aa80
Event: 148.824 Thread 0x0000000018f56000 DEOPT UNPACKING pc=0x0000000002af75d0 sp=0x000000002363a8c8 mode 0


Dynamic libraries:
0x00007ff605d60000 - 0x00007ff605d91000 	C:\Program Files\Android\Android Studio\jre\bin\java.exe
0x00007ffe02140000 - 0x00007ffe02330000 	C:\WINDOWS\SYSTEM32\ntdll.dll
0x00007ffe00620000 - 0x00007ffe006d2000 	C:\WINDOWS\System32\KERNEL32.DLL
0x00007ffdfff40000 - 0x00007ffe001e4000 	C:\WINDOWS\System32\KERNELBASE.dll
0x00007ffe014b0000 - 0x00007ffe01553000 	C:\WINDOWS\System32\ADVAPI32.dll
0x00007ffe002c0000 - 0x00007ffe0035e000 	C:\WINDOWS\System32\msvcrt.dll
0x00007ffe00890000 - 0x00007ffe00927000 	C:\WINDOWS\System32\sechost.dll
0x00007ffe00930000 - 0x00007ffe00a50000 	C:\WINDOWS\System32\RPCRT4.dll
0x00007ffe00cf0000 - 0x00007ffe00e84000 	C:\WINDOWS\System32\USER32.dll
0x00007ffdff0c0000 - 0x00007ffdff0e1000 	C:\WINDOWS\System32\win32u.dll
0x00007ffe00ab0000 - 0x00007ffe00ad6000 	C:\WINDOWS\System32\GDI32.dll
0x00007ffdffc00000 - 0x00007ffdffd96000 	C:\WINDOWS\System32\gdi32full.dll
0x00007ffdffda0000 - 0x00007ffdffe3e000 	C:\WINDOWS\System32\msvcp_win.dll
0x00007ffdff260000 - 0x00007ffdff35a000 	C:\WINDOWS\System32\ucrtbase.dll
0x00007ffde7ed0000 - 0x00007ffde8154000 	C:\WINDOWS\WinSxS\amd64_microsoft.windows.common-controls_6595b64144ccf1df_6.0.18362.959_none_e6c7bbbf130c62bb\COMCTL32.dll
0x00007ffe01d50000 - 0x00007ffe02085000 	C:\WINDOWS\System32\combase.dll
0x00007ffdffb20000 - 0x00007ffdffba0000 	C:\WINDOWS\System32\bcryptPrimitives.dll
0x00007ffe00b60000 - 0x00007ffe00b8e000 	C:\WINDOWS\System32\IMM32.DLL
0x00000000776d0000 - 0x00000000777a2000 	C:\Program Files\Android\Android Studio\jre\jre\bin\msvcr100.dll
0x00000000777b0000 - 0x0000000077ff6000 	C:\Program Files\Android\Android Studio\jre\jre\bin\server\jvm.dll
0x00007ffe01d40000 - 0x00007ffe01d48000 	C:\WINDOWS\System32\PSAPI.DLL
0x00007ffdfb8b0000 - 0x00007ffdfb8d4000 	C:\WINDOWS\SYSTEM32\WINMM.dll
0x00007ffdfb310000 - 0x00007ffdfb319000 	C:\WINDOWS\SYSTEM32\WSOCK32.dll
0x00007ffe00e90000 - 0x00007ffe00eff000 	C:\WINDOWS\System32\WS2_32.dll
0x00007ffdecd10000 - 0x00007ffdecd1a000 	C:\WINDOWS\SYSTEM32\VERSION.dll
0x00007ffdfb750000 - 0x00007ffdfb77d000 	C:\WINDOWS\SYSTEM32\WINMMBASE.dll
0x00007ffdffef0000 - 0x00007ffdfff3a000 	C:\WINDOWS\System32\cfgmgr32.dll
0x00007ffdfa720000 - 0x00007ffdfa72f000 	C:\Program Files\Android\Android Studio\jre\jre\bin\verify.dll
0x00007ffdea680000 - 0x00007ffdea6a9000 	C:\Program Files\Android\Android Studio\jre\jre\bin\java.dll
0x00007ffdf6350000 - 0x00007ffdf6366000 	C:\Program Files\Android\Android Studio\jre\jre\bin\zip.dll
0x00007ffe01650000 - 0x00007ffe01d36000 	C:\WINDOWS\System32\SHELL32.dll
0x00007ffe00570000 - 0x00007ffe00619000 	C:\WINDOWS\System32\shcore.dll
0x00007ffdff360000 - 0x00007ffdffae2000 	C:\WINDOWS\System32\windows.storage.dll
0x00007ffdff000000 - 0x00007ffdff023000 	C:\WINDOWS\System32\profapi.dll
0x00007ffdff030000 - 0x00007ffdff07a000 	C:\WINDOWS\System32\powrprof.dll
0x00007ffdfeff0000 - 0x00007ffdff000000 	C:\WINDOWS\System32\UMPDC.dll
0x00007ffe015e0000 - 0x00007ffe01632000 	C:\WINDOWS\System32\shlwapi.dll
0x00007ffdff0a0000 - 0x00007ffdff0b1000 	C:\WINDOWS\System32\kernel.appcore.dll
0x00007ffdff240000 - 0x00007ffdff257000 	C:\WINDOWS\System32\cryptsp.dll
0x00007ffdf6320000 - 0x00007ffdf633a000 	C:\Program Files\Android\Android Studio\jre\jre\bin\net.dll
0x00007ffdf77b0000 - 0x00007ffdf7986000 	C:\WINDOWS\SYSTEM32\urlmon.dll
0x00007ffdf4510000 - 0x00007ffdf47b6000 	C:\WINDOWS\SYSTEM32\iertutil.dll
0x00007ffdfe9d0000 - 0x00007ffdfe9dc000 	C:\WINDOWS\SYSTEM32\CRYPTBASE.DLL
0x00007ffdfe800000 - 0x00007ffdfe867000 	C:\WINDOWS\system32\mswsock.dll
0x00007ffded8d0000 - 0x00007ffded8e3000 	C:\Program Files\Android\Android Studio\jre\jre\bin\nio.dll
0x00007ffde4a50000 - 0x00007ffde4a76000 	C:\Users\Cecy\.gradle\native\30\windows-amd64\native-platform.dll
0x00007ffdf92a0000 - 0x00007ffdf92ad000 	C:\Program Files\Android\Android Studio\jre\jre\bin\management.dll
0x00007ffdfe370000 - 0x00007ffdfe3a3000 	C:\WINDOWS\system32\rsaenh.dll
0x00007ffdffaf0000 - 0x00007ffdffb16000 	C:\WINDOWS\System32\bcrypt.dll
0x00007ffdfef10000 - 0x00007ffdfef35000 	C:\WINDOWS\SYSTEM32\USERENV.dll
0x00007ffdfe510000 - 0x00007ffdfe54a000 	C:\WINDOWS\SYSTEM32\IPHLPAPI.DLL
0x00007ffe01640000 - 0x00007ffe01648000 	C:\WINDOWS\System32\NSI.dll
0x00007ffdf7770000 - 0x00007ffdf7786000 	C:\WINDOWS\SYSTEM32\dhcpcsvc6.DLL
0x00007ffdf81e0000 - 0x00007ffdf81fc000 	C:\WINDOWS\SYSTEM32\dhcpcsvc.DLL
0x00007ffdfe5b0000 - 0x00007ffdfe67b000 	C:\WINDOWS\SYSTEM32\DNSAPI.dll

VM Arguments:
jvm_args: -Xmx1536m -Dfile.encoding=windows-1252 -Duser.country=US -Duser.language=en -Duser.variant 
java_command: org.gradle.launcher.daemon.bootstrap.GradleDaemon 5.6.4
java_class_path (initial): C:\Users\Cecy\.gradle\wrapper\dists\gradle-5.6.4-all\ankdp27end7byghfw1q2sw75f\gradle-5.6.4\lib\gradle-launcher-5.6.4.jar
Launcher Type: SUN_STANDARD

Environment Variables:
PATH=C:\Program Files (x86)\Common Files\Oracle\Java\javapath;C:\Program Files (x86)\Intel\Intel(R) Management Engine Components\iCLS\;C:\Program Files\Intel\Intel(R) Management Engine Components\iCLS\;C:\WINDOWS\system32;C:\WINDOWS;C:\WINDOWS\System32\Wbem;C:\WINDOWS\System32\WindowsPowerShell\v1.0\;C:\WINDOWS\System32\OpenSSH\;C:\Program Files (x86)\Intel\Intel(R) Management Engine Components\DAL;C:\Program Files\Intel\Intel(R) Management Engine Components\DAL;C:\Program Files (x86)\Intel\Intel(R) Management Engine Components\IPT;C:\Program Files\Intel\Intel(R) Management Engine Components\IPT;C:\Program Files(x86)\Common Files\Oracle\Javax\mail.jar;C:\Program Files(x86)\Common Files\Oracle\Javax\activation.jar;C:\cygwin64\bin;C:\Program Files\Java\jdk1.8.0_192\bin;C:\Users\Cecy\AppData\Roaming\Microsoft\Windows\Start Menu\Programs;C:\Users\Cecy\AppData\Roaming\Microsoft\Windows\Start Menu\Programs\Python 3.7;C:\Users\Cecy\Downloads\python-3.7.3;C:\xampp\php;C:\composer;C:\Program Files\nodejs\;C:\Users\Cecy\AppData\Roaming\Microsoft\Windows\Start Menu\Programs\Python 3.8\Scripts\;C:\Users\Cecy\AppData\Roaming\Microsoft\Windows\Start Menu\Programs\Python 3.8;C:\Users\Cecy\AppData\Roaming\Microsoft\Windows\Start Menu\Programs\Python 3.8\Scripts\virtualenv.exe;C:\Users\Cecy\AppData\Local\Packages\PythonSoftwareFoundation.Python.3.8_qbz5n2kfra8p0\LocalCache\local-packages\Python38\Scripts;'C:\\Users\\Cecy\\AppData\\Local\\Packages\\PythonSoftwareFoundation.Python.3.8_qbz5n2kfra8p0\\LocalCache\\local-packages\\Python38\\site-packages\\twilio\\rest\\api\\v2010\\account\\sip\\domain\\auth_types\\auth_calls_mapping\\__pycache__\\auth_calls_credent;C:\Program Files\Git\cmd;C:\Ruby26-x64\bin;C:\Users\Cecy\AppData\Local\Microsoft\WindowsApps;C:\Program Files\Java\jdk1.8.0_192\bin;C:\Users\Cecy\AppData\Roaming\Composer\vendor\bin;C:\Users\Cecy\AppData\Roaming\npm;C:\Users\Cecy\AppData\Local\Programs\Microsoft VS Code\bin;C:\Program Files\heroku\bin;C:\MinGW\bin;
USERNAME=Cecy
OS=Windows_NT
PROCESSOR_IDENTIFIER=Intel64 Family 6 Model 142 Stepping 10, GenuineIntel



---------------  S Y S T E M  ---------------

OS: Windows 10.0 , 64 bit Build 18362 (10.0.18362.959)

CPU:total 4 (initial active 4) (2 cores per cpu, 2 threads per core) family 6 model 142 stepping 10, cmov, cx8, fxsr, mmx, sse, sse2, sse3, ssse3, sse4.1, sse4.2, popcnt, avx, avx2, aes, clmul, erms, 3dnowpref, lzcnt, ht, tsc, tscinvbit, bmi1, bmi2, adx

Memory: 4k page, physical 8251788k(636304k free), swap 10200460k(5256k free)

vm_info: OpenJDK 64-Bit Server VM (25.212-b04) for windows-amd64 JRE (1.8.0_212-release-1586-b04), built by "builder" with MS VC++ 10.0 (VS2010)

time: Thu Aug 13 11:05:52 2020
timezone: E. Africa Standard Time
elapsed time: 148 seconds (0d 0h 2m 28s)

